{"uid":"51adfed4281e364b","name":"testTranslateText","fullName":"com.chegg.web.tests.GoogleTranslateTest.testTranslateText","historyId":"94f4ab0011ca141eb95bc7b8acda0473","time":{"start":1681478200102,"stop":1681478212801,"duration":12699},"status":"broken","statusMessage":"Error {\n  message='Error: Error while parsing selector `\"region\"] [aria-live=\"polite\"]` - unexpected symbol \"\"\" at position 0\n    at syntaxError (<anonymous>:1466:11)\n    at parseAttributeSelector (<anonymous>:1615:5)\n    at Object.queryAll (<anonymous>:2809:22)\n    at InjectedScript._queryEngineAll (<anonymous>:4442:49)\n    at InjectedScript.querySelectorAll (<anonymous>:4429:30)\n    at InjectedScript.querySelector (<anonymous>:4376:25)\n    at eval (eval at evaluate (:195:30), <anonymous>:8:36)\n    at UtilityScript.evaluate (<anonymous>:197:17)\n    at UtilityScript.<anonymous> (<anonymous>:1:44)\n=========================== logs ===========================\nwaiting for locator(\"role=\\\"region\\\"] [aria-live=\\\"polite\\\"]\")\n============================================================\n  name='Error\n  stack='Error: Error: Error while parsing selector `\"region\"] [aria-live=\"polite\"]` - unexpected symbol \"\"\" at position 0\n    at syntaxError (<anonymous>:1466:11)\n    at parseAttributeSelector (<anonymous>:1615:5)\n    at Object.queryAll (<anonymous>:2809:22)\n    at InjectedScript._queryEngineAll (<anonymous>:4442:49)\n    at InjectedScript.querySelectorAll (<anonymous>:4429:30)\n    at InjectedScript.querySelector (<anonymous>:4376:25)\n    at eval (eval at evaluate (:195:30), <anonymous>:8:36)\n    at UtilityScript.evaluate (<anonymous>:197:17)\n    at UtilityScript.<anonymous> (<anonymous>:1:44)\n=========================== logs ===========================\nwaiting for locator(\"role=\\\"region\\\"] [aria-live=\\\"polite\\\"]\")\n============================================================\n    at syntaxError (<anonymous>:1466:11)\n    at parseAttributeSelector (<anonymous>:1615:5)\n    at Object.queryAll (<anonymous>:2809:22)\n    at InjectedScript._queryEngineAll (<anonymous>:4442:49)\n    at InjectedScript.querySelectorAll (<anonymous>:4429:30)\n    at InjectedScript.querySelector (<anonymous>:4376:25)\n    at eval (eval at evaluate (:195:30), <anonymous>:8:36)\n    at UtilityScript.evaluate (<anonymous>:197:17)\n    at UtilityScript.<anonymous> (<anonymous>:1:44)\n    at CRExecutionContext.evaluateWithArguments (/tmp/playwright-java-9945267412322483293/package/lib/server/chromium/crExecutionContext.js:92:33)\n    at async ScopedRace._race (/tmp/playwright-java-9945267412322483293/package/lib/utils/manualPromise.js:80:14)\n    at async evaluateExpression (/tmp/playwright-java-9945267412322483293/package/lib/server/javascript.js:218:12)\n    at async /tmp/playwright-java-9945267412322483293/package/lib/server/frames.js:1396:13\n    at async Frame.retryWithProgressAndTimeouts (/tmp/playwright-java-9945267412322483293/package/lib/server/frames.js:908:24)\n    at async ProgressController.run (/tmp/playwright-java-9945267412322483293/package/lib/server/progress.js:92:22)\n    at async FrameDispatcher.innerText (/tmp/playwright-java-9945267412322483293/package/lib/server/dispatchers/frameDispatcher.js:177:14)\n    at async DispatcherConnection.dispatch (/tmp/playwright-java-9945267412322483293/package/lib/server/dispatchers/dispatcher.js:312:22)\n}","statusTrace":"com.microsoft.playwright.PlaywrightException: Error {\n  message='Error: Error while parsing selector `\"region\"] [aria-live=\"polite\"]` - unexpected symbol \"\"\" at position 0\n    at syntaxError (<anonymous>:1466:11)\n    at parseAttributeSelector (<anonymous>:1615:5)\n    at Object.queryAll (<anonymous>:2809:22)\n    at InjectedScript._queryEngineAll (<anonymous>:4442:49)\n    at InjectedScript.querySelectorAll (<anonymous>:4429:30)\n    at InjectedScript.querySelector (<anonymous>:4376:25)\n    at eval (eval at evaluate (:195:30), <anonymous>:8:36)\n    at UtilityScript.evaluate (<anonymous>:197:17)\n    at UtilityScript.<anonymous> (<anonymous>:1:44)\n=========================== logs ===========================\nwaiting for locator(\"role=\\\"region\\\"] [aria-live=\\\"polite\\\"]\")\n============================================================\n  name='Error\n  stack='Error: Error: Error while parsing selector `\"region\"] [aria-live=\"polite\"]` - unexpected symbol \"\"\" at position 0\n    at syntaxError (<anonymous>:1466:11)\n    at parseAttributeSelector (<anonymous>:1615:5)\n    at Object.queryAll (<anonymous>:2809:22)\n    at InjectedScript._queryEngineAll (<anonymous>:4442:49)\n    at InjectedScript.querySelectorAll (<anonymous>:4429:30)\n    at InjectedScript.querySelector (<anonymous>:4376:25)\n    at eval (eval at evaluate (:195:30), <anonymous>:8:36)\n    at UtilityScript.evaluate (<anonymous>:197:17)\n    at UtilityScript.<anonymous> (<anonymous>:1:44)\n=========================== logs ===========================\nwaiting for locator(\"role=\\\"region\\\"] [aria-live=\\\"polite\\\"]\")\n============================================================\n    at syntaxError (<anonymous>:1466:11)\n    at parseAttributeSelector (<anonymous>:1615:5)\n    at Object.queryAll (<anonymous>:2809:22)\n    at InjectedScript._queryEngineAll (<anonymous>:4442:49)\n    at InjectedScript.querySelectorAll (<anonymous>:4429:30)\n    at InjectedScript.querySelector (<anonymous>:4376:25)\n    at eval (eval at evaluate (:195:30), <anonymous>:8:36)\n    at UtilityScript.evaluate (<anonymous>:197:17)\n    at UtilityScript.<anonymous> (<anonymous>:1:44)\n    at CRExecutionContext.evaluateWithArguments (/tmp/playwright-java-9945267412322483293/package/lib/server/chromium/crExecutionContext.js:92:33)\n    at async ScopedRace._race (/tmp/playwright-java-9945267412322483293/package/lib/utils/manualPromise.js:80:14)\n    at async evaluateExpression (/tmp/playwright-java-9945267412322483293/package/lib/server/javascript.js:218:12)\n    at async /tmp/playwright-java-9945267412322483293/package/lib/server/frames.js:1396:13\n    at async Frame.retryWithProgressAndTimeouts (/tmp/playwright-java-9945267412322483293/package/lib/server/frames.js:908:24)\n    at async ProgressController.run (/tmp/playwright-java-9945267412322483293/package/lib/server/progress.js:92:22)\n    at async FrameDispatcher.innerText (/tmp/playwright-java-9945267412322483293/package/lib/server/dispatchers/frameDispatcher.js:177:14)\n    at async DispatcherConnection.dispatch (/tmp/playwright-java-9945267412322483293/package/lib/server/dispatchers/dispatcher.js:312:22)\n}\n\tat com.microsoft.playwright.impl.WaitableResult.get(WaitableResult.java:54)\n\tat com.microsoft.playwright.impl.ChannelOwner.runUntil(ChannelOwner.java:111)\n\tat com.microsoft.playwright.impl.Connection.sendMessage(Connection.java:126)\n\tat com.microsoft.playwright.impl.ChannelOwner.sendMessage(ChannelOwner.java:102)\n\tat com.microsoft.playwright.impl.FrameImpl.innerTextImpl(FrameImpl.java:526)\n\tat com.microsoft.playwright.impl.FrameImpl.lambda$innerText$22(FrameImpl.java:517)\n\tat com.microsoft.playwright.impl.LoggingSupport.withLogging(LoggingSupport.java:47)\n\tat com.microsoft.playwright.impl.ChannelOwner.withLogging(ChannelOwner.java:87)\n\tat com.microsoft.playwright.impl.FrameImpl.innerText(FrameImpl.java:517)\n\tat com.microsoft.playwright.impl.LocatorImpl.innerText(LocatorImpl.java:318)\n\tat com.microsoft.playwright.Locator.innerText(Locator.java:3486)\n\tat com.chegg.web.core.BasePage.getInnerTextBy(BasePage.java:35)\n\tat com.chegg.web.pages.TranslateTextsPage.translationResult(TranslateTextsPage.java:43)\n\tat com.chegg.web.tests.GoogleTranslateTest.lambda$testTranslateText$6(GoogleTranslateTest.java:59)\n\tat io.qameta.allure.Allure.lambda$step$0(Allure.java:113)\n\tat io.qameta.allure.Allure.lambda$step$1(Allure.java:127)\n\tat io.qameta.allure.Allure.step(Allure.java:181)\n\tat io.qameta.allure.Allure.step(Allure.java:125)\n\tat io.qameta.allure.Allure.step(Allure.java:112)\n\tat com.chegg.web.tests.GoogleTranslateTest.lambda$testTranslateText$7(GoogleTranslateTest.java:58)\n\tat io.qameta.allure.Allure.lambda$step$0(Allure.java:113)\n\tat io.qameta.allure.Allure.lambda$step$1(Allure.java:127)\n\tat io.qameta.allure.Allure.step(Allure.java:181)\n\tat io.qameta.allure.Allure.step(Allure.java:125)\n\tat io.qameta.allure.Allure.step(Allure.java:112)\n\tat com.chegg.web.tests.GoogleTranslateTest.testTranslateText(GoogleTranslateTest.java:36)\n\tat java.base/jdk.internal.reflect.NativeMethodAccessorImpl.invoke0(Native Method)\n\tat java.base/jdk.internal.reflect.NativeMethodAccessorImpl.invoke(NativeMethodAccessorImpl.java:77)\n\tat java.base/jdk.internal.reflect.DelegatingMethodAccessorImpl.invoke(DelegatingMethodAccessorImpl.java:43)\n\tat java.base/java.lang.reflect.Method.invoke(Method.java:568)\n\tat org.testng.internal.MethodInvocationHelper.invokeMethod(MethodInvocationHelper.java:124)\n\tat org.testng.internal.Invoker.invokeMethod(Invoker.java:583)\n\tat org.testng.internal.Invoker.invokeTestMethod(Invoker.java:719)\n\tat org.testng.internal.Invoker.invokeTestMethods(Invoker.java:989)\n\tat org.testng.internal.TestMethodWorker.invokeTestMethods(TestMethodWorker.java:125)\n\tat org.testng.internal.TestMethodWorker.run(TestMethodWorker.java:109)\n\tat org.testng.TestRunner.privateRun(TestRunner.java:648)\n\tat org.testng.TestRunner.run(TestRunner.java:505)\n\tat org.testng.SuiteRunner.runTest(SuiteRunner.java:455)\n\tat org.testng.SuiteRunner.runSequentially(SuiteRunner.java:450)\n\tat org.testng.SuiteRunner.privateRun(SuiteRunner.java:415)\n\tat org.testng.SuiteRunner.run(SuiteRunner.java:364)\n\tat org.testng.SuiteRunnerWorker.runSuite(SuiteRunnerWorker.java:52)\n\tat org.testng.SuiteRunnerWorker.run(SuiteRunnerWorker.java:84)\n\tat org.testng.TestNG.runSuitesSequentially(TestNG.java:1208)\n\tat org.testng.TestNG.runSuitesLocally(TestNG.java:1137)\n\tat org.testng.TestNG.runSuites(TestNG.java:1049)\n\tat org.testng.TestNG.run(TestNG.java:1017)\n\tat org.apache.maven.surefire.testng.TestNGExecutor.run(TestNGExecutor.java:155)\n\tat org.apache.maven.surefire.testng.TestNGDirectoryTestSuite.executeMulti(TestNGDirectoryTestSuite.java:169)\n\tat org.apache.maven.surefire.testng.TestNGDirectoryTestSuite.execute(TestNGDirectoryTestSuite.java:88)\n\tat org.apache.maven.surefire.testng.TestNGProvider.invoke(TestNGProvider.java:137)\n\tat org.apache.maven.surefire.booter.ForkedBooter.runSuitesInProcess(ForkedBooter.java:385)\n\tat org.apache.maven.surefire.booter.ForkedBooter.execute(ForkedBooter.java:162)\n\tat org.apache.maven.surefire.booter.ForkedBooter.run(ForkedBooter.java:507)\n\tat org.apache.maven.surefire.booter.ForkedBooter.main(ForkedBooter.java:495)\nCaused by: com.microsoft.playwright.impl.DriverException: Error {\n  message='Error: Error while parsing selector `\"region\"] [aria-live=\"polite\"]` - unexpected symbol \"\"\" at position 0\n    at syntaxError (<anonymous>:1466:11)\n    at parseAttributeSelector (<anonymous>:1615:5)\n    at Object.queryAll (<anonymous>:2809:22)\n    at InjectedScript._queryEngineAll (<anonymous>:4442:49)\n    at InjectedScript.querySelectorAll (<anonymous>:4429:30)\n    at InjectedScript.querySelector (<anonymous>:4376:25)\n    at eval (eval at evaluate (:195:30), <anonymous>:8:36)\n    at UtilityScript.evaluate (<anonymous>:197:17)\n    at UtilityScript.<anonymous> (<anonymous>:1:44)\n=========================== logs ===========================\nwaiting for locator(\"role=\\\"region\\\"] [aria-live=\\\"polite\\\"]\")\n============================================================\n  name='Error\n  stack='Error: Error: Error while parsing selector `\"region\"] [aria-live=\"polite\"]` - unexpected symbol \"\"\" at position 0\n    at syntaxError (<anonymous>:1466:11)\n    at parseAttributeSelector (<anonymous>:1615:5)\n    at Object.queryAll (<anonymous>:2809:22)\n    at InjectedScript._queryEngineAll (<anonymous>:4442:49)\n    at InjectedScript.querySelectorAll (<anonymous>:4429:30)\n    at InjectedScript.querySelector (<anonymous>:4376:25)\n    at eval (eval at evaluate (:195:30), <anonymous>:8:36)\n    at UtilityScript.evaluate (<anonymous>:197:17)\n    at UtilityScript.<anonymous> (<anonymous>:1:44)\n=========================== logs ===========================\nwaiting for locator(\"role=\\\"region\\\"] [aria-live=\\\"polite\\\"]\")\n============================================================\n    at syntaxError (<anonymous>:1466:11)\n    at parseAttributeSelector (<anonymous>:1615:5)\n    at Object.queryAll (<anonymous>:2809:22)\n    at InjectedScript._queryEngineAll (<anonymous>:4442:49)\n    at InjectedScript.querySelectorAll (<anonymous>:4429:30)\n    at InjectedScript.querySelector (<anonymous>:4376:25)\n    at eval (eval at evaluate (:195:30), <anonymous>:8:36)\n    at UtilityScript.evaluate (<anonymous>:197:17)\n    at UtilityScript.<anonymous> (<anonymous>:1:44)\n    at CRExecutionContext.evaluateWithArguments (/tmp/playwright-java-9945267412322483293/package/lib/server/chromium/crExecutionContext.js:92:33)\n    at async ScopedRace._race (/tmp/playwright-java-9945267412322483293/package/lib/utils/manualPromise.js:80:14)\n    at async evaluateExpression (/tmp/playwright-java-9945267412322483293/package/lib/server/javascript.js:218:12)\n    at async /tmp/playwright-java-9945267412322483293/package/lib/server/frames.js:1396:13\n    at async Frame.retryWithProgressAndTimeouts (/tmp/playwright-java-9945267412322483293/package/lib/server/frames.js:908:24)\n    at async ProgressController.run (/tmp/playwright-java-9945267412322483293/package/lib/server/progress.js:92:22)\n    at async FrameDispatcher.innerText (/tmp/playwright-java-9945267412322483293/package/lib/server/dispatchers/frameDispatcher.js:177:14)\n    at async DispatcherConnection.dispatch (/tmp/playwright-java-9945267412322483293/package/lib/server/dispatchers/dispatcher.js:312:22)\n}\n\tat com.microsoft.playwright.impl.Connection.dispatch(Connection.java:226)\n\tat com.microsoft.playwright.impl.Connection.processOneMessage(Connection.java:206)\n\tat com.microsoft.playwright.impl.ChannelOwner.runUntil(ChannelOwner.java:109)\n\t... 54 more\n","flaky":true,"newFailed":false,"newBroken":true,"newPassed":false,"retriesCount":0,"retriesStatusChange":false,"beforeStages":[{"name":"setUp","time":{"start":1681478199715,"stop":1681478200099,"duration":384},"description":"","status":"passed","steps":[],"attachments":[],"parameters":[],"stepsCount":0,"attachmentsCount":0,"shouldDisplayMessage":false,"hasContent":false}],"testStage":{"status":"broken","statusMessage":"Error {\n  message='Error: Error while parsing selector `\"region\"] [aria-live=\"polite\"]` - unexpected symbol \"\"\" at position 0\n    at syntaxError (<anonymous>:1466:11)\n    at parseAttributeSelector (<anonymous>:1615:5)\n    at Object.queryAll (<anonymous>:2809:22)\n    at InjectedScript._queryEngineAll (<anonymous>:4442:49)\n    at InjectedScript.querySelectorAll (<anonymous>:4429:30)\n    at InjectedScript.querySelector (<anonymous>:4376:25)\n    at eval (eval at evaluate (:195:30), <anonymous>:8:36)\n    at UtilityScript.evaluate (<anonymous>:197:17)\n    at UtilityScript.<anonymous> (<anonymous>:1:44)\n=========================== logs ===========================\nwaiting for locator(\"role=\\\"region\\\"] [aria-live=\\\"polite\\\"]\")\n============================================================\n  name='Error\n  stack='Error: Error: Error while parsing selector `\"region\"] [aria-live=\"polite\"]` - unexpected symbol \"\"\" at position 0\n    at syntaxError (<anonymous>:1466:11)\n    at parseAttributeSelector (<anonymous>:1615:5)\n    at Object.queryAll (<anonymous>:2809:22)\n    at InjectedScript._queryEngineAll (<anonymous>:4442:49)\n    at InjectedScript.querySelectorAll (<anonymous>:4429:30)\n    at InjectedScript.querySelector (<anonymous>:4376:25)\n    at eval (eval at evaluate (:195:30), <anonymous>:8:36)\n    at UtilityScript.evaluate (<anonymous>:197:17)\n    at UtilityScript.<anonymous> (<anonymous>:1:44)\n=========================== logs ===========================\nwaiting for locator(\"role=\\\"region\\\"] [aria-live=\\\"polite\\\"]\")\n============================================================\n    at syntaxError (<anonymous>:1466:11)\n    at parseAttributeSelector (<anonymous>:1615:5)\n    at Object.queryAll (<anonymous>:2809:22)\n    at InjectedScript._queryEngineAll (<anonymous>:4442:49)\n    at InjectedScript.querySelectorAll (<anonymous>:4429:30)\n    at InjectedScript.querySelector (<anonymous>:4376:25)\n    at eval (eval at evaluate (:195:30), <anonymous>:8:36)\n    at UtilityScript.evaluate (<anonymous>:197:17)\n    at UtilityScript.<anonymous> (<anonymous>:1:44)\n    at CRExecutionContext.evaluateWithArguments (/tmp/playwright-java-9945267412322483293/package/lib/server/chromium/crExecutionContext.js:92:33)\n    at async ScopedRace._race (/tmp/playwright-java-9945267412322483293/package/lib/utils/manualPromise.js:80:14)\n    at async evaluateExpression (/tmp/playwright-java-9945267412322483293/package/lib/server/javascript.js:218:12)\n    at async /tmp/playwright-java-9945267412322483293/package/lib/server/frames.js:1396:13\n    at async Frame.retryWithProgressAndTimeouts (/tmp/playwright-java-9945267412322483293/package/lib/server/frames.js:908:24)\n    at async ProgressController.run (/tmp/playwright-java-9945267412322483293/package/lib/server/progress.js:92:22)\n    at async FrameDispatcher.innerText (/tmp/playwright-java-9945267412322483293/package/lib/server/dispatchers/frameDispatcher.js:177:14)\n    at async DispatcherConnection.dispatch (/tmp/playwright-java-9945267412322483293/package/lib/server/dispatchers/dispatcher.js:312:22)\n}","statusTrace":"com.microsoft.playwright.PlaywrightException: Error {\n  message='Error: Error while parsing selector `\"region\"] [aria-live=\"polite\"]` - unexpected symbol \"\"\" at position 0\n    at syntaxError (<anonymous>:1466:11)\n    at parseAttributeSelector (<anonymous>:1615:5)\n    at Object.queryAll (<anonymous>:2809:22)\n    at InjectedScript._queryEngineAll (<anonymous>:4442:49)\n    at InjectedScript.querySelectorAll (<anonymous>:4429:30)\n    at InjectedScript.querySelector (<anonymous>:4376:25)\n    at eval (eval at evaluate (:195:30), <anonymous>:8:36)\n    at UtilityScript.evaluate (<anonymous>:197:17)\n    at UtilityScript.<anonymous> (<anonymous>:1:44)\n=========================== logs ===========================\nwaiting for locator(\"role=\\\"region\\\"] [aria-live=\\\"polite\\\"]\")\n============================================================\n  name='Error\n  stack='Error: Error: Error while parsing selector `\"region\"] [aria-live=\"polite\"]` - unexpected symbol \"\"\" at position 0\n    at syntaxError (<anonymous>:1466:11)\n    at parseAttributeSelector (<anonymous>:1615:5)\n    at Object.queryAll (<anonymous>:2809:22)\n    at InjectedScript._queryEngineAll (<anonymous>:4442:49)\n    at InjectedScript.querySelectorAll (<anonymous>:4429:30)\n    at InjectedScript.querySelector (<anonymous>:4376:25)\n    at eval (eval at evaluate (:195:30), <anonymous>:8:36)\n    at UtilityScript.evaluate (<anonymous>:197:17)\n    at UtilityScript.<anonymous> (<anonymous>:1:44)\n=========================== logs ===========================\nwaiting for locator(\"role=\\\"region\\\"] [aria-live=\\\"polite\\\"]\")\n============================================================\n    at syntaxError (<anonymous>:1466:11)\n    at parseAttributeSelector (<anonymous>:1615:5)\n    at Object.queryAll (<anonymous>:2809:22)\n    at InjectedScript._queryEngineAll (<anonymous>:4442:49)\n    at InjectedScript.querySelectorAll (<anonymous>:4429:30)\n    at InjectedScript.querySelector (<anonymous>:4376:25)\n    at eval (eval at evaluate (:195:30), <anonymous>:8:36)\n    at UtilityScript.evaluate (<anonymous>:197:17)\n    at UtilityScript.<anonymous> (<anonymous>:1:44)\n    at CRExecutionContext.evaluateWithArguments (/tmp/playwright-java-9945267412322483293/package/lib/server/chromium/crExecutionContext.js:92:33)\n    at async ScopedRace._race (/tmp/playwright-java-9945267412322483293/package/lib/utils/manualPromise.js:80:14)\n    at async evaluateExpression (/tmp/playwright-java-9945267412322483293/package/lib/server/javascript.js:218:12)\n    at async /tmp/playwright-java-9945267412322483293/package/lib/server/frames.js:1396:13\n    at async Frame.retryWithProgressAndTimeouts (/tmp/playwright-java-9945267412322483293/package/lib/server/frames.js:908:24)\n    at async ProgressController.run (/tmp/playwright-java-9945267412322483293/package/lib/server/progress.js:92:22)\n    at async FrameDispatcher.innerText (/tmp/playwright-java-9945267412322483293/package/lib/server/dispatchers/frameDispatcher.js:177:14)\n    at async DispatcherConnection.dispatch (/tmp/playwright-java-9945267412322483293/package/lib/server/dispatchers/dispatcher.js:312:22)\n}\n\tat com.microsoft.playwright.impl.WaitableResult.get(WaitableResult.java:54)\n\tat com.microsoft.playwright.impl.ChannelOwner.runUntil(ChannelOwner.java:111)\n\tat com.microsoft.playwright.impl.Connection.sendMessage(Connection.java:126)\n\tat com.microsoft.playwright.impl.ChannelOwner.sendMessage(ChannelOwner.java:102)\n\tat com.microsoft.playwright.impl.FrameImpl.innerTextImpl(FrameImpl.java:526)\n\tat com.microsoft.playwright.impl.FrameImpl.lambda$innerText$22(FrameImpl.java:517)\n\tat com.microsoft.playwright.impl.LoggingSupport.withLogging(LoggingSupport.java:47)\n\tat com.microsoft.playwright.impl.ChannelOwner.withLogging(ChannelOwner.java:87)\n\tat com.microsoft.playwright.impl.FrameImpl.innerText(FrameImpl.java:517)\n\tat com.microsoft.playwright.impl.LocatorImpl.innerText(LocatorImpl.java:318)\n\tat com.microsoft.playwright.Locator.innerText(Locator.java:3486)\n\tat com.chegg.web.core.BasePage.getInnerTextBy(BasePage.java:35)\n\tat com.chegg.web.pages.TranslateTextsPage.translationResult(TranslateTextsPage.java:43)\n\tat com.chegg.web.tests.GoogleTranslateTest.lambda$testTranslateText$6(GoogleTranslateTest.java:59)\n\tat io.qameta.allure.Allure.lambda$step$0(Allure.java:113)\n\tat io.qameta.allure.Allure.lambda$step$1(Allure.java:127)\n\tat io.qameta.allure.Allure.step(Allure.java:181)\n\tat io.qameta.allure.Allure.step(Allure.java:125)\n\tat io.qameta.allure.Allure.step(Allure.java:112)\n\tat com.chegg.web.tests.GoogleTranslateTest.lambda$testTranslateText$7(GoogleTranslateTest.java:58)\n\tat io.qameta.allure.Allure.lambda$step$0(Allure.java:113)\n\tat io.qameta.allure.Allure.lambda$step$1(Allure.java:127)\n\tat io.qameta.allure.Allure.step(Allure.java:181)\n\tat io.qameta.allure.Allure.step(Allure.java:125)\n\tat io.qameta.allure.Allure.step(Allure.java:112)\n\tat com.chegg.web.tests.GoogleTranslateTest.testTranslateText(GoogleTranslateTest.java:36)\n\tat java.base/jdk.internal.reflect.NativeMethodAccessorImpl.invoke0(Native Method)\n\tat java.base/jdk.internal.reflect.NativeMethodAccessorImpl.invoke(NativeMethodAccessorImpl.java:77)\n\tat java.base/jdk.internal.reflect.DelegatingMethodAccessorImpl.invoke(DelegatingMethodAccessorImpl.java:43)\n\tat java.base/java.lang.reflect.Method.invoke(Method.java:568)\n\tat org.testng.internal.MethodInvocationHelper.invokeMethod(MethodInvocationHelper.java:124)\n\tat org.testng.internal.Invoker.invokeMethod(Invoker.java:583)\n\tat org.testng.internal.Invoker.invokeTestMethod(Invoker.java:719)\n\tat org.testng.internal.Invoker.invokeTestMethods(Invoker.java:989)\n\tat org.testng.internal.TestMethodWorker.invokeTestMethods(TestMethodWorker.java:125)\n\tat org.testng.internal.TestMethodWorker.run(TestMethodWorker.java:109)\n\tat org.testng.TestRunner.privateRun(TestRunner.java:648)\n\tat org.testng.TestRunner.run(TestRunner.java:505)\n\tat org.testng.SuiteRunner.runTest(SuiteRunner.java:455)\n\tat org.testng.SuiteRunner.runSequentially(SuiteRunner.java:450)\n\tat org.testng.SuiteRunner.privateRun(SuiteRunner.java:415)\n\tat org.testng.SuiteRunner.run(SuiteRunner.java:364)\n\tat org.testng.SuiteRunnerWorker.runSuite(SuiteRunnerWorker.java:52)\n\tat org.testng.SuiteRunnerWorker.run(SuiteRunnerWorker.java:84)\n\tat org.testng.TestNG.runSuitesSequentially(TestNG.java:1208)\n\tat org.testng.TestNG.runSuitesLocally(TestNG.java:1137)\n\tat org.testng.TestNG.runSuites(TestNG.java:1049)\n\tat org.testng.TestNG.run(TestNG.java:1017)\n\tat org.apache.maven.surefire.testng.TestNGExecutor.run(TestNGExecutor.java:155)\n\tat org.apache.maven.surefire.testng.TestNGDirectoryTestSuite.executeMulti(TestNGDirectoryTestSuite.java:169)\n\tat org.apache.maven.surefire.testng.TestNGDirectoryTestSuite.execute(TestNGDirectoryTestSuite.java:88)\n\tat org.apache.maven.surefire.testng.TestNGProvider.invoke(TestNGProvider.java:137)\n\tat org.apache.maven.surefire.booter.ForkedBooter.runSuitesInProcess(ForkedBooter.java:385)\n\tat org.apache.maven.surefire.booter.ForkedBooter.execute(ForkedBooter.java:162)\n\tat org.apache.maven.surefire.booter.ForkedBooter.run(ForkedBooter.java:507)\n\tat org.apache.maven.surefire.booter.ForkedBooter.main(ForkedBooter.java:495)\nCaused by: com.microsoft.playwright.impl.DriverException: Error {\n  message='Error: Error while parsing selector `\"region\"] [aria-live=\"polite\"]` - unexpected symbol \"\"\" at position 0\n    at syntaxError (<anonymous>:1466:11)\n    at parseAttributeSelector (<anonymous>:1615:5)\n    at Object.queryAll (<anonymous>:2809:22)\n    at InjectedScript._queryEngineAll (<anonymous>:4442:49)\n    at InjectedScript.querySelectorAll (<anonymous>:4429:30)\n    at InjectedScript.querySelector (<anonymous>:4376:25)\n    at eval (eval at evaluate (:195:30), <anonymous>:8:36)\n    at UtilityScript.evaluate (<anonymous>:197:17)\n    at UtilityScript.<anonymous> (<anonymous>:1:44)\n=========================== logs ===========================\nwaiting for locator(\"role=\\\"region\\\"] [aria-live=\\\"polite\\\"]\")\n============================================================\n  name='Error\n  stack='Error: Error: Error while parsing selector `\"region\"] [aria-live=\"polite\"]` - unexpected symbol \"\"\" at position 0\n    at syntaxError (<anonymous>:1466:11)\n    at parseAttributeSelector (<anonymous>:1615:5)\n    at Object.queryAll (<anonymous>:2809:22)\n    at InjectedScript._queryEngineAll (<anonymous>:4442:49)\n    at InjectedScript.querySelectorAll (<anonymous>:4429:30)\n    at InjectedScript.querySelector (<anonymous>:4376:25)\n    at eval (eval at evaluate (:195:30), <anonymous>:8:36)\n    at UtilityScript.evaluate (<anonymous>:197:17)\n    at UtilityScript.<anonymous> (<anonymous>:1:44)\n=========================== logs ===========================\nwaiting for locator(\"role=\\\"region\\\"] [aria-live=\\\"polite\\\"]\")\n============================================================\n    at syntaxError (<anonymous>:1466:11)\n    at parseAttributeSelector (<anonymous>:1615:5)\n    at Object.queryAll (<anonymous>:2809:22)\n    at InjectedScript._queryEngineAll (<anonymous>:4442:49)\n    at InjectedScript.querySelectorAll (<anonymous>:4429:30)\n    at InjectedScript.querySelector (<anonymous>:4376:25)\n    at eval (eval at evaluate (:195:30), <anonymous>:8:36)\n    at UtilityScript.evaluate (<anonymous>:197:17)\n    at UtilityScript.<anonymous> (<anonymous>:1:44)\n    at CRExecutionContext.evaluateWithArguments (/tmp/playwright-java-9945267412322483293/package/lib/server/chromium/crExecutionContext.js:92:33)\n    at async ScopedRace._race (/tmp/playwright-java-9945267412322483293/package/lib/utils/manualPromise.js:80:14)\n    at async evaluateExpression (/tmp/playwright-java-9945267412322483293/package/lib/server/javascript.js:218:12)\n    at async /tmp/playwright-java-9945267412322483293/package/lib/server/frames.js:1396:13\n    at async Frame.retryWithProgressAndTimeouts (/tmp/playwright-java-9945267412322483293/package/lib/server/frames.js:908:24)\n    at async ProgressController.run (/tmp/playwright-java-9945267412322483293/package/lib/server/progress.js:92:22)\n    at async FrameDispatcher.innerText (/tmp/playwright-java-9945267412322483293/package/lib/server/dispatchers/frameDispatcher.js:177:14)\n    at async DispatcherConnection.dispatch (/tmp/playwright-java-9945267412322483293/package/lib/server/dispatchers/dispatcher.js:312:22)\n}\n\tat com.microsoft.playwright.impl.Connection.dispatch(Connection.java:226)\n\tat com.microsoft.playwright.impl.Connection.processOneMessage(Connection.java:206)\n\tat com.microsoft.playwright.impl.ChannelOwner.runUntil(ChannelOwner.java:109)\n\t... 54 more\n","steps":[{"name":"Navigate to https://translate.google.com","time":{"start":1681478200104,"stop":1681478201742,"duration":1638},"status":"passed","steps":[],"attachments":[],"parameters":[],"stepsCount":0,"attachmentsCount":0,"shouldDisplayMessage":false,"hasContent":false},{"name":"Init translate text","time":{"start":1681478201742,"stop":1681478212800,"duration":11058},"status":"broken","statusMessage":"Error {\n  message='Error: Error while parsing selector `\"region\"] [aria-live=\"polite\"]` - unexpected symbol \"\"\" at position 0\n    at syntaxError (<anonymous>:1466:11)\n    at parseAttributeSelector (<anonymous>:1615:5)\n    at Object.queryAll (<anonymous>:2809:22)\n    at InjectedScript._queryEngineAll (<anonymous>:4442:49)\n    at InjectedScript.querySelectorAll (<anonymous>:4429:30)\n    at InjectedScript.querySelector (<anonymous>:4376:25)\n    at eval (eval at evaluate (:195:30), <anonymous>:8:36)\n    at UtilityScript.evaluate (<anonymous>:197:17)\n    at UtilityScript.<anonymous> (<anonymous>:1:44)\n=========================== logs ===========================\nwaiting for locator(\"role=\\\"region\\\"] [aria-live=\\\"polite\\\"]\")\n============================================================\n  name='Error\n  stack='Error: Error: Error while parsing selector `\"region\"] [aria-live=\"polite\"]` - unexpected symbol \"\"\" at position 0\n    at syntaxError (<anonymous>:1466:11)\n    at parseAttributeSelector (<anonymous>:1615:5)\n    at Object.queryAll (<anonymous>:2809:22)\n    at InjectedScript._queryEngineAll (<anonymous>:4442:49)\n    at InjectedScript.querySelectorAll (<anonymous>:4429:30)\n    at InjectedScript.querySelector (<anonymous>:4376:25)\n    at eval (eval at evaluate (:195:30), <anonymous>:8:36)\n    at UtilityScript.evaluate (<anonymous>:197:17)\n    at UtilityScript.<anonymous> (<anonymous>:1:44)\n=========================== logs ===========================\nwaiting for locator(\"role=\\\"region\\\"] [aria-live=\\\"polite\\\"]\")\n============================================================\n    at syntaxError (<anonymous>:1466:11)\n    at parseAttributeSelector (<anonymous>:1615:5)\n    at Object.queryAll (<anonymous>:2809:22)\n    at InjectedScript._queryEngineAll (<anonymous>:4442:49)\n    at InjectedScript.querySelectorAll (<anonymous>:4429:30)\n    at InjectedScript.querySelector (<anonymous>:4376:25)\n    at eval (eval at evaluate (:195:30), <anonymous>:8:36)\n    at UtilityScript.evaluate (<anonymous>:197:17)\n    at UtilityScript.<anonymous> (<anonymous>:1:44)\n    at CRExecutionContext.evaluateWithArguments (/tmp/playwright-java-9945267412322483293/package/lib/server/chromium/crExecutionContext.js:92:33)\n    at async ScopedRace._race (/tmp/playwright-java-9945267412322483293/package/lib/utils/manualPromise.js:80:14)\n    at async evaluateExpression (/tmp/playwright-java-9945267412322483293/package/lib/server/javascript.js:218:12)\n    at async /tmp/playwright-java-9945267412322483293/package/lib/server/frames.js:1396:13\n    at async Frame.retryWithProgressAndTimeouts (/tmp/playwright-java-9945267412322483293/package/lib/server/frames.js:908:24)\n    at async ProgressController.run (/tmp/playwright-java-9945267412322483293/package/lib/server/progress.js:92:22)\n    at async FrameDispatcher.innerText (/tmp/playwright-java-9945267412322483293/package/lib/server/dispatchers/frameDispatcher.js:177:14)\n    at async DispatcherConnection.dispatch (/tmp/playwright-java-9945267412322483293/package/lib/server/dispatchers/dispatcher.js:312:22)\n}","statusTrace":"com.microsoft.playwright.PlaywrightException: Error {\n  message='Error: Error while parsing selector `\"region\"] [aria-live=\"polite\"]` - unexpected symbol \"\"\" at position 0\n    at syntaxError (<anonymous>:1466:11)\n    at parseAttributeSelector (<anonymous>:1615:5)\n    at Object.queryAll (<anonymous>:2809:22)\n    at InjectedScript._queryEngineAll (<anonymous>:4442:49)\n    at InjectedScript.querySelectorAll (<anonymous>:4429:30)\n    at InjectedScript.querySelector (<anonymous>:4376:25)\n    at eval (eval at evaluate (:195:30), <anonymous>:8:36)\n    at UtilityScript.evaluate (<anonymous>:197:17)\n    at UtilityScript.<anonymous> (<anonymous>:1:44)\n=========================== logs ===========================\nwaiting for locator(\"role=\\\"region\\\"] [aria-live=\\\"polite\\\"]\")\n============================================================\n  name='Error\n  stack='Error: Error: Error while parsing selector `\"region\"] [aria-live=\"polite\"]` - unexpected symbol \"\"\" at position 0\n    at syntaxError (<anonymous>:1466:11)\n    at parseAttributeSelector (<anonymous>:1615:5)\n    at Object.queryAll (<anonymous>:2809:22)\n    at InjectedScript._queryEngineAll (<anonymous>:4442:49)\n    at InjectedScript.querySelectorAll (<anonymous>:4429:30)\n    at InjectedScript.querySelector (<anonymous>:4376:25)\n    at eval (eval at evaluate (:195:30), <anonymous>:8:36)\n    at UtilityScript.evaluate (<anonymous>:197:17)\n    at UtilityScript.<anonymous> (<anonymous>:1:44)\n=========================== logs ===========================\nwaiting for locator(\"role=\\\"region\\\"] [aria-live=\\\"polite\\\"]\")\n============================================================\n    at syntaxError (<anonymous>:1466:11)\n    at parseAttributeSelector (<anonymous>:1615:5)\n    at Object.queryAll (<anonymous>:2809:22)\n    at InjectedScript._queryEngineAll (<anonymous>:4442:49)\n    at InjectedScript.querySelectorAll (<anonymous>:4429:30)\n    at InjectedScript.querySelector (<anonymous>:4376:25)\n    at eval (eval at evaluate (:195:30), <anonymous>:8:36)\n    at UtilityScript.evaluate (<anonymous>:197:17)\n    at UtilityScript.<anonymous> (<anonymous>:1:44)\n    at CRExecutionContext.evaluateWithArguments (/tmp/playwright-java-9945267412322483293/package/lib/server/chromium/crExecutionContext.js:92:33)\n    at async ScopedRace._race (/tmp/playwright-java-9945267412322483293/package/lib/utils/manualPromise.js:80:14)\n    at async evaluateExpression (/tmp/playwright-java-9945267412322483293/package/lib/server/javascript.js:218:12)\n    at async /tmp/playwright-java-9945267412322483293/package/lib/server/frames.js:1396:13\n    at async Frame.retryWithProgressAndTimeouts (/tmp/playwright-java-9945267412322483293/package/lib/server/frames.js:908:24)\n    at async ProgressController.run (/tmp/playwright-java-9945267412322483293/package/lib/server/progress.js:92:22)\n    at async FrameDispatcher.innerText (/tmp/playwright-java-9945267412322483293/package/lib/server/dispatchers/frameDispatcher.js:177:14)\n    at async DispatcherConnection.dispatch (/tmp/playwright-java-9945267412322483293/package/lib/server/dispatchers/dispatcher.js:312:22)\n}\n\tat com.microsoft.playwright.impl.WaitableResult.get(WaitableResult.java:54)\n\tat com.microsoft.playwright.impl.ChannelOwner.runUntil(ChannelOwner.java:111)\n\tat com.microsoft.playwright.impl.Connection.sendMessage(Connection.java:126)\n\tat com.microsoft.playwright.impl.ChannelOwner.sendMessage(ChannelOwner.java:102)\n\tat com.microsoft.playwright.impl.FrameImpl.innerTextImpl(FrameImpl.java:526)\n\tat com.microsoft.playwright.impl.FrameImpl.lambda$innerText$22(FrameImpl.java:517)\n\tat com.microsoft.playwright.impl.LoggingSupport.withLogging(LoggingSupport.java:47)\n\tat com.microsoft.playwright.impl.ChannelOwner.withLogging(ChannelOwner.java:87)\n\tat com.microsoft.playwright.impl.FrameImpl.innerText(FrameImpl.java:517)\n\tat com.microsoft.playwright.impl.LocatorImpl.innerText(LocatorImpl.java:318)\n\tat com.microsoft.playwright.Locator.innerText(Locator.java:3486)\n\tat com.chegg.web.core.BasePage.getInnerTextBy(BasePage.java:35)\n\tat com.chegg.web.pages.TranslateTextsPage.translationResult(TranslateTextsPage.java:43)\n\tat com.chegg.web.tests.GoogleTranslateTest.lambda$testTranslateText$6(GoogleTranslateTest.java:59)\n\tat io.qameta.allure.Allure.lambda$step$0(Allure.java:113)\n\tat io.qameta.allure.Allure.lambda$step$1(Allure.java:127)\n\tat io.qameta.allure.Allure.step(Allure.java:181)\n\tat io.qameta.allure.Allure.step(Allure.java:125)\n\tat io.qameta.allure.Allure.step(Allure.java:112)\n\tat com.chegg.web.tests.GoogleTranslateTest.lambda$testTranslateText$7(GoogleTranslateTest.java:58)\n\tat io.qameta.allure.Allure.lambda$step$0(Allure.java:113)\n\tat io.qameta.allure.Allure.lambda$step$1(Allure.java:127)\n\tat io.qameta.allure.Allure.step(Allure.java:181)\n\tat io.qameta.allure.Allure.step(Allure.java:125)\n\tat io.qameta.allure.Allure.step(Allure.java:112)\n\tat com.chegg.web.tests.GoogleTranslateTest.testTranslateText(GoogleTranslateTest.java:36)\n\tat java.base/jdk.internal.reflect.NativeMethodAccessorImpl.invoke0(Native Method)\n\tat java.base/jdk.internal.reflect.NativeMethodAccessorImpl.invoke(NativeMethodAccessorImpl.java:77)\n\tat java.base/jdk.internal.reflect.DelegatingMethodAccessorImpl.invoke(DelegatingMethodAccessorImpl.java:43)\n\tat java.base/java.lang.reflect.Method.invoke(Method.java:568)\n\tat org.testng.internal.MethodInvocationHelper.invokeMethod(MethodInvocationHelper.java:124)\n\tat org.testng.internal.Invoker.invokeMethod(Invoker.java:583)\n\tat org.testng.internal.Invoker.invokeTestMethod(Invoker.java:719)\n\tat org.testng.internal.Invoker.invokeTestMethods(Invoker.java:989)\n\tat org.testng.internal.TestMethodWorker.invokeTestMethods(TestMethodWorker.java:125)\n\tat org.testng.internal.TestMethodWorker.run(TestMethodWorker.java:109)\n\tat org.testng.TestRunner.privateRun(TestRunner.java:648)\n\tat org.testng.TestRunner.run(TestRunner.java:505)\n\tat org.testng.SuiteRunner.runTest(SuiteRunner.java:455)\n\tat org.testng.SuiteRunner.runSequentially(SuiteRunner.java:450)\n\tat org.testng.SuiteRunner.privateRun(SuiteRunner.java:415)\n\tat org.testng.SuiteRunner.run(SuiteRunner.java:364)\n\tat org.testng.SuiteRunnerWorker.runSuite(SuiteRunnerWorker.java:52)\n\tat org.testng.SuiteRunnerWorker.run(SuiteRunnerWorker.java:84)\n\tat org.testng.TestNG.runSuitesSequentially(TestNG.java:1208)\n\tat org.testng.TestNG.runSuitesLocally(TestNG.java:1137)\n\tat org.testng.TestNG.runSuites(TestNG.java:1049)\n\tat org.testng.TestNG.run(TestNG.java:1017)\n\tat org.apache.maven.surefire.testng.TestNGExecutor.run(TestNGExecutor.java:155)\n\tat org.apache.maven.surefire.testng.TestNGDirectoryTestSuite.executeMulti(TestNGDirectoryTestSuite.java:169)\n\tat org.apache.maven.surefire.testng.TestNGDirectoryTestSuite.execute(TestNGDirectoryTestSuite.java:88)\n\tat org.apache.maven.surefire.testng.TestNGProvider.invoke(TestNGProvider.java:137)\n\tat org.apache.maven.surefire.booter.ForkedBooter.runSuitesInProcess(ForkedBooter.java:385)\n\tat org.apache.maven.surefire.booter.ForkedBooter.execute(ForkedBooter.java:162)\n\tat org.apache.maven.surefire.booter.ForkedBooter.run(ForkedBooter.java:507)\n\tat org.apache.maven.surefire.booter.ForkedBooter.main(ForkedBooter.java:495)\nCaused by: com.microsoft.playwright.impl.DriverException: Error {\n  message='Error: Error while parsing selector `\"region\"] [aria-live=\"polite\"]` - unexpected symbol \"\"\" at position 0\n    at syntaxError (<anonymous>:1466:11)\n    at parseAttributeSelector (<anonymous>:1615:5)\n    at Object.queryAll (<anonymous>:2809:22)\n    at InjectedScript._queryEngineAll (<anonymous>:4442:49)\n    at InjectedScript.querySelectorAll (<anonymous>:4429:30)\n    at InjectedScript.querySelector (<anonymous>:4376:25)\n    at eval (eval at evaluate (:195:30), <anonymous>:8:36)\n    at UtilityScript.evaluate (<anonymous>:197:17)\n    at UtilityScript.<anonymous> (<anonymous>:1:44)\n=========================== logs ===========================\nwaiting for locator(\"role=\\\"region\\\"] [aria-live=\\\"polite\\\"]\")\n============================================================\n  name='Error\n  stack='Error: Error: Error while parsing selector `\"region\"] [aria-live=\"polite\"]` - unexpected symbol \"\"\" at position 0\n    at syntaxError (<anonymous>:1466:11)\n    at parseAttributeSelector (<anonymous>:1615:5)\n    at Object.queryAll (<anonymous>:2809:22)\n    at InjectedScript._queryEngineAll (<anonymous>:4442:49)\n    at InjectedScript.querySelectorAll (<anonymous>:4429:30)\n    at InjectedScript.querySelector (<anonymous>:4376:25)\n    at eval (eval at evaluate (:195:30), <anonymous>:8:36)\n    at UtilityScript.evaluate (<anonymous>:197:17)\n    at UtilityScript.<anonymous> (<anonymous>:1:44)\n=========================== logs ===========================\nwaiting for locator(\"role=\\\"region\\\"] [aria-live=\\\"polite\\\"]\")\n============================================================\n    at syntaxError (<anonymous>:1466:11)\n    at parseAttributeSelector (<anonymous>:1615:5)\n    at Object.queryAll (<anonymous>:2809:22)\n    at InjectedScript._queryEngineAll (<anonymous>:4442:49)\n    at InjectedScript.querySelectorAll (<anonymous>:4429:30)\n    at InjectedScript.querySelector (<anonymous>:4376:25)\n    at eval (eval at evaluate (:195:30), <anonymous>:8:36)\n    at UtilityScript.evaluate (<anonymous>:197:17)\n    at UtilityScript.<anonymous> (<anonymous>:1:44)\n    at CRExecutionContext.evaluateWithArguments (/tmp/playwright-java-9945267412322483293/package/lib/server/chromium/crExecutionContext.js:92:33)\n    at async ScopedRace._race (/tmp/playwright-java-9945267412322483293/package/lib/utils/manualPromise.js:80:14)\n    at async evaluateExpression (/tmp/playwright-java-9945267412322483293/package/lib/server/javascript.js:218:12)\n    at async /tmp/playwright-java-9945267412322483293/package/lib/server/frames.js:1396:13\n    at async Frame.retryWithProgressAndTimeouts (/tmp/playwright-java-9945267412322483293/package/lib/server/frames.js:908:24)\n    at async ProgressController.run (/tmp/playwright-java-9945267412322483293/package/lib/server/progress.js:92:22)\n    at async FrameDispatcher.innerText (/tmp/playwright-java-9945267412322483293/package/lib/server/dispatchers/frameDispatcher.js:177:14)\n    at async DispatcherConnection.dispatch (/tmp/playwright-java-9945267412322483293/package/lib/server/dispatchers/dispatcher.js:312:22)\n}\n\tat com.microsoft.playwright.impl.Connection.dispatch(Connection.java:226)\n\tat com.microsoft.playwright.impl.Connection.processOneMessage(Connection.java:206)\n\tat com.microsoft.playwright.impl.ChannelOwner.runUntil(ChannelOwner.java:109)\n\t... 54 more\n","steps":[{"name":"Open Source Language list","time":{"start":1681478202109,"stop":1681478205496,"duration":3387},"status":"passed","steps":[{"name":"Search for the desired language and choose it","time":{"start":1681478202414,"stop":1681478205496,"duration":3082},"status":"passed","steps":[{"name":"assertThat 'false'","time":{"start":1681478205496,"stop":1681478205496,"duration":0},"status":"passed","steps":[],"attachments":[],"parameters":[],"stepsCount":0,"attachmentsCount":0,"shouldDisplayMessage":false,"hasContent":false},{"name":"describedAs 'the lang list is closed'","time":{"start":1681478205496,"stop":1681478205496,"duration":0},"status":"passed","steps":[],"attachments":[],"parameters":[],"stepsCount":0,"attachmentsCount":0,"shouldDisplayMessage":false,"hasContent":false},{"name":"isFalse","time":{"start":1681478205496,"stop":1681478205496,"duration":0},"status":"passed","steps":[],"attachments":[],"parameters":[],"stepsCount":0,"attachmentsCount":0,"shouldDisplayMessage":false,"hasContent":false}],"attachments":[],"parameters":[],"stepsCount":3,"attachmentsCount":0,"shouldDisplayMessage":false,"hasContent":true}],"attachments":[],"parameters":[],"stepsCount":4,"attachmentsCount":0,"shouldDisplayMessage":false,"hasContent":true},{"name":"Open Target Language list","time":{"start":1681478205496,"stop":1681478209392,"duration":3896},"status":"passed","steps":[{"name":"Search for the desired language and choose it","time":{"start":1681478205794,"stop":1681478209392,"duration":3598},"status":"passed","steps":[{"name":"assertThat 'false'","time":{"start":1681478209391,"stop":1681478209391,"duration":0},"status":"passed","steps":[],"attachments":[],"parameters":[],"stepsCount":0,"attachmentsCount":0,"shouldDisplayMessage":false,"hasContent":false},{"name":"describedAs 'the lang list is closed'","time":{"start":1681478209392,"stop":1681478209392,"duration":0},"status":"passed","steps":[],"attachments":[],"parameters":[],"stepsCount":0,"attachmentsCount":0,"shouldDisplayMessage":false,"hasContent":false},{"name":"isFalse","time":{"start":1681478209392,"stop":1681478209392,"duration":0},"status":"passed","steps":[],"attachments":[],"parameters":[],"stepsCount":0,"attachmentsCount":0,"shouldDisplayMessage":false,"hasContent":false}],"attachments":[],"parameters":[],"stepsCount":3,"attachmentsCount":0,"shouldDisplayMessage":false,"hasContent":true}],"attachments":[],"parameters":[],"stepsCount":4,"attachmentsCount":0,"shouldDisplayMessage":false,"hasContent":true},{"name":"Type text in the selected language and press any key","time":{"start":1681478209392,"stop":1681478211365,"duration":1973},"status":"passed","steps":[],"attachments":[],"parameters":[],"stepsCount":0,"attachmentsCount":0,"shouldDisplayMessage":false,"hasContent":false},{"name":"Verify translation","time":{"start":1681478211365,"stop":1681478212800,"duration":1435},"status":"broken","statusMessage":"Error {\n  message='Error: Error while parsing selector `\"region\"] [aria-live=\"polite\"]` - unexpected symbol \"\"\" at position 0\n    at syntaxError (<anonymous>:1466:11)\n    at parseAttributeSelector (<anonymous>:1615:5)\n    at Object.queryAll (<anonymous>:2809:22)\n    at InjectedScript._queryEngineAll (<anonymous>:4442:49)\n    at InjectedScript.querySelectorAll (<anonymous>:4429:30)\n    at InjectedScript.querySelector (<anonymous>:4376:25)\n    at eval (eval at evaluate (:195:30), <anonymous>:8:36)\n    at UtilityScript.evaluate (<anonymous>:197:17)\n    at UtilityScript.<anonymous> (<anonymous>:1:44)\n=========================== logs ===========================\nwaiting for locator(\"role=\\\"region\\\"] [aria-live=\\\"polite\\\"]\")\n============================================================\n  name='Error\n  stack='Error: Error: Error while parsing selector `\"region\"] [aria-live=\"polite\"]` - unexpected symbol \"\"\" at position 0\n    at syntaxError (<anonymous>:1466:11)\n    at parseAttributeSelector (<anonymous>:1615:5)\n    at Object.queryAll (<anonymous>:2809:22)\n    at InjectedScript._queryEngineAll (<anonymous>:4442:49)\n    at InjectedScript.querySelectorAll (<anonymous>:4429:30)\n    at InjectedScript.querySelector (<anonymous>:4376:25)\n    at eval (eval at evaluate (:195:30), <anonymous>:8:36)\n    at UtilityScript.evaluate (<anonymous>:197:17)\n    at UtilityScript.<anonymous> (<anonymous>:1:44)\n=========================== logs ===========================\nwaiting for locator(\"role=\\\"region\\\"] [aria-live=\\\"polite\\\"]\")\n============================================================\n    at syntaxError (<anonymous>:1466:11)\n    at parseAttributeSelector (<anonymous>:1615:5)\n    at Object.queryAll (<anonymous>:2809:22)\n    at InjectedScript._queryEngineAll (<anonymous>:4442:49)\n    at InjectedScript.querySelectorAll (<anonymous>:4429:30)\n    at InjectedScript.querySelector (<anonymous>:4376:25)\n    at eval (eval at evaluate (:195:30), <anonymous>:8:36)\n    at UtilityScript.evaluate (<anonymous>:197:17)\n    at UtilityScript.<anonymous> (<anonymous>:1:44)\n    at CRExecutionContext.evaluateWithArguments (/tmp/playwright-java-9945267412322483293/package/lib/server/chromium/crExecutionContext.js:92:33)\n    at async ScopedRace._race (/tmp/playwright-java-9945267412322483293/package/lib/utils/manualPromise.js:80:14)\n    at async evaluateExpression (/tmp/playwright-java-9945267412322483293/package/lib/server/javascript.js:218:12)\n    at async /tmp/playwright-java-9945267412322483293/package/lib/server/frames.js:1396:13\n    at async Frame.retryWithProgressAndTimeouts (/tmp/playwright-java-9945267412322483293/package/lib/server/frames.js:908:24)\n    at async ProgressController.run (/tmp/playwright-java-9945267412322483293/package/lib/server/progress.js:92:22)\n    at async FrameDispatcher.innerText (/tmp/playwright-java-9945267412322483293/package/lib/server/dispatchers/frameDispatcher.js:177:14)\n    at async DispatcherConnection.dispatch (/tmp/playwright-java-9945267412322483293/package/lib/server/dispatchers/dispatcher.js:312:22)\n}","statusTrace":"com.microsoft.playwright.PlaywrightException: Error {\n  message='Error: Error while parsing selector `\"region\"] [aria-live=\"polite\"]` - unexpected symbol \"\"\" at position 0\n    at syntaxError (<anonymous>:1466:11)\n    at parseAttributeSelector (<anonymous>:1615:5)\n    at Object.queryAll (<anonymous>:2809:22)\n    at InjectedScript._queryEngineAll (<anonymous>:4442:49)\n    at InjectedScript.querySelectorAll (<anonymous>:4429:30)\n    at InjectedScript.querySelector (<anonymous>:4376:25)\n    at eval (eval at evaluate (:195:30), <anonymous>:8:36)\n    at UtilityScript.evaluate (<anonymous>:197:17)\n    at UtilityScript.<anonymous> (<anonymous>:1:44)\n=========================== logs ===========================\nwaiting for locator(\"role=\\\"region\\\"] [aria-live=\\\"polite\\\"]\")\n============================================================\n  name='Error\n  stack='Error: Error: Error while parsing selector `\"region\"] [aria-live=\"polite\"]` - unexpected symbol \"\"\" at position 0\n    at syntaxError (<anonymous>:1466:11)\n    at parseAttributeSelector (<anonymous>:1615:5)\n    at Object.queryAll (<anonymous>:2809:22)\n    at InjectedScript._queryEngineAll (<anonymous>:4442:49)\n    at InjectedScript.querySelectorAll (<anonymous>:4429:30)\n    at InjectedScript.querySelector (<anonymous>:4376:25)\n    at eval (eval at evaluate (:195:30), <anonymous>:8:36)\n    at UtilityScript.evaluate (<anonymous>:197:17)\n    at UtilityScript.<anonymous> (<anonymous>:1:44)\n=========================== logs ===========================\nwaiting for locator(\"role=\\\"region\\\"] [aria-live=\\\"polite\\\"]\")\n============================================================\n    at syntaxError (<anonymous>:1466:11)\n    at parseAttributeSelector (<anonymous>:1615:5)\n    at Object.queryAll (<anonymous>:2809:22)\n    at InjectedScript._queryEngineAll (<anonymous>:4442:49)\n    at InjectedScript.querySelectorAll (<anonymous>:4429:30)\n    at InjectedScript.querySelector (<anonymous>:4376:25)\n    at eval (eval at evaluate (:195:30), <anonymous>:8:36)\n    at UtilityScript.evaluate (<anonymous>:197:17)\n    at UtilityScript.<anonymous> (<anonymous>:1:44)\n    at CRExecutionContext.evaluateWithArguments (/tmp/playwright-java-9945267412322483293/package/lib/server/chromium/crExecutionContext.js:92:33)\n    at async ScopedRace._race (/tmp/playwright-java-9945267412322483293/package/lib/utils/manualPromise.js:80:14)\n    at async evaluateExpression (/tmp/playwright-java-9945267412322483293/package/lib/server/javascript.js:218:12)\n    at async /tmp/playwright-java-9945267412322483293/package/lib/server/frames.js:1396:13\n    at async Frame.retryWithProgressAndTimeouts (/tmp/playwright-java-9945267412322483293/package/lib/server/frames.js:908:24)\n    at async ProgressController.run (/tmp/playwright-java-9945267412322483293/package/lib/server/progress.js:92:22)\n    at async FrameDispatcher.innerText (/tmp/playwright-java-9945267412322483293/package/lib/server/dispatchers/frameDispatcher.js:177:14)\n    at async DispatcherConnection.dispatch (/tmp/playwright-java-9945267412322483293/package/lib/server/dispatchers/dispatcher.js:312:22)\n}\n\tat com.microsoft.playwright.impl.WaitableResult.get(WaitableResult.java:54)\n\tat com.microsoft.playwright.impl.ChannelOwner.runUntil(ChannelOwner.java:111)\n\tat com.microsoft.playwright.impl.Connection.sendMessage(Connection.java:126)\n\tat com.microsoft.playwright.impl.ChannelOwner.sendMessage(ChannelOwner.java:102)\n\tat com.microsoft.playwright.impl.FrameImpl.innerTextImpl(FrameImpl.java:526)\n\tat com.microsoft.playwright.impl.FrameImpl.lambda$innerText$22(FrameImpl.java:517)\n\tat com.microsoft.playwright.impl.LoggingSupport.withLogging(LoggingSupport.java:47)\n\tat com.microsoft.playwright.impl.ChannelOwner.withLogging(ChannelOwner.java:87)\n\tat com.microsoft.playwright.impl.FrameImpl.innerText(FrameImpl.java:517)\n\tat com.microsoft.playwright.impl.LocatorImpl.innerText(LocatorImpl.java:318)\n\tat com.microsoft.playwright.Locator.innerText(Locator.java:3486)\n\tat com.chegg.web.core.BasePage.getInnerTextBy(BasePage.java:35)\n\tat com.chegg.web.pages.TranslateTextsPage.translationResult(TranslateTextsPage.java:43)\n\tat com.chegg.web.tests.GoogleTranslateTest.lambda$testTranslateText$6(GoogleTranslateTest.java:59)\n\tat io.qameta.allure.Allure.lambda$step$0(Allure.java:113)\n\tat io.qameta.allure.Allure.lambda$step$1(Allure.java:127)\n\tat io.qameta.allure.Allure.step(Allure.java:181)\n\tat io.qameta.allure.Allure.step(Allure.java:125)\n\tat io.qameta.allure.Allure.step(Allure.java:112)\n\tat com.chegg.web.tests.GoogleTranslateTest.lambda$testTranslateText$7(GoogleTranslateTest.java:58)\n\tat io.qameta.allure.Allure.lambda$step$0(Allure.java:113)\n\tat io.qameta.allure.Allure.lambda$step$1(Allure.java:127)\n\tat io.qameta.allure.Allure.step(Allure.java:181)\n\tat io.qameta.allure.Allure.step(Allure.java:125)\n\tat io.qameta.allure.Allure.step(Allure.java:112)\n\tat com.chegg.web.tests.GoogleTranslateTest.testTranslateText(GoogleTranslateTest.java:36)\n\tat java.base/jdk.internal.reflect.NativeMethodAccessorImpl.invoke0(Native Method)\n\tat java.base/jdk.internal.reflect.NativeMethodAccessorImpl.invoke(NativeMethodAccessorImpl.java:77)\n\tat java.base/jdk.internal.reflect.DelegatingMethodAccessorImpl.invoke(DelegatingMethodAccessorImpl.java:43)\n\tat java.base/java.lang.reflect.Method.invoke(Method.java:568)\n\tat org.testng.internal.MethodInvocationHelper.invokeMethod(MethodInvocationHelper.java:124)\n\tat org.testng.internal.Invoker.invokeMethod(Invoker.java:583)\n\tat org.testng.internal.Invoker.invokeTestMethod(Invoker.java:719)\n\tat org.testng.internal.Invoker.invokeTestMethods(Invoker.java:989)\n\tat org.testng.internal.TestMethodWorker.invokeTestMethods(TestMethodWorker.java:125)\n\tat org.testng.internal.TestMethodWorker.run(TestMethodWorker.java:109)\n\tat org.testng.TestRunner.privateRun(TestRunner.java:648)\n\tat org.testng.TestRunner.run(TestRunner.java:505)\n\tat org.testng.SuiteRunner.runTest(SuiteRunner.java:455)\n\tat org.testng.SuiteRunner.runSequentially(SuiteRunner.java:450)\n\tat org.testng.SuiteRunner.privateRun(SuiteRunner.java:415)\n\tat org.testng.SuiteRunner.run(SuiteRunner.java:364)\n\tat org.testng.SuiteRunnerWorker.runSuite(SuiteRunnerWorker.java:52)\n\tat org.testng.SuiteRunnerWorker.run(SuiteRunnerWorker.java:84)\n\tat org.testng.TestNG.runSuitesSequentially(TestNG.java:1208)\n\tat org.testng.TestNG.runSuitesLocally(TestNG.java:1137)\n\tat org.testng.TestNG.runSuites(TestNG.java:1049)\n\tat org.testng.TestNG.run(TestNG.java:1017)\n\tat org.apache.maven.surefire.testng.TestNGExecutor.run(TestNGExecutor.java:155)\n\tat org.apache.maven.surefire.testng.TestNGDirectoryTestSuite.executeMulti(TestNGDirectoryTestSuite.java:169)\n\tat org.apache.maven.surefire.testng.TestNGDirectoryTestSuite.execute(TestNGDirectoryTestSuite.java:88)\n\tat org.apache.maven.surefire.testng.TestNGProvider.invoke(TestNGProvider.java:137)\n\tat org.apache.maven.surefire.booter.ForkedBooter.runSuitesInProcess(ForkedBooter.java:385)\n\tat org.apache.maven.surefire.booter.ForkedBooter.execute(ForkedBooter.java:162)\n\tat org.apache.maven.surefire.booter.ForkedBooter.run(ForkedBooter.java:507)\n\tat org.apache.maven.surefire.booter.ForkedBooter.main(ForkedBooter.java:495)\nCaused by: com.microsoft.playwright.impl.DriverException: Error {\n  message='Error: Error while parsing selector `\"region\"] [aria-live=\"polite\"]` - unexpected symbol \"\"\" at position 0\n    at syntaxError (<anonymous>:1466:11)\n    at parseAttributeSelector (<anonymous>:1615:5)\n    at Object.queryAll (<anonymous>:2809:22)\n    at InjectedScript._queryEngineAll (<anonymous>:4442:49)\n    at InjectedScript.querySelectorAll (<anonymous>:4429:30)\n    at InjectedScript.querySelector (<anonymous>:4376:25)\n    at eval (eval at evaluate (:195:30), <anonymous>:8:36)\n    at UtilityScript.evaluate (<anonymous>:197:17)\n    at UtilityScript.<anonymous> (<anonymous>:1:44)\n=========================== logs ===========================\nwaiting for locator(\"role=\\\"region\\\"] [aria-live=\\\"polite\\\"]\")\n============================================================\n  name='Error\n  stack='Error: Error: Error while parsing selector `\"region\"] [aria-live=\"polite\"]` - unexpected symbol \"\"\" at position 0\n    at syntaxError (<anonymous>:1466:11)\n    at parseAttributeSelector (<anonymous>:1615:5)\n    at Object.queryAll (<anonymous>:2809:22)\n    at InjectedScript._queryEngineAll (<anonymous>:4442:49)\n    at InjectedScript.querySelectorAll (<anonymous>:4429:30)\n    at InjectedScript.querySelector (<anonymous>:4376:25)\n    at eval (eval at evaluate (:195:30), <anonymous>:8:36)\n    at UtilityScript.evaluate (<anonymous>:197:17)\n    at UtilityScript.<anonymous> (<anonymous>:1:44)\n=========================== logs ===========================\nwaiting for locator(\"role=\\\"region\\\"] [aria-live=\\\"polite\\\"]\")\n============================================================\n    at syntaxError (<anonymous>:1466:11)\n    at parseAttributeSelector (<anonymous>:1615:5)\n    at Object.queryAll (<anonymous>:2809:22)\n    at InjectedScript._queryEngineAll (<anonymous>:4442:49)\n    at InjectedScript.querySelectorAll (<anonymous>:4429:30)\n    at InjectedScript.querySelector (<anonymous>:4376:25)\n    at eval (eval at evaluate (:195:30), <anonymous>:8:36)\n    at UtilityScript.evaluate (<anonymous>:197:17)\n    at UtilityScript.<anonymous> (<anonymous>:1:44)\n    at CRExecutionContext.evaluateWithArguments (/tmp/playwright-java-9945267412322483293/package/lib/server/chromium/crExecutionContext.js:92:33)\n    at async ScopedRace._race (/tmp/playwright-java-9945267412322483293/package/lib/utils/manualPromise.js:80:14)\n    at async evaluateExpression (/tmp/playwright-java-9945267412322483293/package/lib/server/javascript.js:218:12)\n    at async /tmp/playwright-java-9945267412322483293/package/lib/server/frames.js:1396:13\n    at async Frame.retryWithProgressAndTimeouts (/tmp/playwright-java-9945267412322483293/package/lib/server/frames.js:908:24)\n    at async ProgressController.run (/tmp/playwright-java-9945267412322483293/package/lib/server/progress.js:92:22)\n    at async FrameDispatcher.innerText (/tmp/playwright-java-9945267412322483293/package/lib/server/dispatchers/frameDispatcher.js:177:14)\n    at async DispatcherConnection.dispatch (/tmp/playwright-java-9945267412322483293/package/lib/server/dispatchers/dispatcher.js:312:22)\n}\n\tat com.microsoft.playwright.impl.Connection.dispatch(Connection.java:226)\n\tat com.microsoft.playwright.impl.Connection.processOneMessage(Connection.java:206)\n\tat com.microsoft.playwright.impl.ChannelOwner.runUntil(ChannelOwner.java:109)\n\t... 54 more\n","steps":[],"attachments":[],"parameters":[],"stepsCount":0,"attachmentsCount":0,"shouldDisplayMessage":true,"hasContent":true}],"attachments":[],"parameters":[],"stepsCount":12,"attachmentsCount":0,"shouldDisplayMessage":false,"hasContent":true}],"attachments":[],"parameters":[],"stepsCount":14,"attachmentsCount":0,"shouldDisplayMessage":false,"hasContent":true},"afterStages":[{"name":"tearDown","time":{"start":1681478212809,"stop":1681478213547,"duration":738},"description":"","status":"passed","steps":[],"attachments":[{"uid":"a6184e9866b46415","name":"SCREENSHOT_2023_04_14-13_16_testTranslateText","source":"a6184e9866b46415.png","type":"image/png","size":57970},{"uid":"38b0cf0dedbdc91a","name":"TRACE_2023_04_14-13_16_testTranslateText","source":"38b0cf0dedbdc91a.zip","type":"application/zip","size":1916201},{"uid":"1a9c0393482ec8aa","name":"NETWORK_2023_04_14-13_16_testTranslateText","source":"1a9c0393482ec8aa.html","type":"text/html","size":4155899},{"uid":"c5a5dfd2677208bc","name":"VIDEO_2023_04_14-13_16_testTranslateText","source":"c5a5dfd2677208bc","type":"application/x-matroska","size":182287}],"parameters":[],"stepsCount":0,"attachmentsCount":4,"shouldDisplayMessage":false,"hasContent":true}],"labels":[{"name":"package","value":"com.chegg.web.tests.GoogleTranslateTest"},{"name":"testClass","value":"com.chegg.web.tests.GoogleTranslateTest"},{"name":"testMethod","value":"testTranslateText"},{"name":"parentSuite","value":"Surefire suite"},{"name":"suite","value":"Surefire test"},{"name":"subSuite","value":"com.chegg.web.tests.GoogleTranslateTest"},{"name":"host","value":"fv-az1128-21"},{"name":"thread","value":"4778@fv-az1128-21.main(1)"},{"name":"framework","value":"testng"},{"name":"language","value":"java"},{"name":"AS_ID","value":"1"},{"name":"feature","value":"translate text from any language"},{"name":"story","value":"the user has the ability to translate the text"},{"name":"owner","value":"admin"},{"name":"severity","value":"blocker"},{"name":"resultFormat","value":"allure2"}],"parameters":[{"name":"arg0","value":"hus"},{"name":"arg1","value":"loger"},{"name":"arg2","value":"Danish"},{"name":"arg3","value":"French"},{"name":"arg4","value":"ArrowUp"}],"links":[{"name":"HARAnalyzer","url":"https://toolbox.googleapps.com/apps/har_analyzer/","type":"custom"},{"name":"Trace Viewer","url":"https://trace.playwright.dev/","type":"custom"}],"hidden":false,"retry":false,"extra":{"severity":"blocker","owner":"admin","retries":[],"categories":[{"name":"Test defects","matchedStatuses":[],"flaky":false}],"history":{"statistic":{"failed":2,"broken":1,"skipped":0,"passed":5,"unknown":0,"total":8},"items":[{"uid":"b0bfa5c8c7ca605d","reportUrl":"https://palchisky-alex.github.io/CheggMaven/3//#testresult/b0bfa5c8c7ca605d","status":"failed","statusDetails":"[is the text translated correctly] \nExpecting actual:\n  \"\"\nto contain:\n  \"loger\" ","time":{"start":1681477326358,"stop":1681477337636,"duration":11278}},{"uid":"2831044d4025f64f","reportUrl":"https://palchisky-alex.github.io/CheggMaven/2//#testresult/2831044d4025f64f","status":"passed","time":{"start":1681310446580,"stop":1681310458103,"duration":11523}},{"uid":"86da274639e90a6b","reportUrl":"https://palchisky-alex.github.io/CheggMaven/2//#testresult/86da274639e90a6b","status":"failed","statusDetails":"[is the text translated correctly] \nExpecting actual:\n  \"\"\nto contain:\n  \"loger\" ","time":{"start":1681308374809,"stop":1681308386172,"duration":11363}},{"uid":"3ecd22a2ed95f8d6","reportUrl":"https://palchisky-alex.github.io/CheggMaven/35//#testresult/3ecd22a2ed95f8d6","status":"passed","time":{"start":1681306227309,"stop":1681306238944,"duration":11635}},{"uid":"d5626eb4f3cdfb64","reportUrl":"https://palchisky-alex.github.io/CheggMaven/35//#testresult/d5626eb4f3cdfb64","status":"passed","time":{"start":1681177653391,"stop":1681177664938,"duration":11547}},{"uid":"cdc552e88d6b2d10","reportUrl":"https://palchisky-alex.github.io/CheggMaven/1//#testresult/cdc552e88d6b2d10","status":"passed","time":{"start":1681175844021,"stop":1681175855760,"duration":11739}},{"uid":"1bd42d63b7c7b5bc","reportUrl":"https://palchisky-alex.github.io/CheggMaven/37//#testresult/1bd42d63b7c7b5bc","status":"passed","time":{"start":1681174889311,"stop":1681174900913,"duration":11602}}]},"tags":[]},"source":"51adfed4281e364b.json","parameterValues":["hus","loger","Danish","French","ArrowUp"]}