{"uid":"7ea3c3b82e2bff4d","name":"testTranslateText","fullName":"com.chegg.web.tests.GoogleTranslateTest.testTranslateText","historyId":"aea221870f6196b98252e7fad9cce87","time":{"start":1681478213947,"stop":1681478225709,"duration":11762},"status":"broken","statusMessage":"Error {\n  message='Error: Error while parsing selector `\"region\"] [aria-live=\"polite\"]` - unexpected symbol \"\"\" at position 0\n    at syntaxError (<anonymous>:1466:11)\n    at parseAttributeSelector (<anonymous>:1615:5)\n    at Object.queryAll (<anonymous>:2809:22)\n    at InjectedScript._queryEngineAll (<anonymous>:4442:49)\n    at InjectedScript.querySelectorAll (<anonymous>:4429:30)\n    at InjectedScript.querySelector (<anonymous>:4376:25)\n    at eval (eval at evaluate (:195:30), <anonymous>:8:36)\n    at UtilityScript.evaluate (<anonymous>:197:17)\n    at UtilityScript.<anonymous> (<anonymous>:1:44)\n=========================== logs ===========================\nwaiting for locator(\"role=\\\"region\\\"] [aria-live=\\\"polite\\\"]\")\n============================================================\n  name='Error\n  stack='Error: Error: Error while parsing selector `\"region\"] [aria-live=\"polite\"]` - unexpected symbol \"\"\" at position 0\n    at syntaxError (<anonymous>:1466:11)\n    at parseAttributeSelector (<anonymous>:1615:5)\n    at Object.queryAll (<anonymous>:2809:22)\n    at InjectedScript._queryEngineAll (<anonymous>:4442:49)\n    at InjectedScript.querySelectorAll (<anonymous>:4429:30)\n    at InjectedScript.querySelector (<anonymous>:4376:25)\n    at eval (eval at evaluate (:195:30), <anonymous>:8:36)\n    at UtilityScript.evaluate (<anonymous>:197:17)\n    at UtilityScript.<anonymous> (<anonymous>:1:44)\n=========================== logs ===========================\nwaiting for locator(\"role=\\\"region\\\"] [aria-live=\\\"polite\\\"]\")\n============================================================\n    at syntaxError (<anonymous>:1466:11)\n    at parseAttributeSelector (<anonymous>:1615:5)\n    at Object.queryAll (<anonymous>:2809:22)\n    at InjectedScript._queryEngineAll (<anonymous>:4442:49)\n    at InjectedScript.querySelectorAll (<anonymous>:4429:30)\n    at InjectedScript.querySelector (<anonymous>:4376:25)\n    at eval (eval at evaluate (:195:30), <anonymous>:8:36)\n    at UtilityScript.evaluate (<anonymous>:197:17)\n    at UtilityScript.<anonymous> (<anonymous>:1:44)\n    at CRExecutionContext.evaluateWithArguments (/tmp/playwright-java-9945267412322483293/package/lib/server/chromium/crExecutionContext.js:92:33)\n    at async ScopedRace._race (/tmp/playwright-java-9945267412322483293/package/lib/utils/manualPromise.js:80:14)\n    at async evaluateExpression (/tmp/playwright-java-9945267412322483293/package/lib/server/javascript.js:218:12)\n    at async /tmp/playwright-java-9945267412322483293/package/lib/server/frames.js:1396:13\n    at async Frame.retryWithProgressAndTimeouts (/tmp/playwright-java-9945267412322483293/package/lib/server/frames.js:908:24)\n    at async ProgressController.run (/tmp/playwright-java-9945267412322483293/package/lib/server/progress.js:92:22)\n    at async FrameDispatcher.innerText (/tmp/playwright-java-9945267412322483293/package/lib/server/dispatchers/frameDispatcher.js:177:14)\n    at async DispatcherConnection.dispatch (/tmp/playwright-java-9945267412322483293/package/lib/server/dispatchers/dispatcher.js:312:22)\n}","statusTrace":"com.microsoft.playwright.PlaywrightException: Error {\n  message='Error: Error while parsing selector `\"region\"] [aria-live=\"polite\"]` - unexpected symbol \"\"\" at position 0\n    at syntaxError (<anonymous>:1466:11)\n    at parseAttributeSelector (<anonymous>:1615:5)\n    at Object.queryAll (<anonymous>:2809:22)\n    at InjectedScript._queryEngineAll (<anonymous>:4442:49)\n    at InjectedScript.querySelectorAll (<anonymous>:4429:30)\n    at InjectedScript.querySelector (<anonymous>:4376:25)\n    at eval (eval at evaluate (:195:30), <anonymous>:8:36)\n    at UtilityScript.evaluate (<anonymous>:197:17)\n    at UtilityScript.<anonymous> (<anonymous>:1:44)\n=========================== logs ===========================\nwaiting for locator(\"role=\\\"region\\\"] [aria-live=\\\"polite\\\"]\")\n============================================================\n  name='Error\n  stack='Error: Error: Error while parsing selector `\"region\"] [aria-live=\"polite\"]` - unexpected symbol \"\"\" at position 0\n    at syntaxError (<anonymous>:1466:11)\n    at parseAttributeSelector (<anonymous>:1615:5)\n    at Object.queryAll (<anonymous>:2809:22)\n    at InjectedScript._queryEngineAll (<anonymous>:4442:49)\n    at InjectedScript.querySelectorAll (<anonymous>:4429:30)\n    at InjectedScript.querySelector (<anonymous>:4376:25)\n    at eval (eval at evaluate (:195:30), <anonymous>:8:36)\n    at UtilityScript.evaluate (<anonymous>:197:17)\n    at UtilityScript.<anonymous> (<anonymous>:1:44)\n=========================== logs ===========================\nwaiting for locator(\"role=\\\"region\\\"] [aria-live=\\\"polite\\\"]\")\n============================================================\n    at syntaxError (<anonymous>:1466:11)\n    at parseAttributeSelector (<anonymous>:1615:5)\n    at Object.queryAll (<anonymous>:2809:22)\n    at InjectedScript._queryEngineAll (<anonymous>:4442:49)\n    at InjectedScript.querySelectorAll (<anonymous>:4429:30)\n    at InjectedScript.querySelector (<anonymous>:4376:25)\n    at eval (eval at evaluate (:195:30), <anonymous>:8:36)\n    at UtilityScript.evaluate (<anonymous>:197:17)\n    at UtilityScript.<anonymous> (<anonymous>:1:44)\n    at CRExecutionContext.evaluateWithArguments (/tmp/playwright-java-9945267412322483293/package/lib/server/chromium/crExecutionContext.js:92:33)\n    at async ScopedRace._race (/tmp/playwright-java-9945267412322483293/package/lib/utils/manualPromise.js:80:14)\n    at async evaluateExpression (/tmp/playwright-java-9945267412322483293/package/lib/server/javascript.js:218:12)\n    at async /tmp/playwright-java-9945267412322483293/package/lib/server/frames.js:1396:13\n    at async Frame.retryWithProgressAndTimeouts (/tmp/playwright-java-9945267412322483293/package/lib/server/frames.js:908:24)\n    at async ProgressController.run (/tmp/playwright-java-9945267412322483293/package/lib/server/progress.js:92:22)\n    at async FrameDispatcher.innerText (/tmp/playwright-java-9945267412322483293/package/lib/server/dispatchers/frameDispatcher.js:177:14)\n    at async DispatcherConnection.dispatch (/tmp/playwright-java-9945267412322483293/package/lib/server/dispatchers/dispatcher.js:312:22)\n}\n\tat com.microsoft.playwright.impl.WaitableResult.get(WaitableResult.java:54)\n\tat com.microsoft.playwright.impl.ChannelOwner.runUntil(ChannelOwner.java:111)\n\tat com.microsoft.playwright.impl.Connection.sendMessage(Connection.java:126)\n\tat com.microsoft.playwright.impl.ChannelOwner.sendMessage(ChannelOwner.java:102)\n\tat com.microsoft.playwright.impl.FrameImpl.innerTextImpl(FrameImpl.java:526)\n\tat com.microsoft.playwright.impl.FrameImpl.lambda$innerText$22(FrameImpl.java:517)\n\tat com.microsoft.playwright.impl.LoggingSupport.withLogging(LoggingSupport.java:47)\n\tat com.microsoft.playwright.impl.ChannelOwner.withLogging(ChannelOwner.java:87)\n\tat com.microsoft.playwright.impl.FrameImpl.innerText(FrameImpl.java:517)\n\tat com.microsoft.playwright.impl.LocatorImpl.innerText(LocatorImpl.java:318)\n\tat com.microsoft.playwright.Locator.innerText(Locator.java:3486)\n\tat com.chegg.web.core.BasePage.getInnerTextBy(BasePage.java:35)\n\tat com.chegg.web.pages.TranslateTextsPage.translationResult(TranslateTextsPage.java:43)\n\tat com.chegg.web.tests.GoogleTranslateTest.lambda$testTranslateText$6(GoogleTranslateTest.java:59)\n\tat io.qameta.allure.Allure.lambda$step$0(Allure.java:113)\n\tat io.qameta.allure.Allure.lambda$step$1(Allure.java:127)\n\tat io.qameta.allure.Allure.step(Allure.java:181)\n\tat io.qameta.allure.Allure.step(Allure.java:125)\n\tat io.qameta.allure.Allure.step(Allure.java:112)\n\tat com.chegg.web.tests.GoogleTranslateTest.lambda$testTranslateText$7(GoogleTranslateTest.java:58)\n\tat io.qameta.allure.Allure.lambda$step$0(Allure.java:113)\n\tat io.qameta.allure.Allure.lambda$step$1(Allure.java:127)\n\tat io.qameta.allure.Allure.step(Allure.java:181)\n\tat io.qameta.allure.Allure.step(Allure.java:125)\n\tat io.qameta.allure.Allure.step(Allure.java:112)\n\tat com.chegg.web.tests.GoogleTranslateTest.testTranslateText(GoogleTranslateTest.java:36)\n\tat java.base/jdk.internal.reflect.NativeMethodAccessorImpl.invoke0(Native Method)\n\tat java.base/jdk.internal.reflect.NativeMethodAccessorImpl.invoke(NativeMethodAccessorImpl.java:77)\n\tat java.base/jdk.internal.reflect.DelegatingMethodAccessorImpl.invoke(DelegatingMethodAccessorImpl.java:43)\n\tat java.base/java.lang.reflect.Method.invoke(Method.java:568)\n\tat org.testng.internal.MethodInvocationHelper.invokeMethod(MethodInvocationHelper.java:124)\n\tat org.testng.internal.Invoker.invokeMethod(Invoker.java:583)\n\tat org.testng.internal.Invoker.invokeTestMethod(Invoker.java:719)\n\tat org.testng.internal.Invoker.invokeTestMethods(Invoker.java:989)\n\tat org.testng.internal.TestMethodWorker.invokeTestMethods(TestMethodWorker.java:125)\n\tat org.testng.internal.TestMethodWorker.run(TestMethodWorker.java:109)\n\tat org.testng.TestRunner.privateRun(TestRunner.java:648)\n\tat org.testng.TestRunner.run(TestRunner.java:505)\n\tat org.testng.SuiteRunner.runTest(SuiteRunner.java:455)\n\tat org.testng.SuiteRunner.runSequentially(SuiteRunner.java:450)\n\tat org.testng.SuiteRunner.privateRun(SuiteRunner.java:415)\n\tat org.testng.SuiteRunner.run(SuiteRunner.java:364)\n\tat org.testng.SuiteRunnerWorker.runSuite(SuiteRunnerWorker.java:52)\n\tat org.testng.SuiteRunnerWorker.run(SuiteRunnerWorker.java:84)\n\tat org.testng.TestNG.runSuitesSequentially(TestNG.java:1208)\n\tat org.testng.TestNG.runSuitesLocally(TestNG.java:1137)\n\tat org.testng.TestNG.runSuites(TestNG.java:1049)\n\tat org.testng.TestNG.run(TestNG.java:1017)\n\tat org.apache.maven.surefire.testng.TestNGExecutor.run(TestNGExecutor.java:155)\n\tat org.apache.maven.surefire.testng.TestNGDirectoryTestSuite.executeMulti(TestNGDirectoryTestSuite.java:169)\n\tat org.apache.maven.surefire.testng.TestNGDirectoryTestSuite.execute(TestNGDirectoryTestSuite.java:88)\n\tat org.apache.maven.surefire.testng.TestNGProvider.invoke(TestNGProvider.java:137)\n\tat org.apache.maven.surefire.booter.ForkedBooter.runSuitesInProcess(ForkedBooter.java:385)\n\tat org.apache.maven.surefire.booter.ForkedBooter.execute(ForkedBooter.java:162)\n\tat org.apache.maven.surefire.booter.ForkedBooter.run(ForkedBooter.java:507)\n\tat org.apache.maven.surefire.booter.ForkedBooter.main(ForkedBooter.java:495)\nCaused by: com.microsoft.playwright.impl.DriverException: Error {\n  message='Error: Error while parsing selector `\"region\"] [aria-live=\"polite\"]` - unexpected symbol \"\"\" at position 0\n    at syntaxError (<anonymous>:1466:11)\n    at parseAttributeSelector (<anonymous>:1615:5)\n    at Object.queryAll (<anonymous>:2809:22)\n    at InjectedScript._queryEngineAll (<anonymous>:4442:49)\n    at InjectedScript.querySelectorAll (<anonymous>:4429:30)\n    at InjectedScript.querySelector (<anonymous>:4376:25)\n    at eval (eval at evaluate (:195:30), <anonymous>:8:36)\n    at UtilityScript.evaluate (<anonymous>:197:17)\n    at UtilityScript.<anonymous> (<anonymous>:1:44)\n=========================== logs ===========================\nwaiting for locator(\"role=\\\"region\\\"] [aria-live=\\\"polite\\\"]\")\n============================================================\n  name='Error\n  stack='Error: Error: Error while parsing selector `\"region\"] [aria-live=\"polite\"]` - unexpected symbol \"\"\" at position 0\n    at syntaxError (<anonymous>:1466:11)\n    at parseAttributeSelector (<anonymous>:1615:5)\n    at Object.queryAll (<anonymous>:2809:22)\n    at InjectedScript._queryEngineAll (<anonymous>:4442:49)\n    at InjectedScript.querySelectorAll (<anonymous>:4429:30)\n    at InjectedScript.querySelector (<anonymous>:4376:25)\n    at eval (eval at evaluate (:195:30), <anonymous>:8:36)\n    at UtilityScript.evaluate (<anonymous>:197:17)\n    at UtilityScript.<anonymous> (<anonymous>:1:44)\n=========================== logs ===========================\nwaiting for locator(\"role=\\\"region\\\"] [aria-live=\\\"polite\\\"]\")\n============================================================\n    at syntaxError (<anonymous>:1466:11)\n    at parseAttributeSelector (<anonymous>:1615:5)\n    at Object.queryAll (<anonymous>:2809:22)\n    at InjectedScript._queryEngineAll (<anonymous>:4442:49)\n    at InjectedScript.querySelectorAll (<anonymous>:4429:30)\n    at InjectedScript.querySelector (<anonymous>:4376:25)\n    at eval (eval at evaluate (:195:30), <anonymous>:8:36)\n    at UtilityScript.evaluate (<anonymous>:197:17)\n    at UtilityScript.<anonymous> (<anonymous>:1:44)\n    at CRExecutionContext.evaluateWithArguments (/tmp/playwright-java-9945267412322483293/package/lib/server/chromium/crExecutionContext.js:92:33)\n    at async ScopedRace._race (/tmp/playwright-java-9945267412322483293/package/lib/utils/manualPromise.js:80:14)\n    at async evaluateExpression (/tmp/playwright-java-9945267412322483293/package/lib/server/javascript.js:218:12)\n    at async /tmp/playwright-java-9945267412322483293/package/lib/server/frames.js:1396:13\n    at async Frame.retryWithProgressAndTimeouts (/tmp/playwright-java-9945267412322483293/package/lib/server/frames.js:908:24)\n    at async ProgressController.run (/tmp/playwright-java-9945267412322483293/package/lib/server/progress.js:92:22)\n    at async FrameDispatcher.innerText (/tmp/playwright-java-9945267412322483293/package/lib/server/dispatchers/frameDispatcher.js:177:14)\n    at async DispatcherConnection.dispatch (/tmp/playwright-java-9945267412322483293/package/lib/server/dispatchers/dispatcher.js:312:22)\n}\n\tat com.microsoft.playwright.impl.Connection.dispatch(Connection.java:226)\n\tat com.microsoft.playwright.impl.Connection.processOneMessage(Connection.java:206)\n\tat com.microsoft.playwright.impl.ChannelOwner.runUntil(ChannelOwner.java:109)\n\t... 54 more\n","flaky":true,"newFailed":false,"newBroken":true,"newPassed":false,"retriesCount":0,"retriesStatusChange":false,"beforeStages":[{"name":"setUp","time":{"start":1681478213548,"stop":1681478213945,"duration":397},"description":"","status":"passed","steps":[],"attachments":[],"parameters":[],"stepsCount":0,"attachmentsCount":0,"shouldDisplayMessage":false,"hasContent":false}],"testStage":{"status":"broken","statusMessage":"Error {\n  message='Error: Error while parsing selector `\"region\"] [aria-live=\"polite\"]` - unexpected symbol \"\"\" at position 0\n    at syntaxError (<anonymous>:1466:11)\n    at parseAttributeSelector (<anonymous>:1615:5)\n    at Object.queryAll (<anonymous>:2809:22)\n    at InjectedScript._queryEngineAll (<anonymous>:4442:49)\n    at InjectedScript.querySelectorAll (<anonymous>:4429:30)\n    at InjectedScript.querySelector (<anonymous>:4376:25)\n    at eval (eval at evaluate (:195:30), <anonymous>:8:36)\n    at UtilityScript.evaluate (<anonymous>:197:17)\n    at UtilityScript.<anonymous> (<anonymous>:1:44)\n=========================== logs ===========================\nwaiting for locator(\"role=\\\"region\\\"] [aria-live=\\\"polite\\\"]\")\n============================================================\n  name='Error\n  stack='Error: Error: Error while parsing selector `\"region\"] [aria-live=\"polite\"]` - unexpected symbol \"\"\" at position 0\n    at syntaxError (<anonymous>:1466:11)\n    at parseAttributeSelector (<anonymous>:1615:5)\n    at Object.queryAll (<anonymous>:2809:22)\n    at InjectedScript._queryEngineAll (<anonymous>:4442:49)\n    at InjectedScript.querySelectorAll (<anonymous>:4429:30)\n    at InjectedScript.querySelector (<anonymous>:4376:25)\n    at eval (eval at evaluate (:195:30), <anonymous>:8:36)\n    at UtilityScript.evaluate (<anonymous>:197:17)\n    at UtilityScript.<anonymous> (<anonymous>:1:44)\n=========================== logs ===========================\nwaiting for locator(\"role=\\\"region\\\"] [aria-live=\\\"polite\\\"]\")\n============================================================\n    at syntaxError (<anonymous>:1466:11)\n    at parseAttributeSelector (<anonymous>:1615:5)\n    at Object.queryAll (<anonymous>:2809:22)\n    at InjectedScript._queryEngineAll (<anonymous>:4442:49)\n    at InjectedScript.querySelectorAll (<anonymous>:4429:30)\n    at InjectedScript.querySelector (<anonymous>:4376:25)\n    at eval (eval at evaluate (:195:30), <anonymous>:8:36)\n    at UtilityScript.evaluate (<anonymous>:197:17)\n    at UtilityScript.<anonymous> (<anonymous>:1:44)\n    at CRExecutionContext.evaluateWithArguments (/tmp/playwright-java-9945267412322483293/package/lib/server/chromium/crExecutionContext.js:92:33)\n    at async ScopedRace._race (/tmp/playwright-java-9945267412322483293/package/lib/utils/manualPromise.js:80:14)\n    at async evaluateExpression (/tmp/playwright-java-9945267412322483293/package/lib/server/javascript.js:218:12)\n    at async /tmp/playwright-java-9945267412322483293/package/lib/server/frames.js:1396:13\n    at async Frame.retryWithProgressAndTimeouts (/tmp/playwright-java-9945267412322483293/package/lib/server/frames.js:908:24)\n    at async ProgressController.run (/tmp/playwright-java-9945267412322483293/package/lib/server/progress.js:92:22)\n    at async FrameDispatcher.innerText (/tmp/playwright-java-9945267412322483293/package/lib/server/dispatchers/frameDispatcher.js:177:14)\n    at async DispatcherConnection.dispatch (/tmp/playwright-java-9945267412322483293/package/lib/server/dispatchers/dispatcher.js:312:22)\n}","statusTrace":"com.microsoft.playwright.PlaywrightException: Error {\n  message='Error: Error while parsing selector `\"region\"] [aria-live=\"polite\"]` - unexpected symbol \"\"\" at position 0\n    at syntaxError (<anonymous>:1466:11)\n    at parseAttributeSelector (<anonymous>:1615:5)\n    at Object.queryAll (<anonymous>:2809:22)\n    at InjectedScript._queryEngineAll (<anonymous>:4442:49)\n    at InjectedScript.querySelectorAll (<anonymous>:4429:30)\n    at InjectedScript.querySelector (<anonymous>:4376:25)\n    at eval (eval at evaluate (:195:30), <anonymous>:8:36)\n    at UtilityScript.evaluate (<anonymous>:197:17)\n    at UtilityScript.<anonymous> (<anonymous>:1:44)\n=========================== logs ===========================\nwaiting for locator(\"role=\\\"region\\\"] [aria-live=\\\"polite\\\"]\")\n============================================================\n  name='Error\n  stack='Error: Error: Error while parsing selector `\"region\"] [aria-live=\"polite\"]` - unexpected symbol \"\"\" at position 0\n    at syntaxError (<anonymous>:1466:11)\n    at parseAttributeSelector (<anonymous>:1615:5)\n    at Object.queryAll (<anonymous>:2809:22)\n    at InjectedScript._queryEngineAll (<anonymous>:4442:49)\n    at InjectedScript.querySelectorAll (<anonymous>:4429:30)\n    at InjectedScript.querySelector (<anonymous>:4376:25)\n    at eval (eval at evaluate (:195:30), <anonymous>:8:36)\n    at UtilityScript.evaluate (<anonymous>:197:17)\n    at UtilityScript.<anonymous> (<anonymous>:1:44)\n=========================== logs ===========================\nwaiting for locator(\"role=\\\"region\\\"] [aria-live=\\\"polite\\\"]\")\n============================================================\n    at syntaxError (<anonymous>:1466:11)\n    at parseAttributeSelector (<anonymous>:1615:5)\n    at Object.queryAll (<anonymous>:2809:22)\n    at InjectedScript._queryEngineAll (<anonymous>:4442:49)\n    at InjectedScript.querySelectorAll (<anonymous>:4429:30)\n    at InjectedScript.querySelector (<anonymous>:4376:25)\n    at eval (eval at evaluate (:195:30), <anonymous>:8:36)\n    at UtilityScript.evaluate (<anonymous>:197:17)\n    at UtilityScript.<anonymous> (<anonymous>:1:44)\n    at CRExecutionContext.evaluateWithArguments (/tmp/playwright-java-9945267412322483293/package/lib/server/chromium/crExecutionContext.js:92:33)\n    at async ScopedRace._race (/tmp/playwright-java-9945267412322483293/package/lib/utils/manualPromise.js:80:14)\n    at async evaluateExpression (/tmp/playwright-java-9945267412322483293/package/lib/server/javascript.js:218:12)\n    at async /tmp/playwright-java-9945267412322483293/package/lib/server/frames.js:1396:13\n    at async Frame.retryWithProgressAndTimeouts (/tmp/playwright-java-9945267412322483293/package/lib/server/frames.js:908:24)\n    at async ProgressController.run (/tmp/playwright-java-9945267412322483293/package/lib/server/progress.js:92:22)\n    at async FrameDispatcher.innerText (/tmp/playwright-java-9945267412322483293/package/lib/server/dispatchers/frameDispatcher.js:177:14)\n    at async DispatcherConnection.dispatch (/tmp/playwright-java-9945267412322483293/package/lib/server/dispatchers/dispatcher.js:312:22)\n}\n\tat com.microsoft.playwright.impl.WaitableResult.get(WaitableResult.java:54)\n\tat com.microsoft.playwright.impl.ChannelOwner.runUntil(ChannelOwner.java:111)\n\tat com.microsoft.playwright.impl.Connection.sendMessage(Connection.java:126)\n\tat com.microsoft.playwright.impl.ChannelOwner.sendMessage(ChannelOwner.java:102)\n\tat com.microsoft.playwright.impl.FrameImpl.innerTextImpl(FrameImpl.java:526)\n\tat com.microsoft.playwright.impl.FrameImpl.lambda$innerText$22(FrameImpl.java:517)\n\tat com.microsoft.playwright.impl.LoggingSupport.withLogging(LoggingSupport.java:47)\n\tat com.microsoft.playwright.impl.ChannelOwner.withLogging(ChannelOwner.java:87)\n\tat com.microsoft.playwright.impl.FrameImpl.innerText(FrameImpl.java:517)\n\tat com.microsoft.playwright.impl.LocatorImpl.innerText(LocatorImpl.java:318)\n\tat com.microsoft.playwright.Locator.innerText(Locator.java:3486)\n\tat com.chegg.web.core.BasePage.getInnerTextBy(BasePage.java:35)\n\tat com.chegg.web.pages.TranslateTextsPage.translationResult(TranslateTextsPage.java:43)\n\tat com.chegg.web.tests.GoogleTranslateTest.lambda$testTranslateText$6(GoogleTranslateTest.java:59)\n\tat io.qameta.allure.Allure.lambda$step$0(Allure.java:113)\n\tat io.qameta.allure.Allure.lambda$step$1(Allure.java:127)\n\tat io.qameta.allure.Allure.step(Allure.java:181)\n\tat io.qameta.allure.Allure.step(Allure.java:125)\n\tat io.qameta.allure.Allure.step(Allure.java:112)\n\tat com.chegg.web.tests.GoogleTranslateTest.lambda$testTranslateText$7(GoogleTranslateTest.java:58)\n\tat io.qameta.allure.Allure.lambda$step$0(Allure.java:113)\n\tat io.qameta.allure.Allure.lambda$step$1(Allure.java:127)\n\tat io.qameta.allure.Allure.step(Allure.java:181)\n\tat io.qameta.allure.Allure.step(Allure.java:125)\n\tat io.qameta.allure.Allure.step(Allure.java:112)\n\tat com.chegg.web.tests.GoogleTranslateTest.testTranslateText(GoogleTranslateTest.java:36)\n\tat java.base/jdk.internal.reflect.NativeMethodAccessorImpl.invoke0(Native Method)\n\tat java.base/jdk.internal.reflect.NativeMethodAccessorImpl.invoke(NativeMethodAccessorImpl.java:77)\n\tat java.base/jdk.internal.reflect.DelegatingMethodAccessorImpl.invoke(DelegatingMethodAccessorImpl.java:43)\n\tat java.base/java.lang.reflect.Method.invoke(Method.java:568)\n\tat org.testng.internal.MethodInvocationHelper.invokeMethod(MethodInvocationHelper.java:124)\n\tat org.testng.internal.Invoker.invokeMethod(Invoker.java:583)\n\tat org.testng.internal.Invoker.invokeTestMethod(Invoker.java:719)\n\tat org.testng.internal.Invoker.invokeTestMethods(Invoker.java:989)\n\tat org.testng.internal.TestMethodWorker.invokeTestMethods(TestMethodWorker.java:125)\n\tat org.testng.internal.TestMethodWorker.run(TestMethodWorker.java:109)\n\tat org.testng.TestRunner.privateRun(TestRunner.java:648)\n\tat org.testng.TestRunner.run(TestRunner.java:505)\n\tat org.testng.SuiteRunner.runTest(SuiteRunner.java:455)\n\tat org.testng.SuiteRunner.runSequentially(SuiteRunner.java:450)\n\tat org.testng.SuiteRunner.privateRun(SuiteRunner.java:415)\n\tat org.testng.SuiteRunner.run(SuiteRunner.java:364)\n\tat org.testng.SuiteRunnerWorker.runSuite(SuiteRunnerWorker.java:52)\n\tat org.testng.SuiteRunnerWorker.run(SuiteRunnerWorker.java:84)\n\tat org.testng.TestNG.runSuitesSequentially(TestNG.java:1208)\n\tat org.testng.TestNG.runSuitesLocally(TestNG.java:1137)\n\tat org.testng.TestNG.runSuites(TestNG.java:1049)\n\tat org.testng.TestNG.run(TestNG.java:1017)\n\tat org.apache.maven.surefire.testng.TestNGExecutor.run(TestNGExecutor.java:155)\n\tat org.apache.maven.surefire.testng.TestNGDirectoryTestSuite.executeMulti(TestNGDirectoryTestSuite.java:169)\n\tat org.apache.maven.surefire.testng.TestNGDirectoryTestSuite.execute(TestNGDirectoryTestSuite.java:88)\n\tat org.apache.maven.surefire.testng.TestNGProvider.invoke(TestNGProvider.java:137)\n\tat org.apache.maven.surefire.booter.ForkedBooter.runSuitesInProcess(ForkedBooter.java:385)\n\tat org.apache.maven.surefire.booter.ForkedBooter.execute(ForkedBooter.java:162)\n\tat org.apache.maven.surefire.booter.ForkedBooter.run(ForkedBooter.java:507)\n\tat org.apache.maven.surefire.booter.ForkedBooter.main(ForkedBooter.java:495)\nCaused by: com.microsoft.playwright.impl.DriverException: Error {\n  message='Error: Error while parsing selector `\"region\"] [aria-live=\"polite\"]` - unexpected symbol \"\"\" at position 0\n    at syntaxError (<anonymous>:1466:11)\n    at parseAttributeSelector (<anonymous>:1615:5)\n    at Object.queryAll (<anonymous>:2809:22)\n    at InjectedScript._queryEngineAll (<anonymous>:4442:49)\n    at InjectedScript.querySelectorAll (<anonymous>:4429:30)\n    at InjectedScript.querySelector (<anonymous>:4376:25)\n    at eval (eval at evaluate (:195:30), <anonymous>:8:36)\n    at UtilityScript.evaluate (<anonymous>:197:17)\n    at UtilityScript.<anonymous> (<anonymous>:1:44)\n=========================== logs ===========================\nwaiting for locator(\"role=\\\"region\\\"] [aria-live=\\\"polite\\\"]\")\n============================================================\n  name='Error\n  stack='Error: Error: Error while parsing selector `\"region\"] [aria-live=\"polite\"]` - unexpected symbol \"\"\" at position 0\n    at syntaxError (<anonymous>:1466:11)\n    at parseAttributeSelector (<anonymous>:1615:5)\n    at Object.queryAll (<anonymous>:2809:22)\n    at InjectedScript._queryEngineAll (<anonymous>:4442:49)\n    at InjectedScript.querySelectorAll (<anonymous>:4429:30)\n    at InjectedScript.querySelector (<anonymous>:4376:25)\n    at eval (eval at evaluate (:195:30), <anonymous>:8:36)\n    at UtilityScript.evaluate (<anonymous>:197:17)\n    at UtilityScript.<anonymous> (<anonymous>:1:44)\n=========================== logs ===========================\nwaiting for locator(\"role=\\\"region\\\"] [aria-live=\\\"polite\\\"]\")\n============================================================\n    at syntaxError (<anonymous>:1466:11)\n    at parseAttributeSelector (<anonymous>:1615:5)\n    at Object.queryAll (<anonymous>:2809:22)\n    at InjectedScript._queryEngineAll (<anonymous>:4442:49)\n    at InjectedScript.querySelectorAll (<anonymous>:4429:30)\n    at InjectedScript.querySelector (<anonymous>:4376:25)\n    at eval (eval at evaluate (:195:30), <anonymous>:8:36)\n    at UtilityScript.evaluate (<anonymous>:197:17)\n    at UtilityScript.<anonymous> (<anonymous>:1:44)\n    at CRExecutionContext.evaluateWithArguments (/tmp/playwright-java-9945267412322483293/package/lib/server/chromium/crExecutionContext.js:92:33)\n    at async ScopedRace._race (/tmp/playwright-java-9945267412322483293/package/lib/utils/manualPromise.js:80:14)\n    at async evaluateExpression (/tmp/playwright-java-9945267412322483293/package/lib/server/javascript.js:218:12)\n    at async /tmp/playwright-java-9945267412322483293/package/lib/server/frames.js:1396:13\n    at async Frame.retryWithProgressAndTimeouts (/tmp/playwright-java-9945267412322483293/package/lib/server/frames.js:908:24)\n    at async ProgressController.run (/tmp/playwright-java-9945267412322483293/package/lib/server/progress.js:92:22)\n    at async FrameDispatcher.innerText (/tmp/playwright-java-9945267412322483293/package/lib/server/dispatchers/frameDispatcher.js:177:14)\n    at async DispatcherConnection.dispatch (/tmp/playwright-java-9945267412322483293/package/lib/server/dispatchers/dispatcher.js:312:22)\n}\n\tat com.microsoft.playwright.impl.Connection.dispatch(Connection.java:226)\n\tat com.microsoft.playwright.impl.Connection.processOneMessage(Connection.java:206)\n\tat com.microsoft.playwright.impl.ChannelOwner.runUntil(ChannelOwner.java:109)\n\t... 54 more\n","steps":[{"name":"Navigate to https://translate.google.com","time":{"start":1681478213948,"stop":1681478215214,"duration":1266},"status":"passed","steps":[],"attachments":[],"parameters":[],"stepsCount":0,"attachmentsCount":0,"shouldDisplayMessage":false,"hasContent":false},{"name":"Init translate text","time":{"start":1681478215214,"stop":1681478225708,"duration":10494},"status":"broken","statusMessage":"Error {\n  message='Error: Error while parsing selector `\"region\"] [aria-live=\"polite\"]` - unexpected symbol \"\"\" at position 0\n    at syntaxError (<anonymous>:1466:11)\n    at parseAttributeSelector (<anonymous>:1615:5)\n    at Object.queryAll (<anonymous>:2809:22)\n    at InjectedScript._queryEngineAll (<anonymous>:4442:49)\n    at InjectedScript.querySelectorAll (<anonymous>:4429:30)\n    at InjectedScript.querySelector (<anonymous>:4376:25)\n    at eval (eval at evaluate (:195:30), <anonymous>:8:36)\n    at UtilityScript.evaluate (<anonymous>:197:17)\n    at UtilityScript.<anonymous> (<anonymous>:1:44)\n=========================== logs ===========================\nwaiting for locator(\"role=\\\"region\\\"] [aria-live=\\\"polite\\\"]\")\n============================================================\n  name='Error\n  stack='Error: Error: Error while parsing selector `\"region\"] [aria-live=\"polite\"]` - unexpected symbol \"\"\" at position 0\n    at syntaxError (<anonymous>:1466:11)\n    at parseAttributeSelector (<anonymous>:1615:5)\n    at Object.queryAll (<anonymous>:2809:22)\n    at InjectedScript._queryEngineAll (<anonymous>:4442:49)\n    at InjectedScript.querySelectorAll (<anonymous>:4429:30)\n    at InjectedScript.querySelector (<anonymous>:4376:25)\n    at eval (eval at evaluate (:195:30), <anonymous>:8:36)\n    at UtilityScript.evaluate (<anonymous>:197:17)\n    at UtilityScript.<anonymous> (<anonymous>:1:44)\n=========================== logs ===========================\nwaiting for locator(\"role=\\\"region\\\"] [aria-live=\\\"polite\\\"]\")\n============================================================\n    at syntaxError (<anonymous>:1466:11)\n    at parseAttributeSelector (<anonymous>:1615:5)\n    at Object.queryAll (<anonymous>:2809:22)\n    at InjectedScript._queryEngineAll (<anonymous>:4442:49)\n    at InjectedScript.querySelectorAll (<anonymous>:4429:30)\n    at InjectedScript.querySelector (<anonymous>:4376:25)\n    at eval (eval at evaluate (:195:30), <anonymous>:8:36)\n    at UtilityScript.evaluate (<anonymous>:197:17)\n    at UtilityScript.<anonymous> (<anonymous>:1:44)\n    at CRExecutionContext.evaluateWithArguments (/tmp/playwright-java-9945267412322483293/package/lib/server/chromium/crExecutionContext.js:92:33)\n    at async ScopedRace._race (/tmp/playwright-java-9945267412322483293/package/lib/utils/manualPromise.js:80:14)\n    at async evaluateExpression (/tmp/playwright-java-9945267412322483293/package/lib/server/javascript.js:218:12)\n    at async /tmp/playwright-java-9945267412322483293/package/lib/server/frames.js:1396:13\n    at async Frame.retryWithProgressAndTimeouts (/tmp/playwright-java-9945267412322483293/package/lib/server/frames.js:908:24)\n    at async ProgressController.run (/tmp/playwright-java-9945267412322483293/package/lib/server/progress.js:92:22)\n    at async FrameDispatcher.innerText (/tmp/playwright-java-9945267412322483293/package/lib/server/dispatchers/frameDispatcher.js:177:14)\n    at async DispatcherConnection.dispatch (/tmp/playwright-java-9945267412322483293/package/lib/server/dispatchers/dispatcher.js:312:22)\n}","statusTrace":"com.microsoft.playwright.PlaywrightException: Error {\n  message='Error: Error while parsing selector `\"region\"] [aria-live=\"polite\"]` - unexpected symbol \"\"\" at position 0\n    at syntaxError (<anonymous>:1466:11)\n    at parseAttributeSelector (<anonymous>:1615:5)\n    at Object.queryAll (<anonymous>:2809:22)\n    at InjectedScript._queryEngineAll (<anonymous>:4442:49)\n    at InjectedScript.querySelectorAll (<anonymous>:4429:30)\n    at InjectedScript.querySelector (<anonymous>:4376:25)\n    at eval (eval at evaluate (:195:30), <anonymous>:8:36)\n    at UtilityScript.evaluate (<anonymous>:197:17)\n    at UtilityScript.<anonymous> (<anonymous>:1:44)\n=========================== logs ===========================\nwaiting for locator(\"role=\\\"region\\\"] [aria-live=\\\"polite\\\"]\")\n============================================================\n  name='Error\n  stack='Error: Error: Error while parsing selector `\"region\"] [aria-live=\"polite\"]` - unexpected symbol \"\"\" at position 0\n    at syntaxError (<anonymous>:1466:11)\n    at parseAttributeSelector (<anonymous>:1615:5)\n    at Object.queryAll (<anonymous>:2809:22)\n    at InjectedScript._queryEngineAll (<anonymous>:4442:49)\n    at InjectedScript.querySelectorAll (<anonymous>:4429:30)\n    at InjectedScript.querySelector (<anonymous>:4376:25)\n    at eval (eval at evaluate (:195:30), <anonymous>:8:36)\n    at UtilityScript.evaluate (<anonymous>:197:17)\n    at UtilityScript.<anonymous> (<anonymous>:1:44)\n=========================== logs ===========================\nwaiting for locator(\"role=\\\"region\\\"] [aria-live=\\\"polite\\\"]\")\n============================================================\n    at syntaxError (<anonymous>:1466:11)\n    at parseAttributeSelector (<anonymous>:1615:5)\n    at Object.queryAll (<anonymous>:2809:22)\n    at InjectedScript._queryEngineAll (<anonymous>:4442:49)\n    at InjectedScript.querySelectorAll (<anonymous>:4429:30)\n    at InjectedScript.querySelector (<anonymous>:4376:25)\n    at eval (eval at evaluate (:195:30), <anonymous>:8:36)\n    at UtilityScript.evaluate (<anonymous>:197:17)\n    at UtilityScript.<anonymous> (<anonymous>:1:44)\n    at CRExecutionContext.evaluateWithArguments (/tmp/playwright-java-9945267412322483293/package/lib/server/chromium/crExecutionContext.js:92:33)\n    at async ScopedRace._race (/tmp/playwright-java-9945267412322483293/package/lib/utils/manualPromise.js:80:14)\n    at async evaluateExpression (/tmp/playwright-java-9945267412322483293/package/lib/server/javascript.js:218:12)\n    at async /tmp/playwright-java-9945267412322483293/package/lib/server/frames.js:1396:13\n    at async Frame.retryWithProgressAndTimeouts (/tmp/playwright-java-9945267412322483293/package/lib/server/frames.js:908:24)\n    at async ProgressController.run (/tmp/playwright-java-9945267412322483293/package/lib/server/progress.js:92:22)\n    at async FrameDispatcher.innerText (/tmp/playwright-java-9945267412322483293/package/lib/server/dispatchers/frameDispatcher.js:177:14)\n    at async DispatcherConnection.dispatch (/tmp/playwright-java-9945267412322483293/package/lib/server/dispatchers/dispatcher.js:312:22)\n}\n\tat com.microsoft.playwright.impl.WaitableResult.get(WaitableResult.java:54)\n\tat com.microsoft.playwright.impl.ChannelOwner.runUntil(ChannelOwner.java:111)\n\tat com.microsoft.playwright.impl.Connection.sendMessage(Connection.java:126)\n\tat com.microsoft.playwright.impl.ChannelOwner.sendMessage(ChannelOwner.java:102)\n\tat com.microsoft.playwright.impl.FrameImpl.innerTextImpl(FrameImpl.java:526)\n\tat com.microsoft.playwright.impl.FrameImpl.lambda$innerText$22(FrameImpl.java:517)\n\tat com.microsoft.playwright.impl.LoggingSupport.withLogging(LoggingSupport.java:47)\n\tat com.microsoft.playwright.impl.ChannelOwner.withLogging(ChannelOwner.java:87)\n\tat com.microsoft.playwright.impl.FrameImpl.innerText(FrameImpl.java:517)\n\tat com.microsoft.playwright.impl.LocatorImpl.innerText(LocatorImpl.java:318)\n\tat com.microsoft.playwright.Locator.innerText(Locator.java:3486)\n\tat com.chegg.web.core.BasePage.getInnerTextBy(BasePage.java:35)\n\tat com.chegg.web.pages.TranslateTextsPage.translationResult(TranslateTextsPage.java:43)\n\tat com.chegg.web.tests.GoogleTranslateTest.lambda$testTranslateText$6(GoogleTranslateTest.java:59)\n\tat io.qameta.allure.Allure.lambda$step$0(Allure.java:113)\n\tat io.qameta.allure.Allure.lambda$step$1(Allure.java:127)\n\tat io.qameta.allure.Allure.step(Allure.java:181)\n\tat io.qameta.allure.Allure.step(Allure.java:125)\n\tat io.qameta.allure.Allure.step(Allure.java:112)\n\tat com.chegg.web.tests.GoogleTranslateTest.lambda$testTranslateText$7(GoogleTranslateTest.java:58)\n\tat io.qameta.allure.Allure.lambda$step$0(Allure.java:113)\n\tat io.qameta.allure.Allure.lambda$step$1(Allure.java:127)\n\tat io.qameta.allure.Allure.step(Allure.java:181)\n\tat io.qameta.allure.Allure.step(Allure.java:125)\n\tat io.qameta.allure.Allure.step(Allure.java:112)\n\tat com.chegg.web.tests.GoogleTranslateTest.testTranslateText(GoogleTranslateTest.java:36)\n\tat java.base/jdk.internal.reflect.NativeMethodAccessorImpl.invoke0(Native Method)\n\tat java.base/jdk.internal.reflect.NativeMethodAccessorImpl.invoke(NativeMethodAccessorImpl.java:77)\n\tat java.base/jdk.internal.reflect.DelegatingMethodAccessorImpl.invoke(DelegatingMethodAccessorImpl.java:43)\n\tat java.base/java.lang.reflect.Method.invoke(Method.java:568)\n\tat org.testng.internal.MethodInvocationHelper.invokeMethod(MethodInvocationHelper.java:124)\n\tat org.testng.internal.Invoker.invokeMethod(Invoker.java:583)\n\tat org.testng.internal.Invoker.invokeTestMethod(Invoker.java:719)\n\tat org.testng.internal.Invoker.invokeTestMethods(Invoker.java:989)\n\tat org.testng.internal.TestMethodWorker.invokeTestMethods(TestMethodWorker.java:125)\n\tat org.testng.internal.TestMethodWorker.run(TestMethodWorker.java:109)\n\tat org.testng.TestRunner.privateRun(TestRunner.java:648)\n\tat org.testng.TestRunner.run(TestRunner.java:505)\n\tat org.testng.SuiteRunner.runTest(SuiteRunner.java:455)\n\tat org.testng.SuiteRunner.runSequentially(SuiteRunner.java:450)\n\tat org.testng.SuiteRunner.privateRun(SuiteRunner.java:415)\n\tat org.testng.SuiteRunner.run(SuiteRunner.java:364)\n\tat org.testng.SuiteRunnerWorker.runSuite(SuiteRunnerWorker.java:52)\n\tat org.testng.SuiteRunnerWorker.run(SuiteRunnerWorker.java:84)\n\tat org.testng.TestNG.runSuitesSequentially(TestNG.java:1208)\n\tat org.testng.TestNG.runSuitesLocally(TestNG.java:1137)\n\tat org.testng.TestNG.runSuites(TestNG.java:1049)\n\tat org.testng.TestNG.run(TestNG.java:1017)\n\tat org.apache.maven.surefire.testng.TestNGExecutor.run(TestNGExecutor.java:155)\n\tat org.apache.maven.surefire.testng.TestNGDirectoryTestSuite.executeMulti(TestNGDirectoryTestSuite.java:169)\n\tat org.apache.maven.surefire.testng.TestNGDirectoryTestSuite.execute(TestNGDirectoryTestSuite.java:88)\n\tat org.apache.maven.surefire.testng.TestNGProvider.invoke(TestNGProvider.java:137)\n\tat org.apache.maven.surefire.booter.ForkedBooter.runSuitesInProcess(ForkedBooter.java:385)\n\tat org.apache.maven.surefire.booter.ForkedBooter.execute(ForkedBooter.java:162)\n\tat org.apache.maven.surefire.booter.ForkedBooter.run(ForkedBooter.java:507)\n\tat org.apache.maven.surefire.booter.ForkedBooter.main(ForkedBooter.java:495)\nCaused by: com.microsoft.playwright.impl.DriverException: Error {\n  message='Error: Error while parsing selector `\"region\"] [aria-live=\"polite\"]` - unexpected symbol \"\"\" at position 0\n    at syntaxError (<anonymous>:1466:11)\n    at parseAttributeSelector (<anonymous>:1615:5)\n    at Object.queryAll (<anonymous>:2809:22)\n    at InjectedScript._queryEngineAll (<anonymous>:4442:49)\n    at InjectedScript.querySelectorAll (<anonymous>:4429:30)\n    at InjectedScript.querySelector (<anonymous>:4376:25)\n    at eval (eval at evaluate (:195:30), <anonymous>:8:36)\n    at UtilityScript.evaluate (<anonymous>:197:17)\n    at UtilityScript.<anonymous> (<anonymous>:1:44)\n=========================== logs ===========================\nwaiting for locator(\"role=\\\"region\\\"] [aria-live=\\\"polite\\\"]\")\n============================================================\n  name='Error\n  stack='Error: Error: Error while parsing selector `\"region\"] [aria-live=\"polite\"]` - unexpected symbol \"\"\" at position 0\n    at syntaxError (<anonymous>:1466:11)\n    at parseAttributeSelector (<anonymous>:1615:5)\n    at Object.queryAll (<anonymous>:2809:22)\n    at InjectedScript._queryEngineAll (<anonymous>:4442:49)\n    at InjectedScript.querySelectorAll (<anonymous>:4429:30)\n    at InjectedScript.querySelector (<anonymous>:4376:25)\n    at eval (eval at evaluate (:195:30), <anonymous>:8:36)\n    at UtilityScript.evaluate (<anonymous>:197:17)\n    at UtilityScript.<anonymous> (<anonymous>:1:44)\n=========================== logs ===========================\nwaiting for locator(\"role=\\\"region\\\"] [aria-live=\\\"polite\\\"]\")\n============================================================\n    at syntaxError (<anonymous>:1466:11)\n    at parseAttributeSelector (<anonymous>:1615:5)\n    at Object.queryAll (<anonymous>:2809:22)\n    at InjectedScript._queryEngineAll (<anonymous>:4442:49)\n    at InjectedScript.querySelectorAll (<anonymous>:4429:30)\n    at InjectedScript.querySelector (<anonymous>:4376:25)\n    at eval (eval at evaluate (:195:30), <anonymous>:8:36)\n    at UtilityScript.evaluate (<anonymous>:197:17)\n    at UtilityScript.<anonymous> (<anonymous>:1:44)\n    at CRExecutionContext.evaluateWithArguments (/tmp/playwright-java-9945267412322483293/package/lib/server/chromium/crExecutionContext.js:92:33)\n    at async ScopedRace._race (/tmp/playwright-java-9945267412322483293/package/lib/utils/manualPromise.js:80:14)\n    at async evaluateExpression (/tmp/playwright-java-9945267412322483293/package/lib/server/javascript.js:218:12)\n    at async /tmp/playwright-java-9945267412322483293/package/lib/server/frames.js:1396:13\n    at async Frame.retryWithProgressAndTimeouts (/tmp/playwright-java-9945267412322483293/package/lib/server/frames.js:908:24)\n    at async ProgressController.run (/tmp/playwright-java-9945267412322483293/package/lib/server/progress.js:92:22)\n    at async FrameDispatcher.innerText (/tmp/playwright-java-9945267412322483293/package/lib/server/dispatchers/frameDispatcher.js:177:14)\n    at async DispatcherConnection.dispatch (/tmp/playwright-java-9945267412322483293/package/lib/server/dispatchers/dispatcher.js:312:22)\n}\n\tat com.microsoft.playwright.impl.Connection.dispatch(Connection.java:226)\n\tat com.microsoft.playwright.impl.Connection.processOneMessage(Connection.java:206)\n\tat com.microsoft.playwright.impl.ChannelOwner.runUntil(ChannelOwner.java:109)\n\t... 54 more\n","steps":[{"name":"Open Source Language list","time":{"start":1681478215571,"stop":1681478218961,"duration":3390},"status":"passed","steps":[{"name":"Search for the desired language and choose it","time":{"start":1681478215861,"stop":1681478218961,"duration":3100},"status":"passed","steps":[{"name":"assertThat 'false'","time":{"start":1681478218961,"stop":1681478218961,"duration":0},"status":"passed","steps":[],"attachments":[],"parameters":[],"stepsCount":0,"attachmentsCount":0,"shouldDisplayMessage":false,"hasContent":false},{"name":"describedAs 'the lang list is closed'","time":{"start":1681478218961,"stop":1681478218961,"duration":0},"status":"passed","steps":[],"attachments":[],"parameters":[],"stepsCount":0,"attachmentsCount":0,"shouldDisplayMessage":false,"hasContent":false},{"name":"isFalse","time":{"start":1681478218961,"stop":1681478218961,"duration":0},"status":"passed","steps":[],"attachments":[],"parameters":[],"stepsCount":0,"attachmentsCount":0,"shouldDisplayMessage":false,"hasContent":false}],"attachments":[],"parameters":[],"stepsCount":3,"attachmentsCount":0,"shouldDisplayMessage":false,"hasContent":true}],"attachments":[],"parameters":[],"stepsCount":4,"attachmentsCount":0,"shouldDisplayMessage":false,"hasContent":true},{"name":"Open Target Language list","time":{"start":1681478218961,"stop":1681478222288,"duration":3327},"status":"passed","steps":[{"name":"Search for the desired language and choose it","time":{"start":1681478219249,"stop":1681478222287,"duration":3038},"status":"passed","steps":[{"name":"assertThat 'false'","time":{"start":1681478222287,"stop":1681478222287,"duration":0},"status":"passed","steps":[],"attachments":[],"parameters":[],"stepsCount":0,"attachmentsCount":0,"shouldDisplayMessage":false,"hasContent":false},{"name":"describedAs 'the lang list is closed'","time":{"start":1681478222287,"stop":1681478222287,"duration":0},"status":"passed","steps":[],"attachments":[],"parameters":[],"stepsCount":0,"attachmentsCount":0,"shouldDisplayMessage":false,"hasContent":false},{"name":"isFalse","time":{"start":1681478222287,"stop":1681478222287,"duration":0},"status":"passed","steps":[],"attachments":[],"parameters":[],"stepsCount":0,"attachmentsCount":0,"shouldDisplayMessage":false,"hasContent":false}],"attachments":[],"parameters":[],"stepsCount":3,"attachmentsCount":0,"shouldDisplayMessage":false,"hasContent":true}],"attachments":[],"parameters":[],"stepsCount":4,"attachmentsCount":0,"shouldDisplayMessage":false,"hasContent":true},{"name":"Type text in the selected language and press any key","time":{"start":1681478222288,"stop":1681478224272,"duration":1984},"status":"passed","steps":[],"attachments":[],"parameters":[],"stepsCount":0,"attachmentsCount":0,"shouldDisplayMessage":false,"hasContent":false},{"name":"Verify translation","time":{"start":1681478224272,"stop":1681478225708,"duration":1436},"status":"broken","statusMessage":"Error {\n  message='Error: Error while parsing selector `\"region\"] [aria-live=\"polite\"]` - unexpected symbol \"\"\" at position 0\n    at syntaxError (<anonymous>:1466:11)\n    at parseAttributeSelector (<anonymous>:1615:5)\n    at Object.queryAll (<anonymous>:2809:22)\n    at InjectedScript._queryEngineAll (<anonymous>:4442:49)\n    at InjectedScript.querySelectorAll (<anonymous>:4429:30)\n    at InjectedScript.querySelector (<anonymous>:4376:25)\n    at eval (eval at evaluate (:195:30), <anonymous>:8:36)\n    at UtilityScript.evaluate (<anonymous>:197:17)\n    at UtilityScript.<anonymous> (<anonymous>:1:44)\n=========================== logs ===========================\nwaiting for locator(\"role=\\\"region\\\"] [aria-live=\\\"polite\\\"]\")\n============================================================\n  name='Error\n  stack='Error: Error: Error while parsing selector `\"region\"] [aria-live=\"polite\"]` - unexpected symbol \"\"\" at position 0\n    at syntaxError (<anonymous>:1466:11)\n    at parseAttributeSelector (<anonymous>:1615:5)\n    at Object.queryAll (<anonymous>:2809:22)\n    at InjectedScript._queryEngineAll (<anonymous>:4442:49)\n    at InjectedScript.querySelectorAll (<anonymous>:4429:30)\n    at InjectedScript.querySelector (<anonymous>:4376:25)\n    at eval (eval at evaluate (:195:30), <anonymous>:8:36)\n    at UtilityScript.evaluate (<anonymous>:197:17)\n    at UtilityScript.<anonymous> (<anonymous>:1:44)\n=========================== logs ===========================\nwaiting for locator(\"role=\\\"region\\\"] [aria-live=\\\"polite\\\"]\")\n============================================================\n    at syntaxError (<anonymous>:1466:11)\n    at parseAttributeSelector (<anonymous>:1615:5)\n    at Object.queryAll (<anonymous>:2809:22)\n    at InjectedScript._queryEngineAll (<anonymous>:4442:49)\n    at InjectedScript.querySelectorAll (<anonymous>:4429:30)\n    at InjectedScript.querySelector (<anonymous>:4376:25)\n    at eval (eval at evaluate (:195:30), <anonymous>:8:36)\n    at UtilityScript.evaluate (<anonymous>:197:17)\n    at UtilityScript.<anonymous> (<anonymous>:1:44)\n    at CRExecutionContext.evaluateWithArguments (/tmp/playwright-java-9945267412322483293/package/lib/server/chromium/crExecutionContext.js:92:33)\n    at async ScopedRace._race (/tmp/playwright-java-9945267412322483293/package/lib/utils/manualPromise.js:80:14)\n    at async evaluateExpression (/tmp/playwright-java-9945267412322483293/package/lib/server/javascript.js:218:12)\n    at async /tmp/playwright-java-9945267412322483293/package/lib/server/frames.js:1396:13\n    at async Frame.retryWithProgressAndTimeouts (/tmp/playwright-java-9945267412322483293/package/lib/server/frames.js:908:24)\n    at async ProgressController.run (/tmp/playwright-java-9945267412322483293/package/lib/server/progress.js:92:22)\n    at async FrameDispatcher.innerText (/tmp/playwright-java-9945267412322483293/package/lib/server/dispatchers/frameDispatcher.js:177:14)\n    at async DispatcherConnection.dispatch (/tmp/playwright-java-9945267412322483293/package/lib/server/dispatchers/dispatcher.js:312:22)\n}","statusTrace":"com.microsoft.playwright.PlaywrightException: Error {\n  message='Error: Error while parsing selector `\"region\"] [aria-live=\"polite\"]` - unexpected symbol \"\"\" at position 0\n    at syntaxError (<anonymous>:1466:11)\n    at parseAttributeSelector (<anonymous>:1615:5)\n    at Object.queryAll (<anonymous>:2809:22)\n    at InjectedScript._queryEngineAll (<anonymous>:4442:49)\n    at InjectedScript.querySelectorAll (<anonymous>:4429:30)\n    at InjectedScript.querySelector (<anonymous>:4376:25)\n    at eval (eval at evaluate (:195:30), <anonymous>:8:36)\n    at UtilityScript.evaluate (<anonymous>:197:17)\n    at UtilityScript.<anonymous> (<anonymous>:1:44)\n=========================== logs ===========================\nwaiting for locator(\"role=\\\"region\\\"] [aria-live=\\\"polite\\\"]\")\n============================================================\n  name='Error\n  stack='Error: Error: Error while parsing selector `\"region\"] [aria-live=\"polite\"]` - unexpected symbol \"\"\" at position 0\n    at syntaxError (<anonymous>:1466:11)\n    at parseAttributeSelector (<anonymous>:1615:5)\n    at Object.queryAll (<anonymous>:2809:22)\n    at InjectedScript._queryEngineAll (<anonymous>:4442:49)\n    at InjectedScript.querySelectorAll (<anonymous>:4429:30)\n    at InjectedScript.querySelector (<anonymous>:4376:25)\n    at eval (eval at evaluate (:195:30), <anonymous>:8:36)\n    at UtilityScript.evaluate (<anonymous>:197:17)\n    at UtilityScript.<anonymous> (<anonymous>:1:44)\n=========================== logs ===========================\nwaiting for locator(\"role=\\\"region\\\"] [aria-live=\\\"polite\\\"]\")\n============================================================\n    at syntaxError (<anonymous>:1466:11)\n    at parseAttributeSelector (<anonymous>:1615:5)\n    at Object.queryAll (<anonymous>:2809:22)\n    at InjectedScript._queryEngineAll (<anonymous>:4442:49)\n    at InjectedScript.querySelectorAll (<anonymous>:4429:30)\n    at InjectedScript.querySelector (<anonymous>:4376:25)\n    at eval (eval at evaluate (:195:30), <anonymous>:8:36)\n    at UtilityScript.evaluate (<anonymous>:197:17)\n    at UtilityScript.<anonymous> (<anonymous>:1:44)\n    at CRExecutionContext.evaluateWithArguments (/tmp/playwright-java-9945267412322483293/package/lib/server/chromium/crExecutionContext.js:92:33)\n    at async ScopedRace._race (/tmp/playwright-java-9945267412322483293/package/lib/utils/manualPromise.js:80:14)\n    at async evaluateExpression (/tmp/playwright-java-9945267412322483293/package/lib/server/javascript.js:218:12)\n    at async /tmp/playwright-java-9945267412322483293/package/lib/server/frames.js:1396:13\n    at async Frame.retryWithProgressAndTimeouts (/tmp/playwright-java-9945267412322483293/package/lib/server/frames.js:908:24)\n    at async ProgressController.run (/tmp/playwright-java-9945267412322483293/package/lib/server/progress.js:92:22)\n    at async FrameDispatcher.innerText (/tmp/playwright-java-9945267412322483293/package/lib/server/dispatchers/frameDispatcher.js:177:14)\n    at async DispatcherConnection.dispatch (/tmp/playwright-java-9945267412322483293/package/lib/server/dispatchers/dispatcher.js:312:22)\n}\n\tat com.microsoft.playwright.impl.WaitableResult.get(WaitableResult.java:54)\n\tat com.microsoft.playwright.impl.ChannelOwner.runUntil(ChannelOwner.java:111)\n\tat com.microsoft.playwright.impl.Connection.sendMessage(Connection.java:126)\n\tat com.microsoft.playwright.impl.ChannelOwner.sendMessage(ChannelOwner.java:102)\n\tat com.microsoft.playwright.impl.FrameImpl.innerTextImpl(FrameImpl.java:526)\n\tat com.microsoft.playwright.impl.FrameImpl.lambda$innerText$22(FrameImpl.java:517)\n\tat com.microsoft.playwright.impl.LoggingSupport.withLogging(LoggingSupport.java:47)\n\tat com.microsoft.playwright.impl.ChannelOwner.withLogging(ChannelOwner.java:87)\n\tat com.microsoft.playwright.impl.FrameImpl.innerText(FrameImpl.java:517)\n\tat com.microsoft.playwright.impl.LocatorImpl.innerText(LocatorImpl.java:318)\n\tat com.microsoft.playwright.Locator.innerText(Locator.java:3486)\n\tat com.chegg.web.core.BasePage.getInnerTextBy(BasePage.java:35)\n\tat com.chegg.web.pages.TranslateTextsPage.translationResult(TranslateTextsPage.java:43)\n\tat com.chegg.web.tests.GoogleTranslateTest.lambda$testTranslateText$6(GoogleTranslateTest.java:59)\n\tat io.qameta.allure.Allure.lambda$step$0(Allure.java:113)\n\tat io.qameta.allure.Allure.lambda$step$1(Allure.java:127)\n\tat io.qameta.allure.Allure.step(Allure.java:181)\n\tat io.qameta.allure.Allure.step(Allure.java:125)\n\tat io.qameta.allure.Allure.step(Allure.java:112)\n\tat com.chegg.web.tests.GoogleTranslateTest.lambda$testTranslateText$7(GoogleTranslateTest.java:58)\n\tat io.qameta.allure.Allure.lambda$step$0(Allure.java:113)\n\tat io.qameta.allure.Allure.lambda$step$1(Allure.java:127)\n\tat io.qameta.allure.Allure.step(Allure.java:181)\n\tat io.qameta.allure.Allure.step(Allure.java:125)\n\tat io.qameta.allure.Allure.step(Allure.java:112)\n\tat com.chegg.web.tests.GoogleTranslateTest.testTranslateText(GoogleTranslateTest.java:36)\n\tat java.base/jdk.internal.reflect.NativeMethodAccessorImpl.invoke0(Native Method)\n\tat java.base/jdk.internal.reflect.NativeMethodAccessorImpl.invoke(NativeMethodAccessorImpl.java:77)\n\tat java.base/jdk.internal.reflect.DelegatingMethodAccessorImpl.invoke(DelegatingMethodAccessorImpl.java:43)\n\tat java.base/java.lang.reflect.Method.invoke(Method.java:568)\n\tat org.testng.internal.MethodInvocationHelper.invokeMethod(MethodInvocationHelper.java:124)\n\tat org.testng.internal.Invoker.invokeMethod(Invoker.java:583)\n\tat org.testng.internal.Invoker.invokeTestMethod(Invoker.java:719)\n\tat org.testng.internal.Invoker.invokeTestMethods(Invoker.java:989)\n\tat org.testng.internal.TestMethodWorker.invokeTestMethods(TestMethodWorker.java:125)\n\tat org.testng.internal.TestMethodWorker.run(TestMethodWorker.java:109)\n\tat org.testng.TestRunner.privateRun(TestRunner.java:648)\n\tat org.testng.TestRunner.run(TestRunner.java:505)\n\tat org.testng.SuiteRunner.runTest(SuiteRunner.java:455)\n\tat org.testng.SuiteRunner.runSequentially(SuiteRunner.java:450)\n\tat org.testng.SuiteRunner.privateRun(SuiteRunner.java:415)\n\tat org.testng.SuiteRunner.run(SuiteRunner.java:364)\n\tat org.testng.SuiteRunnerWorker.runSuite(SuiteRunnerWorker.java:52)\n\tat org.testng.SuiteRunnerWorker.run(SuiteRunnerWorker.java:84)\n\tat org.testng.TestNG.runSuitesSequentially(TestNG.java:1208)\n\tat org.testng.TestNG.runSuitesLocally(TestNG.java:1137)\n\tat org.testng.TestNG.runSuites(TestNG.java:1049)\n\tat org.testng.TestNG.run(TestNG.java:1017)\n\tat org.apache.maven.surefire.testng.TestNGExecutor.run(TestNGExecutor.java:155)\n\tat org.apache.maven.surefire.testng.TestNGDirectoryTestSuite.executeMulti(TestNGDirectoryTestSuite.java:169)\n\tat org.apache.maven.surefire.testng.TestNGDirectoryTestSuite.execute(TestNGDirectoryTestSuite.java:88)\n\tat org.apache.maven.surefire.testng.TestNGProvider.invoke(TestNGProvider.java:137)\n\tat org.apache.maven.surefire.booter.ForkedBooter.runSuitesInProcess(ForkedBooter.java:385)\n\tat org.apache.maven.surefire.booter.ForkedBooter.execute(ForkedBooter.java:162)\n\tat org.apache.maven.surefire.booter.ForkedBooter.run(ForkedBooter.java:507)\n\tat org.apache.maven.surefire.booter.ForkedBooter.main(ForkedBooter.java:495)\nCaused by: com.microsoft.playwright.impl.DriverException: Error {\n  message='Error: Error while parsing selector `\"region\"] [aria-live=\"polite\"]` - unexpected symbol \"\"\" at position 0\n    at syntaxError (<anonymous>:1466:11)\n    at parseAttributeSelector (<anonymous>:1615:5)\n    at Object.queryAll (<anonymous>:2809:22)\n    at InjectedScript._queryEngineAll (<anonymous>:4442:49)\n    at InjectedScript.querySelectorAll (<anonymous>:4429:30)\n    at InjectedScript.querySelector (<anonymous>:4376:25)\n    at eval (eval at evaluate (:195:30), <anonymous>:8:36)\n    at UtilityScript.evaluate (<anonymous>:197:17)\n    at UtilityScript.<anonymous> (<anonymous>:1:44)\n=========================== logs ===========================\nwaiting for locator(\"role=\\\"region\\\"] [aria-live=\\\"polite\\\"]\")\n============================================================\n  name='Error\n  stack='Error: Error: Error while parsing selector `\"region\"] [aria-live=\"polite\"]` - unexpected symbol \"\"\" at position 0\n    at syntaxError (<anonymous>:1466:11)\n    at parseAttributeSelector (<anonymous>:1615:5)\n    at Object.queryAll (<anonymous>:2809:22)\n    at InjectedScript._queryEngineAll (<anonymous>:4442:49)\n    at InjectedScript.querySelectorAll (<anonymous>:4429:30)\n    at InjectedScript.querySelector (<anonymous>:4376:25)\n    at eval (eval at evaluate (:195:30), <anonymous>:8:36)\n    at UtilityScript.evaluate (<anonymous>:197:17)\n    at UtilityScript.<anonymous> (<anonymous>:1:44)\n=========================== logs ===========================\nwaiting for locator(\"role=\\\"region\\\"] [aria-live=\\\"polite\\\"]\")\n============================================================\n    at syntaxError (<anonymous>:1466:11)\n    at parseAttributeSelector (<anonymous>:1615:5)\n    at Object.queryAll (<anonymous>:2809:22)\n    at InjectedScript._queryEngineAll (<anonymous>:4442:49)\n    at InjectedScript.querySelectorAll (<anonymous>:4429:30)\n    at InjectedScript.querySelector (<anonymous>:4376:25)\n    at eval (eval at evaluate (:195:30), <anonymous>:8:36)\n    at UtilityScript.evaluate (<anonymous>:197:17)\n    at UtilityScript.<anonymous> (<anonymous>:1:44)\n    at CRExecutionContext.evaluateWithArguments (/tmp/playwright-java-9945267412322483293/package/lib/server/chromium/crExecutionContext.js:92:33)\n    at async ScopedRace._race (/tmp/playwright-java-9945267412322483293/package/lib/utils/manualPromise.js:80:14)\n    at async evaluateExpression (/tmp/playwright-java-9945267412322483293/package/lib/server/javascript.js:218:12)\n    at async /tmp/playwright-java-9945267412322483293/package/lib/server/frames.js:1396:13\n    at async Frame.retryWithProgressAndTimeouts (/tmp/playwright-java-9945267412322483293/package/lib/server/frames.js:908:24)\n    at async ProgressController.run (/tmp/playwright-java-9945267412322483293/package/lib/server/progress.js:92:22)\n    at async FrameDispatcher.innerText (/tmp/playwright-java-9945267412322483293/package/lib/server/dispatchers/frameDispatcher.js:177:14)\n    at async DispatcherConnection.dispatch (/tmp/playwright-java-9945267412322483293/package/lib/server/dispatchers/dispatcher.js:312:22)\n}\n\tat com.microsoft.playwright.impl.Connection.dispatch(Connection.java:226)\n\tat com.microsoft.playwright.impl.Connection.processOneMessage(Connection.java:206)\n\tat com.microsoft.playwright.impl.ChannelOwner.runUntil(ChannelOwner.java:109)\n\t... 54 more\n","steps":[],"attachments":[],"parameters":[],"stepsCount":0,"attachmentsCount":0,"shouldDisplayMessage":true,"hasContent":true}],"attachments":[],"parameters":[],"stepsCount":12,"attachmentsCount":0,"shouldDisplayMessage":false,"hasContent":true}],"attachments":[],"parameters":[],"stepsCount":14,"attachmentsCount":0,"shouldDisplayMessage":false,"hasContent":true},"afterStages":[{"name":"tearDown","time":{"start":1681478225714,"stop":1681478226480,"duration":766},"description":"","status":"passed","steps":[],"attachments":[{"uid":"6fcb026126bda999","name":"SCREENSHOT_2023_04_14-13_17_testTranslateText","source":"6fcb026126bda999.png","type":"image/png","size":51684},{"uid":"de1d7b7ac7db743e","name":"TRACE_2023_04_14-13_17_testTranslateText","source":"de1d7b7ac7db743e.zip","type":"application/zip","size":1871393},{"uid":"347ef9f499091f30","name":"NETWORK_2023_04_14-13_17_testTranslateText","source":"347ef9f499091f30.html","type":"text/html","size":4137618},{"uid":"eb35a890629dd733","name":"VIDEO_2023_04_14-13_17_testTranslateText","source":"eb35a890629dd733","type":"application/x-matroska","size":180949}],"parameters":[],"stepsCount":0,"attachmentsCount":4,"shouldDisplayMessage":false,"hasContent":true}],"labels":[{"name":"package","value":"com.chegg.web.tests.GoogleTranslateTest"},{"name":"testClass","value":"com.chegg.web.tests.GoogleTranslateTest"},{"name":"testMethod","value":"testTranslateText"},{"name":"parentSuite","value":"Surefire suite"},{"name":"suite","value":"Surefire test"},{"name":"subSuite","value":"com.chegg.web.tests.GoogleTranslateTest"},{"name":"host","value":"fv-az1128-21"},{"name":"thread","value":"4778@fv-az1128-21.main(1)"},{"name":"framework","value":"testng"},{"name":"language","value":"java"},{"name":"AS_ID","value":"1"},{"name":"feature","value":"translate text from any language"},{"name":"story","value":"the user has the ability to translate the text"},{"name":"owner","value":"admin"},{"name":"severity","value":"blocker"},{"name":"resultFormat","value":"allure2"}],"parameters":[{"name":"arg0","value":"dom"},{"name":"arg1","value":"huis"},{"name":"arg2","value":"Polish"},{"name":"arg3","value":"Dutch"},{"name":"arg4","value":"ArrowDown"}],"links":[{"name":"HARAnalyzer","url":"https://toolbox.googleapps.com/apps/har_analyzer/","type":"custom"},{"name":"Trace Viewer","url":"https://trace.playwright.dev/","type":"custom"}],"hidden":false,"retry":false,"extra":{"severity":"blocker","owner":"admin","retries":[],"categories":[{"name":"Test defects","matchedStatuses":[],"flaky":false}],"history":{"statistic":{"failed":2,"broken":1,"skipped":0,"passed":5,"unknown":0,"total":8},"items":[{"uid":"dcfe44e819c2e667","reportUrl":"https://palchisky-alex.github.io/CheggMaven/3//#testresult/dcfe44e819c2e667","status":"failed","statusDetails":"[is the text translated correctly] \nExpecting actual:\n  \"\"\nto contain:\n  \"huis\" ","time":{"start":1681477338763,"stop":1681477350113,"duration":11350}},{"uid":"5445997c16f9ce2c","reportUrl":"https://palchisky-alex.github.io/CheggMaven/2//#testresult/5445997c16f9ce2c","status":"passed","time":{"start":1681310459564,"stop":1681310471236,"duration":11672}},{"uid":"6fab64e8ed577242","reportUrl":"https://palchisky-alex.github.io/CheggMaven/2//#testresult/6fab64e8ed577242","status":"failed","statusDetails":"[is the text translated correctly] \nExpecting actual:\n  \"\"\nto contain:\n  \"huis\" ","time":{"start":1681308387307,"stop":1681308398597,"duration":11290}},{"uid":"b91cf678841db590","reportUrl":"https://palchisky-alex.github.io/CheggMaven/35//#testresult/b91cf678841db590","status":"passed","time":{"start":1681306240315,"stop":1681306251897,"duration":11582}},{"uid":"23f21343d28e0a83","reportUrl":"https://palchisky-alex.github.io/CheggMaven/35//#testresult/23f21343d28e0a83","status":"passed","time":{"start":1681177666258,"stop":1681177677776,"duration":11518}},{"uid":"f8e99ae38ec0f52e","reportUrl":"https://palchisky-alex.github.io/CheggMaven/1//#testresult/f8e99ae38ec0f52e","status":"passed","time":{"start":1681175857281,"stop":1681175869180,"duration":11899}},{"uid":"f5da96e0ba4eff5d","reportUrl":"https://palchisky-alex.github.io/CheggMaven/37//#testresult/f5da96e0ba4eff5d","status":"passed","time":{"start":1681174902089,"stop":1681174913600,"duration":11511}}]},"tags":[]},"source":"7ea3c3b82e2bff4d.json","parameterValues":["dom","huis","Polish","Dutch","ArrowDown"]}