{"uid":"a66a9293fc575da9","name":"testChegg","fullName":"com.chegg.web.tests.GoogleTranslateTest.testChegg","historyId":"96ed7fdc7604c49f5983999dbc58cf73","time":{"start":1681478144719,"stop":1681478158193,"duration":13474},"status":"broken","statusMessage":"Error {\n  message='Error: Error while parsing selector `\"region\"] [aria-live=\"polite\"]` - unexpected symbol \"\"\" at position 0\n    at syntaxError (<anonymous>:1466:11)\n    at parseAttributeSelector (<anonymous>:1615:5)\n    at Object.queryAll (<anonymous>:2809:22)\n    at InjectedScript._queryEngineAll (<anonymous>:4442:49)\n    at InjectedScript.querySelectorAll (<anonymous>:4429:30)\n    at InjectedScript.querySelector (<anonymous>:4376:25)\n    at eval (eval at evaluate (:195:30), <anonymous>:8:36)\n    at UtilityScript.evaluate (<anonymous>:197:17)\n    at UtilityScript.<anonymous> (<anonymous>:1:44)\n=========================== logs ===========================\nwaiting for locator(\"role=\\\"region\\\"] [aria-live=\\\"polite\\\"]\")\n============================================================\n  name='Error\n  stack='Error: Error: Error while parsing selector `\"region\"] [aria-live=\"polite\"]` - unexpected symbol \"\"\" at position 0\n    at syntaxError (<anonymous>:1466:11)\n    at parseAttributeSelector (<anonymous>:1615:5)\n    at Object.queryAll (<anonymous>:2809:22)\n    at InjectedScript._queryEngineAll (<anonymous>:4442:49)\n    at InjectedScript.querySelectorAll (<anonymous>:4429:30)\n    at InjectedScript.querySelector (<anonymous>:4376:25)\n    at eval (eval at evaluate (:195:30), <anonymous>:8:36)\n    at UtilityScript.evaluate (<anonymous>:197:17)\n    at UtilityScript.<anonymous> (<anonymous>:1:44)\n=========================== logs ===========================\nwaiting for locator(\"role=\\\"region\\\"] [aria-live=\\\"polite\\\"]\")\n============================================================\n    at syntaxError (<anonymous>:1466:11)\n    at parseAttributeSelector (<anonymous>:1615:5)\n    at Object.queryAll (<anonymous>:2809:22)\n    at InjectedScript._queryEngineAll (<anonymous>:4442:49)\n    at InjectedScript.querySelectorAll (<anonymous>:4429:30)\n    at InjectedScript.querySelector (<anonymous>:4376:25)\n    at eval (eval at evaluate (:195:30), <anonymous>:8:36)\n    at UtilityScript.evaluate (<anonymous>:197:17)\n    at UtilityScript.<anonymous> (<anonymous>:1:44)\n    at CRExecutionContext.evaluateWithArguments (/tmp/playwright-java-9945267412322483293/package/lib/server/chromium/crExecutionContext.js:92:33)\n    at async ScopedRace._race (/tmp/playwright-java-9945267412322483293/package/lib/utils/manualPromise.js:80:14)\n    at async evaluateExpression (/tmp/playwright-java-9945267412322483293/package/lib/server/javascript.js:218:12)\n    at async /tmp/playwright-java-9945267412322483293/package/lib/server/frames.js:1396:13\n    at async Frame.retryWithProgressAndTimeouts (/tmp/playwright-java-9945267412322483293/package/lib/server/frames.js:908:24)\n    at async ProgressController.run (/tmp/playwright-java-9945267412322483293/package/lib/server/progress.js:92:22)\n    at async FrameDispatcher.innerText (/tmp/playwright-java-9945267412322483293/package/lib/server/dispatchers/frameDispatcher.js:177:14)\n    at async DispatcherConnection.dispatch (/tmp/playwright-java-9945267412322483293/package/lib/server/dispatchers/dispatcher.js:312:22)\n}","statusTrace":"com.microsoft.playwright.PlaywrightException: Error {\n  message='Error: Error while parsing selector `\"region\"] [aria-live=\"polite\"]` - unexpected symbol \"\"\" at position 0\n    at syntaxError (<anonymous>:1466:11)\n    at parseAttributeSelector (<anonymous>:1615:5)\n    at Object.queryAll (<anonymous>:2809:22)\n    at InjectedScript._queryEngineAll (<anonymous>:4442:49)\n    at InjectedScript.querySelectorAll (<anonymous>:4429:30)\n    at InjectedScript.querySelector (<anonymous>:4376:25)\n    at eval (eval at evaluate (:195:30), <anonymous>:8:36)\n    at UtilityScript.evaluate (<anonymous>:197:17)\n    at UtilityScript.<anonymous> (<anonymous>:1:44)\n=========================== logs ===========================\nwaiting for locator(\"role=\\\"region\\\"] [aria-live=\\\"polite\\\"]\")\n============================================================\n  name='Error\n  stack='Error: Error: Error while parsing selector `\"region\"] [aria-live=\"polite\"]` - unexpected symbol \"\"\" at position 0\n    at syntaxError (<anonymous>:1466:11)\n    at parseAttributeSelector (<anonymous>:1615:5)\n    at Object.queryAll (<anonymous>:2809:22)\n    at InjectedScript._queryEngineAll (<anonymous>:4442:49)\n    at InjectedScript.querySelectorAll (<anonymous>:4429:30)\n    at InjectedScript.querySelector (<anonymous>:4376:25)\n    at eval (eval at evaluate (:195:30), <anonymous>:8:36)\n    at UtilityScript.evaluate (<anonymous>:197:17)\n    at UtilityScript.<anonymous> (<anonymous>:1:44)\n=========================== logs ===========================\nwaiting for locator(\"role=\\\"region\\\"] [aria-live=\\\"polite\\\"]\")\n============================================================\n    at syntaxError (<anonymous>:1466:11)\n    at parseAttributeSelector (<anonymous>:1615:5)\n    at Object.queryAll (<anonymous>:2809:22)\n    at InjectedScript._queryEngineAll (<anonymous>:4442:49)\n    at InjectedScript.querySelectorAll (<anonymous>:4429:30)\n    at InjectedScript.querySelector (<anonymous>:4376:25)\n    at eval (eval at evaluate (:195:30), <anonymous>:8:36)\n    at UtilityScript.evaluate (<anonymous>:197:17)\n    at UtilityScript.<anonymous> (<anonymous>:1:44)\n    at CRExecutionContext.evaluateWithArguments (/tmp/playwright-java-9945267412322483293/package/lib/server/chromium/crExecutionContext.js:92:33)\n    at async ScopedRace._race (/tmp/playwright-java-9945267412322483293/package/lib/utils/manualPromise.js:80:14)\n    at async evaluateExpression (/tmp/playwright-java-9945267412322483293/package/lib/server/javascript.js:218:12)\n    at async /tmp/playwright-java-9945267412322483293/package/lib/server/frames.js:1396:13\n    at async Frame.retryWithProgressAndTimeouts (/tmp/playwright-java-9945267412322483293/package/lib/server/frames.js:908:24)\n    at async ProgressController.run (/tmp/playwright-java-9945267412322483293/package/lib/server/progress.js:92:22)\n    at async FrameDispatcher.innerText (/tmp/playwright-java-9945267412322483293/package/lib/server/dispatchers/frameDispatcher.js:177:14)\n    at async DispatcherConnection.dispatch (/tmp/playwright-java-9945267412322483293/package/lib/server/dispatchers/dispatcher.js:312:22)\n}\n\tat com.microsoft.playwright.impl.WaitableResult.get(WaitableResult.java:54)\n\tat com.microsoft.playwright.impl.ChannelOwner.runUntil(ChannelOwner.java:111)\n\tat com.microsoft.playwright.impl.Connection.sendMessage(Connection.java:126)\n\tat com.microsoft.playwright.impl.ChannelOwner.sendMessage(ChannelOwner.java:102)\n\tat com.microsoft.playwright.impl.FrameImpl.innerTextImpl(FrameImpl.java:526)\n\tat com.microsoft.playwright.impl.FrameImpl.lambda$innerText$22(FrameImpl.java:517)\n\tat com.microsoft.playwright.impl.LoggingSupport.withLogging(LoggingSupport.java:47)\n\tat com.microsoft.playwright.impl.ChannelOwner.withLogging(ChannelOwner.java:87)\n\tat com.microsoft.playwright.impl.FrameImpl.innerText(FrameImpl.java:517)\n\tat com.microsoft.playwright.impl.LocatorImpl.innerText(LocatorImpl.java:318)\n\tat com.microsoft.playwright.Locator.innerText(Locator.java:3486)\n\tat com.chegg.web.core.BasePage.getInnerTextBy(BasePage.java:35)\n\tat com.chegg.web.pages.TranslateTextsPage.translationResult(TranslateTextsPage.java:43)\n\tat com.chegg.web.tests.GoogleTranslateTest.testChegg(GoogleTranslateTest.java:180)\n\tat java.base/jdk.internal.reflect.NativeMethodAccessorImpl.invoke0(Native Method)\n\tat java.base/jdk.internal.reflect.NativeMethodAccessorImpl.invoke(NativeMethodAccessorImpl.java:77)\n\tat java.base/jdk.internal.reflect.DelegatingMethodAccessorImpl.invoke(DelegatingMethodAccessorImpl.java:43)\n\tat java.base/java.lang.reflect.Method.invoke(Method.java:568)\n\tat org.testng.internal.MethodInvocationHelper.invokeMethod(MethodInvocationHelper.java:124)\n\tat org.testng.internal.Invoker.invokeMethod(Invoker.java:583)\n\tat org.testng.internal.Invoker.invokeTestMethod(Invoker.java:719)\n\tat org.testng.internal.Invoker.invokeTestMethods(Invoker.java:989)\n\tat org.testng.internal.TestMethodWorker.invokeTestMethods(TestMethodWorker.java:125)\n\tat org.testng.internal.TestMethodWorker.run(TestMethodWorker.java:109)\n\tat org.testng.TestRunner.privateRun(TestRunner.java:648)\n\tat org.testng.TestRunner.run(TestRunner.java:505)\n\tat org.testng.SuiteRunner.runTest(SuiteRunner.java:455)\n\tat org.testng.SuiteRunner.runSequentially(SuiteRunner.java:450)\n\tat org.testng.SuiteRunner.privateRun(SuiteRunner.java:415)\n\tat org.testng.SuiteRunner.run(SuiteRunner.java:364)\n\tat org.testng.SuiteRunnerWorker.runSuite(SuiteRunnerWorker.java:52)\n\tat org.testng.SuiteRunnerWorker.run(SuiteRunnerWorker.java:84)\n\tat org.testng.TestNG.runSuitesSequentially(TestNG.java:1208)\n\tat org.testng.TestNG.runSuitesLocally(TestNG.java:1137)\n\tat org.testng.TestNG.runSuites(TestNG.java:1049)\n\tat org.testng.TestNG.run(TestNG.java:1017)\n\tat org.apache.maven.surefire.testng.TestNGExecutor.run(TestNGExecutor.java:155)\n\tat org.apache.maven.surefire.testng.TestNGDirectoryTestSuite.executeMulti(TestNGDirectoryTestSuite.java:169)\n\tat org.apache.maven.surefire.testng.TestNGDirectoryTestSuite.execute(TestNGDirectoryTestSuite.java:88)\n\tat org.apache.maven.surefire.testng.TestNGProvider.invoke(TestNGProvider.java:137)\n\tat org.apache.maven.surefire.booter.ForkedBooter.runSuitesInProcess(ForkedBooter.java:385)\n\tat org.apache.maven.surefire.booter.ForkedBooter.execute(ForkedBooter.java:162)\n\tat org.apache.maven.surefire.booter.ForkedBooter.run(ForkedBooter.java:507)\n\tat org.apache.maven.surefire.booter.ForkedBooter.main(ForkedBooter.java:495)\nCaused by: com.microsoft.playwright.impl.DriverException: Error {\n  message='Error: Error while parsing selector `\"region\"] [aria-live=\"polite\"]` - unexpected symbol \"\"\" at position 0\n    at syntaxError (<anonymous>:1466:11)\n    at parseAttributeSelector (<anonymous>:1615:5)\n    at Object.queryAll (<anonymous>:2809:22)\n    at InjectedScript._queryEngineAll (<anonymous>:4442:49)\n    at InjectedScript.querySelectorAll (<anonymous>:4429:30)\n    at InjectedScript.querySelector (<anonymous>:4376:25)\n    at eval (eval at evaluate (:195:30), <anonymous>:8:36)\n    at UtilityScript.evaluate (<anonymous>:197:17)\n    at UtilityScript.<anonymous> (<anonymous>:1:44)\n=========================== logs ===========================\nwaiting for locator(\"role=\\\"region\\\"] [aria-live=\\\"polite\\\"]\")\n============================================================\n  name='Error\n  stack='Error: Error: Error while parsing selector `\"region\"] [aria-live=\"polite\"]` - unexpected symbol \"\"\" at position 0\n    at syntaxError (<anonymous>:1466:11)\n    at parseAttributeSelector (<anonymous>:1615:5)\n    at Object.queryAll (<anonymous>:2809:22)\n    at InjectedScript._queryEngineAll (<anonymous>:4442:49)\n    at InjectedScript.querySelectorAll (<anonymous>:4429:30)\n    at InjectedScript.querySelector (<anonymous>:4376:25)\n    at eval (eval at evaluate (:195:30), <anonymous>:8:36)\n    at UtilityScript.evaluate (<anonymous>:197:17)\n    at UtilityScript.<anonymous> (<anonymous>:1:44)\n=========================== logs ===========================\nwaiting for locator(\"role=\\\"region\\\"] [aria-live=\\\"polite\\\"]\")\n============================================================\n    at syntaxError (<anonymous>:1466:11)\n    at parseAttributeSelector (<anonymous>:1615:5)\n    at Object.queryAll (<anonymous>:2809:22)\n    at InjectedScript._queryEngineAll (<anonymous>:4442:49)\n    at InjectedScript.querySelectorAll (<anonymous>:4429:30)\n    at InjectedScript.querySelector (<anonymous>:4376:25)\n    at eval (eval at evaluate (:195:30), <anonymous>:8:36)\n    at UtilityScript.evaluate (<anonymous>:197:17)\n    at UtilityScript.<anonymous> (<anonymous>:1:44)\n    at CRExecutionContext.evaluateWithArguments (/tmp/playwright-java-9945267412322483293/package/lib/server/chromium/crExecutionContext.js:92:33)\n    at async ScopedRace._race (/tmp/playwright-java-9945267412322483293/package/lib/utils/manualPromise.js:80:14)\n    at async evaluateExpression (/tmp/playwright-java-9945267412322483293/package/lib/server/javascript.js:218:12)\n    at async /tmp/playwright-java-9945267412322483293/package/lib/server/frames.js:1396:13\n    at async Frame.retryWithProgressAndTimeouts (/tmp/playwright-java-9945267412322483293/package/lib/server/frames.js:908:24)\n    at async ProgressController.run (/tmp/playwright-java-9945267412322483293/package/lib/server/progress.js:92:22)\n    at async FrameDispatcher.innerText (/tmp/playwright-java-9945267412322483293/package/lib/server/dispatchers/frameDispatcher.js:177:14)\n    at async DispatcherConnection.dispatch (/tmp/playwright-java-9945267412322483293/package/lib/server/dispatchers/dispatcher.js:312:22)\n}\n\tat com.microsoft.playwright.impl.Connection.dispatch(Connection.java:226)\n\tat com.microsoft.playwright.impl.Connection.processOneMessage(Connection.java:206)\n\tat com.microsoft.playwright.impl.ChannelOwner.runUntil(ChannelOwner.java:109)\n\t... 42 more\n","flaky":false,"newFailed":false,"newBroken":true,"newPassed":false,"retriesCount":0,"retriesStatusChange":false,"beforeStages":[{"name":"setUp","time":{"start":1681478141857,"stop":1681478144512,"duration":2655},"description":"","status":"passed","steps":[],"attachments":[],"parameters":[],"stepsCount":0,"attachmentsCount":0,"shouldDisplayMessage":false,"hasContent":false}],"testStage":{"status":"broken","statusMessage":"Error {\n  message='Error: Error while parsing selector `\"region\"] [aria-live=\"polite\"]` - unexpected symbol \"\"\" at position 0\n    at syntaxError (<anonymous>:1466:11)\n    at parseAttributeSelector (<anonymous>:1615:5)\n    at Object.queryAll (<anonymous>:2809:22)\n    at InjectedScript._queryEngineAll (<anonymous>:4442:49)\n    at InjectedScript.querySelectorAll (<anonymous>:4429:30)\n    at InjectedScript.querySelector (<anonymous>:4376:25)\n    at eval (eval at evaluate (:195:30), <anonymous>:8:36)\n    at UtilityScript.evaluate (<anonymous>:197:17)\n    at UtilityScript.<anonymous> (<anonymous>:1:44)\n=========================== logs ===========================\nwaiting for locator(\"role=\\\"region\\\"] [aria-live=\\\"polite\\\"]\")\n============================================================\n  name='Error\n  stack='Error: Error: Error while parsing selector `\"region\"] [aria-live=\"polite\"]` - unexpected symbol \"\"\" at position 0\n    at syntaxError (<anonymous>:1466:11)\n    at parseAttributeSelector (<anonymous>:1615:5)\n    at Object.queryAll (<anonymous>:2809:22)\n    at InjectedScript._queryEngineAll (<anonymous>:4442:49)\n    at InjectedScript.querySelectorAll (<anonymous>:4429:30)\n    at InjectedScript.querySelector (<anonymous>:4376:25)\n    at eval (eval at evaluate (:195:30), <anonymous>:8:36)\n    at UtilityScript.evaluate (<anonymous>:197:17)\n    at UtilityScript.<anonymous> (<anonymous>:1:44)\n=========================== logs ===========================\nwaiting for locator(\"role=\\\"region\\\"] [aria-live=\\\"polite\\\"]\")\n============================================================\n    at syntaxError (<anonymous>:1466:11)\n    at parseAttributeSelector (<anonymous>:1615:5)\n    at Object.queryAll (<anonymous>:2809:22)\n    at InjectedScript._queryEngineAll (<anonymous>:4442:49)\n    at InjectedScript.querySelectorAll (<anonymous>:4429:30)\n    at InjectedScript.querySelector (<anonymous>:4376:25)\n    at eval (eval at evaluate (:195:30), <anonymous>:8:36)\n    at UtilityScript.evaluate (<anonymous>:197:17)\n    at UtilityScript.<anonymous> (<anonymous>:1:44)\n    at CRExecutionContext.evaluateWithArguments (/tmp/playwright-java-9945267412322483293/package/lib/server/chromium/crExecutionContext.js:92:33)\n    at async ScopedRace._race (/tmp/playwright-java-9945267412322483293/package/lib/utils/manualPromise.js:80:14)\n    at async evaluateExpression (/tmp/playwright-java-9945267412322483293/package/lib/server/javascript.js:218:12)\n    at async /tmp/playwright-java-9945267412322483293/package/lib/server/frames.js:1396:13\n    at async Frame.retryWithProgressAndTimeouts (/tmp/playwright-java-9945267412322483293/package/lib/server/frames.js:908:24)\n    at async ProgressController.run (/tmp/playwright-java-9945267412322483293/package/lib/server/progress.js:92:22)\n    at async FrameDispatcher.innerText (/tmp/playwright-java-9945267412322483293/package/lib/server/dispatchers/frameDispatcher.js:177:14)\n    at async DispatcherConnection.dispatch (/tmp/playwright-java-9945267412322483293/package/lib/server/dispatchers/dispatcher.js:312:22)\n}","statusTrace":"com.microsoft.playwright.PlaywrightException: Error {\n  message='Error: Error while parsing selector `\"region\"] [aria-live=\"polite\"]` - unexpected symbol \"\"\" at position 0\n    at syntaxError (<anonymous>:1466:11)\n    at parseAttributeSelector (<anonymous>:1615:5)\n    at Object.queryAll (<anonymous>:2809:22)\n    at InjectedScript._queryEngineAll (<anonymous>:4442:49)\n    at InjectedScript.querySelectorAll (<anonymous>:4429:30)\n    at InjectedScript.querySelector (<anonymous>:4376:25)\n    at eval (eval at evaluate (:195:30), <anonymous>:8:36)\n    at UtilityScript.evaluate (<anonymous>:197:17)\n    at UtilityScript.<anonymous> (<anonymous>:1:44)\n=========================== logs ===========================\nwaiting for locator(\"role=\\\"region\\\"] [aria-live=\\\"polite\\\"]\")\n============================================================\n  name='Error\n  stack='Error: Error: Error while parsing selector `\"region\"] [aria-live=\"polite\"]` - unexpected symbol \"\"\" at position 0\n    at syntaxError (<anonymous>:1466:11)\n    at parseAttributeSelector (<anonymous>:1615:5)\n    at Object.queryAll (<anonymous>:2809:22)\n    at InjectedScript._queryEngineAll (<anonymous>:4442:49)\n    at InjectedScript.querySelectorAll (<anonymous>:4429:30)\n    at InjectedScript.querySelector (<anonymous>:4376:25)\n    at eval (eval at evaluate (:195:30), <anonymous>:8:36)\n    at UtilityScript.evaluate (<anonymous>:197:17)\n    at UtilityScript.<anonymous> (<anonymous>:1:44)\n=========================== logs ===========================\nwaiting for locator(\"role=\\\"region\\\"] [aria-live=\\\"polite\\\"]\")\n============================================================\n    at syntaxError (<anonymous>:1466:11)\n    at parseAttributeSelector (<anonymous>:1615:5)\n    at Object.queryAll (<anonymous>:2809:22)\n    at InjectedScript._queryEngineAll (<anonymous>:4442:49)\n    at InjectedScript.querySelectorAll (<anonymous>:4429:30)\n    at InjectedScript.querySelector (<anonymous>:4376:25)\n    at eval (eval at evaluate (:195:30), <anonymous>:8:36)\n    at UtilityScript.evaluate (<anonymous>:197:17)\n    at UtilityScript.<anonymous> (<anonymous>:1:44)\n    at CRExecutionContext.evaluateWithArguments (/tmp/playwright-java-9945267412322483293/package/lib/server/chromium/crExecutionContext.js:92:33)\n    at async ScopedRace._race (/tmp/playwright-java-9945267412322483293/package/lib/utils/manualPromise.js:80:14)\n    at async evaluateExpression (/tmp/playwright-java-9945267412322483293/package/lib/server/javascript.js:218:12)\n    at async /tmp/playwright-java-9945267412322483293/package/lib/server/frames.js:1396:13\n    at async Frame.retryWithProgressAndTimeouts (/tmp/playwright-java-9945267412322483293/package/lib/server/frames.js:908:24)\n    at async ProgressController.run (/tmp/playwright-java-9945267412322483293/package/lib/server/progress.js:92:22)\n    at async FrameDispatcher.innerText (/tmp/playwright-java-9945267412322483293/package/lib/server/dispatchers/frameDispatcher.js:177:14)\n    at async DispatcherConnection.dispatch (/tmp/playwright-java-9945267412322483293/package/lib/server/dispatchers/dispatcher.js:312:22)\n}\n\tat com.microsoft.playwright.impl.WaitableResult.get(WaitableResult.java:54)\n\tat com.microsoft.playwright.impl.ChannelOwner.runUntil(ChannelOwner.java:111)\n\tat com.microsoft.playwright.impl.Connection.sendMessage(Connection.java:126)\n\tat com.microsoft.playwright.impl.ChannelOwner.sendMessage(ChannelOwner.java:102)\n\tat com.microsoft.playwright.impl.FrameImpl.innerTextImpl(FrameImpl.java:526)\n\tat com.microsoft.playwright.impl.FrameImpl.lambda$innerText$22(FrameImpl.java:517)\n\tat com.microsoft.playwright.impl.LoggingSupport.withLogging(LoggingSupport.java:47)\n\tat com.microsoft.playwright.impl.ChannelOwner.withLogging(ChannelOwner.java:87)\n\tat com.microsoft.playwright.impl.FrameImpl.innerText(FrameImpl.java:517)\n\tat com.microsoft.playwright.impl.LocatorImpl.innerText(LocatorImpl.java:318)\n\tat com.microsoft.playwright.Locator.innerText(Locator.java:3486)\n\tat com.chegg.web.core.BasePage.getInnerTextBy(BasePage.java:35)\n\tat com.chegg.web.pages.TranslateTextsPage.translationResult(TranslateTextsPage.java:43)\n\tat com.chegg.web.tests.GoogleTranslateTest.testChegg(GoogleTranslateTest.java:180)\n\tat java.base/jdk.internal.reflect.NativeMethodAccessorImpl.invoke0(Native Method)\n\tat java.base/jdk.internal.reflect.NativeMethodAccessorImpl.invoke(NativeMethodAccessorImpl.java:77)\n\tat java.base/jdk.internal.reflect.DelegatingMethodAccessorImpl.invoke(DelegatingMethodAccessorImpl.java:43)\n\tat java.base/java.lang.reflect.Method.invoke(Method.java:568)\n\tat org.testng.internal.MethodInvocationHelper.invokeMethod(MethodInvocationHelper.java:124)\n\tat org.testng.internal.Invoker.invokeMethod(Invoker.java:583)\n\tat org.testng.internal.Invoker.invokeTestMethod(Invoker.java:719)\n\tat org.testng.internal.Invoker.invokeTestMethods(Invoker.java:989)\n\tat org.testng.internal.TestMethodWorker.invokeTestMethods(TestMethodWorker.java:125)\n\tat org.testng.internal.TestMethodWorker.run(TestMethodWorker.java:109)\n\tat org.testng.TestRunner.privateRun(TestRunner.java:648)\n\tat org.testng.TestRunner.run(TestRunner.java:505)\n\tat org.testng.SuiteRunner.runTest(SuiteRunner.java:455)\n\tat org.testng.SuiteRunner.runSequentially(SuiteRunner.java:450)\n\tat org.testng.SuiteRunner.privateRun(SuiteRunner.java:415)\n\tat org.testng.SuiteRunner.run(SuiteRunner.java:364)\n\tat org.testng.SuiteRunnerWorker.runSuite(SuiteRunnerWorker.java:52)\n\tat org.testng.SuiteRunnerWorker.run(SuiteRunnerWorker.java:84)\n\tat org.testng.TestNG.runSuitesSequentially(TestNG.java:1208)\n\tat org.testng.TestNG.runSuitesLocally(TestNG.java:1137)\n\tat org.testng.TestNG.runSuites(TestNG.java:1049)\n\tat org.testng.TestNG.run(TestNG.java:1017)\n\tat org.apache.maven.surefire.testng.TestNGExecutor.run(TestNGExecutor.java:155)\n\tat org.apache.maven.surefire.testng.TestNGDirectoryTestSuite.executeMulti(TestNGDirectoryTestSuite.java:169)\n\tat org.apache.maven.surefire.testng.TestNGDirectoryTestSuite.execute(TestNGDirectoryTestSuite.java:88)\n\tat org.apache.maven.surefire.testng.TestNGProvider.invoke(TestNGProvider.java:137)\n\tat org.apache.maven.surefire.booter.ForkedBooter.runSuitesInProcess(ForkedBooter.java:385)\n\tat org.apache.maven.surefire.booter.ForkedBooter.execute(ForkedBooter.java:162)\n\tat org.apache.maven.surefire.booter.ForkedBooter.run(ForkedBooter.java:507)\n\tat org.apache.maven.surefire.booter.ForkedBooter.main(ForkedBooter.java:495)\nCaused by: com.microsoft.playwright.impl.DriverException: Error {\n  message='Error: Error while parsing selector `\"region\"] [aria-live=\"polite\"]` - unexpected symbol \"\"\" at position 0\n    at syntaxError (<anonymous>:1466:11)\n    at parseAttributeSelector (<anonymous>:1615:5)\n    at Object.queryAll (<anonymous>:2809:22)\n    at InjectedScript._queryEngineAll (<anonymous>:4442:49)\n    at InjectedScript.querySelectorAll (<anonymous>:4429:30)\n    at InjectedScript.querySelector (<anonymous>:4376:25)\n    at eval (eval at evaluate (:195:30), <anonymous>:8:36)\n    at UtilityScript.evaluate (<anonymous>:197:17)\n    at UtilityScript.<anonymous> (<anonymous>:1:44)\n=========================== logs ===========================\nwaiting for locator(\"role=\\\"region\\\"] [aria-live=\\\"polite\\\"]\")\n============================================================\n  name='Error\n  stack='Error: Error: Error while parsing selector `\"region\"] [aria-live=\"polite\"]` - unexpected symbol \"\"\" at position 0\n    at syntaxError (<anonymous>:1466:11)\n    at parseAttributeSelector (<anonymous>:1615:5)\n    at Object.queryAll (<anonymous>:2809:22)\n    at InjectedScript._queryEngineAll (<anonymous>:4442:49)\n    at InjectedScript.querySelectorAll (<anonymous>:4429:30)\n    at InjectedScript.querySelector (<anonymous>:4376:25)\n    at eval (eval at evaluate (:195:30), <anonymous>:8:36)\n    at UtilityScript.evaluate (<anonymous>:197:17)\n    at UtilityScript.<anonymous> (<anonymous>:1:44)\n=========================== logs ===========================\nwaiting for locator(\"role=\\\"region\\\"] [aria-live=\\\"polite\\\"]\")\n============================================================\n    at syntaxError (<anonymous>:1466:11)\n    at parseAttributeSelector (<anonymous>:1615:5)\n    at Object.queryAll (<anonymous>:2809:22)\n    at InjectedScript._queryEngineAll (<anonymous>:4442:49)\n    at InjectedScript.querySelectorAll (<anonymous>:4429:30)\n    at InjectedScript.querySelector (<anonymous>:4376:25)\n    at eval (eval at evaluate (:195:30), <anonymous>:8:36)\n    at UtilityScript.evaluate (<anonymous>:197:17)\n    at UtilityScript.<anonymous> (<anonymous>:1:44)\n    at CRExecutionContext.evaluateWithArguments (/tmp/playwright-java-9945267412322483293/package/lib/server/chromium/crExecutionContext.js:92:33)\n    at async ScopedRace._race (/tmp/playwright-java-9945267412322483293/package/lib/utils/manualPromise.js:80:14)\n    at async evaluateExpression (/tmp/playwright-java-9945267412322483293/package/lib/server/javascript.js:218:12)\n    at async /tmp/playwright-java-9945267412322483293/package/lib/server/frames.js:1396:13\n    at async Frame.retryWithProgressAndTimeouts (/tmp/playwright-java-9945267412322483293/package/lib/server/frames.js:908:24)\n    at async ProgressController.run (/tmp/playwright-java-9945267412322483293/package/lib/server/progress.js:92:22)\n    at async FrameDispatcher.innerText (/tmp/playwright-java-9945267412322483293/package/lib/server/dispatchers/frameDispatcher.js:177:14)\n    at async DispatcherConnection.dispatch (/tmp/playwright-java-9945267412322483293/package/lib/server/dispatchers/dispatcher.js:312:22)\n}\n\tat com.microsoft.playwright.impl.Connection.dispatch(Connection.java:226)\n\tat com.microsoft.playwright.impl.Connection.processOneMessage(Connection.java:206)\n\tat com.microsoft.playwright.impl.ChannelOwner.runUntil(ChannelOwner.java:109)\n\t... 42 more\n","steps":[{"name":"assertThat 'false'","time":{"start":1681478151341,"stop":1681478151342,"duration":1},"status":"passed","steps":[],"attachments":[],"parameters":[],"stepsCount":0,"attachmentsCount":0,"shouldDisplayMessage":false,"hasContent":false},{"name":"describedAs 'Lang  target windows is closed'","time":{"start":1681478151344,"stop":1681478151345,"duration":1},"status":"passed","steps":[],"attachments":[],"parameters":[],"stepsCount":0,"attachmentsCount":0,"shouldDisplayMessage":false,"hasContent":false},{"name":"isFalse","time":{"start":1681478151345,"stop":1681478151345,"duration":0},"status":"passed","steps":[],"attachments":[],"parameters":[],"stepsCount":0,"attachmentsCount":0,"shouldDisplayMessage":false,"hasContent":false},{"name":"assertThat 'false'","time":{"start":1681478154775,"stop":1681478154775,"duration":0},"status":"passed","steps":[],"attachments":[],"parameters":[],"stepsCount":0,"attachmentsCount":0,"shouldDisplayMessage":false,"hasContent":false},{"name":"describedAs 'Lang source windows is closed'","time":{"start":1681478154775,"stop":1681478154775,"duration":0},"status":"passed","steps":[],"attachments":[],"parameters":[],"stepsCount":0,"attachmentsCount":0,"shouldDisplayMessage":false,"hasContent":false},{"name":"isFalse","time":{"start":1681478154775,"stop":1681478154775,"duration":0},"status":"passed","steps":[],"attachments":[],"parameters":[],"stepsCount":0,"attachmentsCount":0,"shouldDisplayMessage":false,"hasContent":false}],"attachments":[],"parameters":[],"stepsCount":6,"attachmentsCount":0,"shouldDisplayMessage":true,"hasContent":true},"afterStages":[{"name":"tearDown","time":{"start":1681478158220,"stop":1681478159048,"duration":828},"description":"","status":"passed","steps":[],"attachments":[{"uid":"e6643ad7df16da39","name":"SCREENSHOT_2023_04_14-13_15_testChegg","source":"e6643ad7df16da39.png","type":"image/png","size":50297},{"uid":"faefa61c37d74ca3","name":"TRACE_2023_04_14-13_15_testChegg","source":"faefa61c37d74ca3.zip","type":"application/zip","size":1956084},{"uid":"dc232d9749c4d12f","name":"NETWORK_2023_04_14-13_15_testChegg","source":"dc232d9749c4d12f.html","type":"text/html","size":4128439},{"uid":"90115c05ce7ef25c","name":"VIDEO_2023_04_14-13_15_testChegg","source":"90115c05ce7ef25c","type":"application/x-matroska","size":174450}],"parameters":[],"stepsCount":0,"attachmentsCount":4,"shouldDisplayMessage":false,"hasContent":true}],"labels":[{"name":"package","value":"com.chegg.web.tests.GoogleTranslateTest"},{"name":"testClass","value":"com.chegg.web.tests.GoogleTranslateTest"},{"name":"testMethod","value":"testChegg"},{"name":"parentSuite","value":"Surefire suite"},{"name":"suite","value":"Surefire test"},{"name":"subSuite","value":"com.chegg.web.tests.GoogleTranslateTest"},{"name":"host","value":"fv-az1128-21"},{"name":"thread","value":"4778@fv-az1128-21.main(1)"},{"name":"framework","value":"testng"},{"name":"language","value":"java"},{"name":"resultFormat","value":"allure2"}],"parameters":[],"links":[],"hidden":false,"retry":false,"extra":{"severity":"normal","retries":[],"categories":[{"name":"Test defects","matchedStatuses":[],"flaky":false}],"history":{"statistic":{"failed":7,"broken":1,"skipped":0,"passed":0,"unknown":0,"total":8},"items":[{"uid":"1eb8a6863b095dda","reportUrl":"https://palchisky-alex.github.io/CheggMaven/3//#testresult/1eb8a6863b095dda","status":"failed","statusDetails":"\nexpected: \"DOG\"\n but was: \"\"","time":{"start":1681477272406,"stop":1681477284948,"duration":12542}},{"uid":"7c4eb469a187456b","reportUrl":"https://palchisky-alex.github.io/CheggMaven/2//#testresult/7c4eb469a187456b","status":"failed","statusDetails":"\nexpected: \"DOG\"\n but was: \"כֶּלֶב\"","time":{"start":1681310389527,"stop":1681310403078,"duration":13551}},{"uid":"be903166051e3d14","reportUrl":"https://palchisky-alex.github.io/CheggMaven/2//#testresult/be903166051e3d14","status":"failed","statusDetails":"\nexpected: \"DOG\"\n but was: \"כֶּלֶב\"","time":{"start":1681308320227,"stop":1681308333385,"duration":13158}},{"uid":"b8729cfe401f95fc","reportUrl":"https://palchisky-alex.github.io/CheggMaven/35//#testresult/b8729cfe401f95fc","status":"failed","statusDetails":"\nexpected: \"DOG\"\n but was: \"כֶּלֶב\"","time":{"start":1681306169087,"stop":1681306182385,"duration":13298}},{"uid":"53e889de3b436cbd","reportUrl":"https://palchisky-alex.github.io/CheggMaven/35//#testresult/53e889de3b436cbd","status":"failed","statusDetails":"\nexpected: \"DOG\"\n but was: \"כֶּלֶב\"","time":{"start":1681177593907,"stop":1681177610040,"duration":16133}},{"uid":"25c7cee23d51d885","reportUrl":"https://palchisky-alex.github.io/CheggMaven/1//#testresult/25c7cee23d51d885","status":"failed","statusDetails":"\nexpected: \"DOG\"\n but was: \"כֶּלֶב\"","time":{"start":1681175783214,"stop":1681175798222,"duration":15008}},{"uid":"a5ac381b3c9a0a4b","reportUrl":"https://palchisky-alex.github.io/CheggMaven/37//#testresult/a5ac381b3c9a0a4b","status":"failed","statusDetails":"\nexpected: \"DOG\"\n but was: \"כֶּלֶב\"","time":{"start":1681174834157,"stop":1681174847159,"duration":13002}}]},"tags":[]},"source":"a66a9293fc575da9.json","parameterValues":[]}