{"uid":"ac347459c0a1074e","name":"testTranslateText","fullName":"com.chegg.web.tests.GoogleTranslateTest.testTranslateText","historyId":"7a9816f06dcd9bdd289bde25d4b53925","time":{"start":1681478186178,"stop":1681478198857,"duration":12679},"status":"broken","statusMessage":"Error {\n  message='Error: Error while parsing selector `\"region\"] [aria-live=\"polite\"]` - unexpected symbol \"\"\" at position 0\n    at syntaxError (<anonymous>:1466:11)\n    at parseAttributeSelector (<anonymous>:1615:5)\n    at Object.queryAll (<anonymous>:2809:22)\n    at InjectedScript._queryEngineAll (<anonymous>:4442:49)\n    at InjectedScript.querySelectorAll (<anonymous>:4429:30)\n    at InjectedScript.querySelector (<anonymous>:4376:25)\n    at eval (eval at evaluate (:195:30), <anonymous>:8:36)\n    at UtilityScript.evaluate (<anonymous>:197:17)\n    at UtilityScript.<anonymous> (<anonymous>:1:44)\n=========================== logs ===========================\nwaiting for locator(\"role=\\\"region\\\"] [aria-live=\\\"polite\\\"]\")\n============================================================\n  name='Error\n  stack='Error: Error: Error while parsing selector `\"region\"] [aria-live=\"polite\"]` - unexpected symbol \"\"\" at position 0\n    at syntaxError (<anonymous>:1466:11)\n    at parseAttributeSelector (<anonymous>:1615:5)\n    at Object.queryAll (<anonymous>:2809:22)\n    at InjectedScript._queryEngineAll (<anonymous>:4442:49)\n    at InjectedScript.querySelectorAll (<anonymous>:4429:30)\n    at InjectedScript.querySelector (<anonymous>:4376:25)\n    at eval (eval at evaluate (:195:30), <anonymous>:8:36)\n    at UtilityScript.evaluate (<anonymous>:197:17)\n    at UtilityScript.<anonymous> (<anonymous>:1:44)\n=========================== logs ===========================\nwaiting for locator(\"role=\\\"region\\\"] [aria-live=\\\"polite\\\"]\")\n============================================================\n    at syntaxError (<anonymous>:1466:11)\n    at parseAttributeSelector (<anonymous>:1615:5)\n    at Object.queryAll (<anonymous>:2809:22)\n    at InjectedScript._queryEngineAll (<anonymous>:4442:49)\n    at InjectedScript.querySelectorAll (<anonymous>:4429:30)\n    at InjectedScript.querySelector (<anonymous>:4376:25)\n    at eval (eval at evaluate (:195:30), <anonymous>:8:36)\n    at UtilityScript.evaluate (<anonymous>:197:17)\n    at UtilityScript.<anonymous> (<anonymous>:1:44)\n    at CRExecutionContext.evaluateWithArguments (/tmp/playwright-java-9945267412322483293/package/lib/server/chromium/crExecutionContext.js:92:33)\n    at async ScopedRace._race (/tmp/playwright-java-9945267412322483293/package/lib/utils/manualPromise.js:80:14)\n    at async evaluateExpression (/tmp/playwright-java-9945267412322483293/package/lib/server/javascript.js:218:12)\n    at async /tmp/playwright-java-9945267412322483293/package/lib/server/frames.js:1396:13\n    at async Frame.retryWithProgressAndTimeouts (/tmp/playwright-java-9945267412322483293/package/lib/server/frames.js:908:24)\n    at async ProgressController.run (/tmp/playwright-java-9945267412322483293/package/lib/server/progress.js:92:22)\n    at async FrameDispatcher.innerText (/tmp/playwright-java-9945267412322483293/package/lib/server/dispatchers/frameDispatcher.js:177:14)\n    at async DispatcherConnection.dispatch (/tmp/playwright-java-9945267412322483293/package/lib/server/dispatchers/dispatcher.js:312:22)\n}","statusTrace":"com.microsoft.playwright.PlaywrightException: Error {\n  message='Error: Error while parsing selector `\"region\"] [aria-live=\"polite\"]` - unexpected symbol \"\"\" at position 0\n    at syntaxError (<anonymous>:1466:11)\n    at parseAttributeSelector (<anonymous>:1615:5)\n    at Object.queryAll (<anonymous>:2809:22)\n    at InjectedScript._queryEngineAll (<anonymous>:4442:49)\n    at InjectedScript.querySelectorAll (<anonymous>:4429:30)\n    at InjectedScript.querySelector (<anonymous>:4376:25)\n    at eval (eval at evaluate (:195:30), <anonymous>:8:36)\n    at UtilityScript.evaluate (<anonymous>:197:17)\n    at UtilityScript.<anonymous> (<anonymous>:1:44)\n=========================== logs ===========================\nwaiting for locator(\"role=\\\"region\\\"] [aria-live=\\\"polite\\\"]\")\n============================================================\n  name='Error\n  stack='Error: Error: Error while parsing selector `\"region\"] [aria-live=\"polite\"]` - unexpected symbol \"\"\" at position 0\n    at syntaxError (<anonymous>:1466:11)\n    at parseAttributeSelector (<anonymous>:1615:5)\n    at Object.queryAll (<anonymous>:2809:22)\n    at InjectedScript._queryEngineAll (<anonymous>:4442:49)\n    at InjectedScript.querySelectorAll (<anonymous>:4429:30)\n    at InjectedScript.querySelector (<anonymous>:4376:25)\n    at eval (eval at evaluate (:195:30), <anonymous>:8:36)\n    at UtilityScript.evaluate (<anonymous>:197:17)\n    at UtilityScript.<anonymous> (<anonymous>:1:44)\n=========================== logs ===========================\nwaiting for locator(\"role=\\\"region\\\"] [aria-live=\\\"polite\\\"]\")\n============================================================\n    at syntaxError (<anonymous>:1466:11)\n    at parseAttributeSelector (<anonymous>:1615:5)\n    at Object.queryAll (<anonymous>:2809:22)\n    at InjectedScript._queryEngineAll (<anonymous>:4442:49)\n    at InjectedScript.querySelectorAll (<anonymous>:4429:30)\n    at InjectedScript.querySelector (<anonymous>:4376:25)\n    at eval (eval at evaluate (:195:30), <anonymous>:8:36)\n    at UtilityScript.evaluate (<anonymous>:197:17)\n    at UtilityScript.<anonymous> (<anonymous>:1:44)\n    at CRExecutionContext.evaluateWithArguments (/tmp/playwright-java-9945267412322483293/package/lib/server/chromium/crExecutionContext.js:92:33)\n    at async ScopedRace._race (/tmp/playwright-java-9945267412322483293/package/lib/utils/manualPromise.js:80:14)\n    at async evaluateExpression (/tmp/playwright-java-9945267412322483293/package/lib/server/javascript.js:218:12)\n    at async /tmp/playwright-java-9945267412322483293/package/lib/server/frames.js:1396:13\n    at async Frame.retryWithProgressAndTimeouts (/tmp/playwright-java-9945267412322483293/package/lib/server/frames.js:908:24)\n    at async ProgressController.run (/tmp/playwright-java-9945267412322483293/package/lib/server/progress.js:92:22)\n    at async FrameDispatcher.innerText (/tmp/playwright-java-9945267412322483293/package/lib/server/dispatchers/frameDispatcher.js:177:14)\n    at async DispatcherConnection.dispatch (/tmp/playwright-java-9945267412322483293/package/lib/server/dispatchers/dispatcher.js:312:22)\n}\n\tat com.microsoft.playwright.impl.WaitableResult.get(WaitableResult.java:54)\n\tat com.microsoft.playwright.impl.ChannelOwner.runUntil(ChannelOwner.java:111)\n\tat com.microsoft.playwright.impl.Connection.sendMessage(Connection.java:126)\n\tat com.microsoft.playwright.impl.ChannelOwner.sendMessage(ChannelOwner.java:102)\n\tat com.microsoft.playwright.impl.FrameImpl.innerTextImpl(FrameImpl.java:526)\n\tat com.microsoft.playwright.impl.FrameImpl.lambda$innerText$22(FrameImpl.java:517)\n\tat com.microsoft.playwright.impl.LoggingSupport.withLogging(LoggingSupport.java:47)\n\tat com.microsoft.playwright.impl.ChannelOwner.withLogging(ChannelOwner.java:87)\n\tat com.microsoft.playwright.impl.FrameImpl.innerText(FrameImpl.java:517)\n\tat com.microsoft.playwright.impl.LocatorImpl.innerText(LocatorImpl.java:318)\n\tat com.microsoft.playwright.Locator.innerText(Locator.java:3486)\n\tat com.chegg.web.core.BasePage.getInnerTextBy(BasePage.java:35)\n\tat com.chegg.web.pages.TranslateTextsPage.translationResult(TranslateTextsPage.java:43)\n\tat com.chegg.web.tests.GoogleTranslateTest.lambda$testTranslateText$6(GoogleTranslateTest.java:59)\n\tat io.qameta.allure.Allure.lambda$step$0(Allure.java:113)\n\tat io.qameta.allure.Allure.lambda$step$1(Allure.java:127)\n\tat io.qameta.allure.Allure.step(Allure.java:181)\n\tat io.qameta.allure.Allure.step(Allure.java:125)\n\tat io.qameta.allure.Allure.step(Allure.java:112)\n\tat com.chegg.web.tests.GoogleTranslateTest.lambda$testTranslateText$7(GoogleTranslateTest.java:58)\n\tat io.qameta.allure.Allure.lambda$step$0(Allure.java:113)\n\tat io.qameta.allure.Allure.lambda$step$1(Allure.java:127)\n\tat io.qameta.allure.Allure.step(Allure.java:181)\n\tat io.qameta.allure.Allure.step(Allure.java:125)\n\tat io.qameta.allure.Allure.step(Allure.java:112)\n\tat com.chegg.web.tests.GoogleTranslateTest.testTranslateText(GoogleTranslateTest.java:36)\n\tat java.base/jdk.internal.reflect.NativeMethodAccessorImpl.invoke0(Native Method)\n\tat java.base/jdk.internal.reflect.NativeMethodAccessorImpl.invoke(NativeMethodAccessorImpl.java:77)\n\tat java.base/jdk.internal.reflect.DelegatingMethodAccessorImpl.invoke(DelegatingMethodAccessorImpl.java:43)\n\tat java.base/java.lang.reflect.Method.invoke(Method.java:568)\n\tat org.testng.internal.MethodInvocationHelper.invokeMethod(MethodInvocationHelper.java:124)\n\tat org.testng.internal.Invoker.invokeMethod(Invoker.java:583)\n\tat org.testng.internal.Invoker.invokeTestMethod(Invoker.java:719)\n\tat org.testng.internal.Invoker.invokeTestMethods(Invoker.java:989)\n\tat org.testng.internal.TestMethodWorker.invokeTestMethods(TestMethodWorker.java:125)\n\tat org.testng.internal.TestMethodWorker.run(TestMethodWorker.java:109)\n\tat org.testng.TestRunner.privateRun(TestRunner.java:648)\n\tat org.testng.TestRunner.run(TestRunner.java:505)\n\tat org.testng.SuiteRunner.runTest(SuiteRunner.java:455)\n\tat org.testng.SuiteRunner.runSequentially(SuiteRunner.java:450)\n\tat org.testng.SuiteRunner.privateRun(SuiteRunner.java:415)\n\tat org.testng.SuiteRunner.run(SuiteRunner.java:364)\n\tat org.testng.SuiteRunnerWorker.runSuite(SuiteRunnerWorker.java:52)\n\tat org.testng.SuiteRunnerWorker.run(SuiteRunnerWorker.java:84)\n\tat org.testng.TestNG.runSuitesSequentially(TestNG.java:1208)\n\tat org.testng.TestNG.runSuitesLocally(TestNG.java:1137)\n\tat org.testng.TestNG.runSuites(TestNG.java:1049)\n\tat org.testng.TestNG.run(TestNG.java:1017)\n\tat org.apache.maven.surefire.testng.TestNGExecutor.run(TestNGExecutor.java:155)\n\tat org.apache.maven.surefire.testng.TestNGDirectoryTestSuite.executeMulti(TestNGDirectoryTestSuite.java:169)\n\tat org.apache.maven.surefire.testng.TestNGDirectoryTestSuite.execute(TestNGDirectoryTestSuite.java:88)\n\tat org.apache.maven.surefire.testng.TestNGProvider.invoke(TestNGProvider.java:137)\n\tat org.apache.maven.surefire.booter.ForkedBooter.runSuitesInProcess(ForkedBooter.java:385)\n\tat org.apache.maven.surefire.booter.ForkedBooter.execute(ForkedBooter.java:162)\n\tat org.apache.maven.surefire.booter.ForkedBooter.run(ForkedBooter.java:507)\n\tat org.apache.maven.surefire.booter.ForkedBooter.main(ForkedBooter.java:495)\nCaused by: com.microsoft.playwright.impl.DriverException: Error {\n  message='Error: Error while parsing selector `\"region\"] [aria-live=\"polite\"]` - unexpected symbol \"\"\" at position 0\n    at syntaxError (<anonymous>:1466:11)\n    at parseAttributeSelector (<anonymous>:1615:5)\n    at Object.queryAll (<anonymous>:2809:22)\n    at InjectedScript._queryEngineAll (<anonymous>:4442:49)\n    at InjectedScript.querySelectorAll (<anonymous>:4429:30)\n    at InjectedScript.querySelector (<anonymous>:4376:25)\n    at eval (eval at evaluate (:195:30), <anonymous>:8:36)\n    at UtilityScript.evaluate (<anonymous>:197:17)\n    at UtilityScript.<anonymous> (<anonymous>:1:44)\n=========================== logs ===========================\nwaiting for locator(\"role=\\\"region\\\"] [aria-live=\\\"polite\\\"]\")\n============================================================\n  name='Error\n  stack='Error: Error: Error while parsing selector `\"region\"] [aria-live=\"polite\"]` - unexpected symbol \"\"\" at position 0\n    at syntaxError (<anonymous>:1466:11)\n    at parseAttributeSelector (<anonymous>:1615:5)\n    at Object.queryAll (<anonymous>:2809:22)\n    at InjectedScript._queryEngineAll (<anonymous>:4442:49)\n    at InjectedScript.querySelectorAll (<anonymous>:4429:30)\n    at InjectedScript.querySelector (<anonymous>:4376:25)\n    at eval (eval at evaluate (:195:30), <anonymous>:8:36)\n    at UtilityScript.evaluate (<anonymous>:197:17)\n    at UtilityScript.<anonymous> (<anonymous>:1:44)\n=========================== logs ===========================\nwaiting for locator(\"role=\\\"region\\\"] [aria-live=\\\"polite\\\"]\")\n============================================================\n    at syntaxError (<anonymous>:1466:11)\n    at parseAttributeSelector (<anonymous>:1615:5)\n    at Object.queryAll (<anonymous>:2809:22)\n    at InjectedScript._queryEngineAll (<anonymous>:4442:49)\n    at InjectedScript.querySelectorAll (<anonymous>:4429:30)\n    at InjectedScript.querySelector (<anonymous>:4376:25)\n    at eval (eval at evaluate (:195:30), <anonymous>:8:36)\n    at UtilityScript.evaluate (<anonymous>:197:17)\n    at UtilityScript.<anonymous> (<anonymous>:1:44)\n    at CRExecutionContext.evaluateWithArguments (/tmp/playwright-java-9945267412322483293/package/lib/server/chromium/crExecutionContext.js:92:33)\n    at async ScopedRace._race (/tmp/playwright-java-9945267412322483293/package/lib/utils/manualPromise.js:80:14)\n    at async evaluateExpression (/tmp/playwright-java-9945267412322483293/package/lib/server/javascript.js:218:12)\n    at async /tmp/playwright-java-9945267412322483293/package/lib/server/frames.js:1396:13\n    at async Frame.retryWithProgressAndTimeouts (/tmp/playwright-java-9945267412322483293/package/lib/server/frames.js:908:24)\n    at async ProgressController.run (/tmp/playwright-java-9945267412322483293/package/lib/server/progress.js:92:22)\n    at async FrameDispatcher.innerText (/tmp/playwright-java-9945267412322483293/package/lib/server/dispatchers/frameDispatcher.js:177:14)\n    at async DispatcherConnection.dispatch (/tmp/playwright-java-9945267412322483293/package/lib/server/dispatchers/dispatcher.js:312:22)\n}\n\tat com.microsoft.playwright.impl.Connection.dispatch(Connection.java:226)\n\tat com.microsoft.playwright.impl.Connection.processOneMessage(Connection.java:206)\n\tat com.microsoft.playwright.impl.ChannelOwner.runUntil(ChannelOwner.java:109)\n\t... 54 more\n","flaky":false,"newFailed":false,"newBroken":true,"newPassed":false,"retriesCount":0,"retriesStatusChange":false,"beforeStages":[{"name":"setUp","time":{"start":1681478185783,"stop":1681478186175,"duration":392},"description":"","status":"passed","steps":[],"attachments":[],"parameters":[],"stepsCount":0,"attachmentsCount":0,"shouldDisplayMessage":false,"hasContent":false}],"testStage":{"status":"broken","statusMessage":"Error {\n  message='Error: Error while parsing selector `\"region\"] [aria-live=\"polite\"]` - unexpected symbol \"\"\" at position 0\n    at syntaxError (<anonymous>:1466:11)\n    at parseAttributeSelector (<anonymous>:1615:5)\n    at Object.queryAll (<anonymous>:2809:22)\n    at InjectedScript._queryEngineAll (<anonymous>:4442:49)\n    at InjectedScript.querySelectorAll (<anonymous>:4429:30)\n    at InjectedScript.querySelector (<anonymous>:4376:25)\n    at eval (eval at evaluate (:195:30), <anonymous>:8:36)\n    at UtilityScript.evaluate (<anonymous>:197:17)\n    at UtilityScript.<anonymous> (<anonymous>:1:44)\n=========================== logs ===========================\nwaiting for locator(\"role=\\\"region\\\"] [aria-live=\\\"polite\\\"]\")\n============================================================\n  name='Error\n  stack='Error: Error: Error while parsing selector `\"region\"] [aria-live=\"polite\"]` - unexpected symbol \"\"\" at position 0\n    at syntaxError (<anonymous>:1466:11)\n    at parseAttributeSelector (<anonymous>:1615:5)\n    at Object.queryAll (<anonymous>:2809:22)\n    at InjectedScript._queryEngineAll (<anonymous>:4442:49)\n    at InjectedScript.querySelectorAll (<anonymous>:4429:30)\n    at InjectedScript.querySelector (<anonymous>:4376:25)\n    at eval (eval at evaluate (:195:30), <anonymous>:8:36)\n    at UtilityScript.evaluate (<anonymous>:197:17)\n    at UtilityScript.<anonymous> (<anonymous>:1:44)\n=========================== logs ===========================\nwaiting for locator(\"role=\\\"region\\\"] [aria-live=\\\"polite\\\"]\")\n============================================================\n    at syntaxError (<anonymous>:1466:11)\n    at parseAttributeSelector (<anonymous>:1615:5)\n    at Object.queryAll (<anonymous>:2809:22)\n    at InjectedScript._queryEngineAll (<anonymous>:4442:49)\n    at InjectedScript.querySelectorAll (<anonymous>:4429:30)\n    at InjectedScript.querySelector (<anonymous>:4376:25)\n    at eval (eval at evaluate (:195:30), <anonymous>:8:36)\n    at UtilityScript.evaluate (<anonymous>:197:17)\n    at UtilityScript.<anonymous> (<anonymous>:1:44)\n    at CRExecutionContext.evaluateWithArguments (/tmp/playwright-java-9945267412322483293/package/lib/server/chromium/crExecutionContext.js:92:33)\n    at async ScopedRace._race (/tmp/playwright-java-9945267412322483293/package/lib/utils/manualPromise.js:80:14)\n    at async evaluateExpression (/tmp/playwright-java-9945267412322483293/package/lib/server/javascript.js:218:12)\n    at async /tmp/playwright-java-9945267412322483293/package/lib/server/frames.js:1396:13\n    at async Frame.retryWithProgressAndTimeouts (/tmp/playwright-java-9945267412322483293/package/lib/server/frames.js:908:24)\n    at async ProgressController.run (/tmp/playwright-java-9945267412322483293/package/lib/server/progress.js:92:22)\n    at async FrameDispatcher.innerText (/tmp/playwright-java-9945267412322483293/package/lib/server/dispatchers/frameDispatcher.js:177:14)\n    at async DispatcherConnection.dispatch (/tmp/playwright-java-9945267412322483293/package/lib/server/dispatchers/dispatcher.js:312:22)\n}","statusTrace":"com.microsoft.playwright.PlaywrightException: Error {\n  message='Error: Error while parsing selector `\"region\"] [aria-live=\"polite\"]` - unexpected symbol \"\"\" at position 0\n    at syntaxError (<anonymous>:1466:11)\n    at parseAttributeSelector (<anonymous>:1615:5)\n    at Object.queryAll (<anonymous>:2809:22)\n    at InjectedScript._queryEngineAll (<anonymous>:4442:49)\n    at InjectedScript.querySelectorAll (<anonymous>:4429:30)\n    at InjectedScript.querySelector (<anonymous>:4376:25)\n    at eval (eval at evaluate (:195:30), <anonymous>:8:36)\n    at UtilityScript.evaluate (<anonymous>:197:17)\n    at UtilityScript.<anonymous> (<anonymous>:1:44)\n=========================== logs ===========================\nwaiting for locator(\"role=\\\"region\\\"] [aria-live=\\\"polite\\\"]\")\n============================================================\n  name='Error\n  stack='Error: Error: Error while parsing selector `\"region\"] [aria-live=\"polite\"]` - unexpected symbol \"\"\" at position 0\n    at syntaxError (<anonymous>:1466:11)\n    at parseAttributeSelector (<anonymous>:1615:5)\n    at Object.queryAll (<anonymous>:2809:22)\n    at InjectedScript._queryEngineAll (<anonymous>:4442:49)\n    at InjectedScript.querySelectorAll (<anonymous>:4429:30)\n    at InjectedScript.querySelector (<anonymous>:4376:25)\n    at eval (eval at evaluate (:195:30), <anonymous>:8:36)\n    at UtilityScript.evaluate (<anonymous>:197:17)\n    at UtilityScript.<anonymous> (<anonymous>:1:44)\n=========================== logs ===========================\nwaiting for locator(\"role=\\\"region\\\"] [aria-live=\\\"polite\\\"]\")\n============================================================\n    at syntaxError (<anonymous>:1466:11)\n    at parseAttributeSelector (<anonymous>:1615:5)\n    at Object.queryAll (<anonymous>:2809:22)\n    at InjectedScript._queryEngineAll (<anonymous>:4442:49)\n    at InjectedScript.querySelectorAll (<anonymous>:4429:30)\n    at InjectedScript.querySelector (<anonymous>:4376:25)\n    at eval (eval at evaluate (:195:30), <anonymous>:8:36)\n    at UtilityScript.evaluate (<anonymous>:197:17)\n    at UtilityScript.<anonymous> (<anonymous>:1:44)\n    at CRExecutionContext.evaluateWithArguments (/tmp/playwright-java-9945267412322483293/package/lib/server/chromium/crExecutionContext.js:92:33)\n    at async ScopedRace._race (/tmp/playwright-java-9945267412322483293/package/lib/utils/manualPromise.js:80:14)\n    at async evaluateExpression (/tmp/playwright-java-9945267412322483293/package/lib/server/javascript.js:218:12)\n    at async /tmp/playwright-java-9945267412322483293/package/lib/server/frames.js:1396:13\n    at async Frame.retryWithProgressAndTimeouts (/tmp/playwright-java-9945267412322483293/package/lib/server/frames.js:908:24)\n    at async ProgressController.run (/tmp/playwright-java-9945267412322483293/package/lib/server/progress.js:92:22)\n    at async FrameDispatcher.innerText (/tmp/playwright-java-9945267412322483293/package/lib/server/dispatchers/frameDispatcher.js:177:14)\n    at async DispatcherConnection.dispatch (/tmp/playwright-java-9945267412322483293/package/lib/server/dispatchers/dispatcher.js:312:22)\n}\n\tat com.microsoft.playwright.impl.WaitableResult.get(WaitableResult.java:54)\n\tat com.microsoft.playwright.impl.ChannelOwner.runUntil(ChannelOwner.java:111)\n\tat com.microsoft.playwright.impl.Connection.sendMessage(Connection.java:126)\n\tat com.microsoft.playwright.impl.ChannelOwner.sendMessage(ChannelOwner.java:102)\n\tat com.microsoft.playwright.impl.FrameImpl.innerTextImpl(FrameImpl.java:526)\n\tat com.microsoft.playwright.impl.FrameImpl.lambda$innerText$22(FrameImpl.java:517)\n\tat com.microsoft.playwright.impl.LoggingSupport.withLogging(LoggingSupport.java:47)\n\tat com.microsoft.playwright.impl.ChannelOwner.withLogging(ChannelOwner.java:87)\n\tat com.microsoft.playwright.impl.FrameImpl.innerText(FrameImpl.java:517)\n\tat com.microsoft.playwright.impl.LocatorImpl.innerText(LocatorImpl.java:318)\n\tat com.microsoft.playwright.Locator.innerText(Locator.java:3486)\n\tat com.chegg.web.core.BasePage.getInnerTextBy(BasePage.java:35)\n\tat com.chegg.web.pages.TranslateTextsPage.translationResult(TranslateTextsPage.java:43)\n\tat com.chegg.web.tests.GoogleTranslateTest.lambda$testTranslateText$6(GoogleTranslateTest.java:59)\n\tat io.qameta.allure.Allure.lambda$step$0(Allure.java:113)\n\tat io.qameta.allure.Allure.lambda$step$1(Allure.java:127)\n\tat io.qameta.allure.Allure.step(Allure.java:181)\n\tat io.qameta.allure.Allure.step(Allure.java:125)\n\tat io.qameta.allure.Allure.step(Allure.java:112)\n\tat com.chegg.web.tests.GoogleTranslateTest.lambda$testTranslateText$7(GoogleTranslateTest.java:58)\n\tat io.qameta.allure.Allure.lambda$step$0(Allure.java:113)\n\tat io.qameta.allure.Allure.lambda$step$1(Allure.java:127)\n\tat io.qameta.allure.Allure.step(Allure.java:181)\n\tat io.qameta.allure.Allure.step(Allure.java:125)\n\tat io.qameta.allure.Allure.step(Allure.java:112)\n\tat com.chegg.web.tests.GoogleTranslateTest.testTranslateText(GoogleTranslateTest.java:36)\n\tat java.base/jdk.internal.reflect.NativeMethodAccessorImpl.invoke0(Native Method)\n\tat java.base/jdk.internal.reflect.NativeMethodAccessorImpl.invoke(NativeMethodAccessorImpl.java:77)\n\tat java.base/jdk.internal.reflect.DelegatingMethodAccessorImpl.invoke(DelegatingMethodAccessorImpl.java:43)\n\tat java.base/java.lang.reflect.Method.invoke(Method.java:568)\n\tat org.testng.internal.MethodInvocationHelper.invokeMethod(MethodInvocationHelper.java:124)\n\tat org.testng.internal.Invoker.invokeMethod(Invoker.java:583)\n\tat org.testng.internal.Invoker.invokeTestMethod(Invoker.java:719)\n\tat org.testng.internal.Invoker.invokeTestMethods(Invoker.java:989)\n\tat org.testng.internal.TestMethodWorker.invokeTestMethods(TestMethodWorker.java:125)\n\tat org.testng.internal.TestMethodWorker.run(TestMethodWorker.java:109)\n\tat org.testng.TestRunner.privateRun(TestRunner.java:648)\n\tat org.testng.TestRunner.run(TestRunner.java:505)\n\tat org.testng.SuiteRunner.runTest(SuiteRunner.java:455)\n\tat org.testng.SuiteRunner.runSequentially(SuiteRunner.java:450)\n\tat org.testng.SuiteRunner.privateRun(SuiteRunner.java:415)\n\tat org.testng.SuiteRunner.run(SuiteRunner.java:364)\n\tat org.testng.SuiteRunnerWorker.runSuite(SuiteRunnerWorker.java:52)\n\tat org.testng.SuiteRunnerWorker.run(SuiteRunnerWorker.java:84)\n\tat org.testng.TestNG.runSuitesSequentially(TestNG.java:1208)\n\tat org.testng.TestNG.runSuitesLocally(TestNG.java:1137)\n\tat org.testng.TestNG.runSuites(TestNG.java:1049)\n\tat org.testng.TestNG.run(TestNG.java:1017)\n\tat org.apache.maven.surefire.testng.TestNGExecutor.run(TestNGExecutor.java:155)\n\tat org.apache.maven.surefire.testng.TestNGDirectoryTestSuite.executeMulti(TestNGDirectoryTestSuite.java:169)\n\tat org.apache.maven.surefire.testng.TestNGDirectoryTestSuite.execute(TestNGDirectoryTestSuite.java:88)\n\tat org.apache.maven.surefire.testng.TestNGProvider.invoke(TestNGProvider.java:137)\n\tat org.apache.maven.surefire.booter.ForkedBooter.runSuitesInProcess(ForkedBooter.java:385)\n\tat org.apache.maven.surefire.booter.ForkedBooter.execute(ForkedBooter.java:162)\n\tat org.apache.maven.surefire.booter.ForkedBooter.run(ForkedBooter.java:507)\n\tat org.apache.maven.surefire.booter.ForkedBooter.main(ForkedBooter.java:495)\nCaused by: com.microsoft.playwright.impl.DriverException: Error {\n  message='Error: Error while parsing selector `\"region\"] [aria-live=\"polite\"]` - unexpected symbol \"\"\" at position 0\n    at syntaxError (<anonymous>:1466:11)\n    at parseAttributeSelector (<anonymous>:1615:5)\n    at Object.queryAll (<anonymous>:2809:22)\n    at InjectedScript._queryEngineAll (<anonymous>:4442:49)\n    at InjectedScript.querySelectorAll (<anonymous>:4429:30)\n    at InjectedScript.querySelector (<anonymous>:4376:25)\n    at eval (eval at evaluate (:195:30), <anonymous>:8:36)\n    at UtilityScript.evaluate (<anonymous>:197:17)\n    at UtilityScript.<anonymous> (<anonymous>:1:44)\n=========================== logs ===========================\nwaiting for locator(\"role=\\\"region\\\"] [aria-live=\\\"polite\\\"]\")\n============================================================\n  name='Error\n  stack='Error: Error: Error while parsing selector `\"region\"] [aria-live=\"polite\"]` - unexpected symbol \"\"\" at position 0\n    at syntaxError (<anonymous>:1466:11)\n    at parseAttributeSelector (<anonymous>:1615:5)\n    at Object.queryAll (<anonymous>:2809:22)\n    at InjectedScript._queryEngineAll (<anonymous>:4442:49)\n    at InjectedScript.querySelectorAll (<anonymous>:4429:30)\n    at InjectedScript.querySelector (<anonymous>:4376:25)\n    at eval (eval at evaluate (:195:30), <anonymous>:8:36)\n    at UtilityScript.evaluate (<anonymous>:197:17)\n    at UtilityScript.<anonymous> (<anonymous>:1:44)\n=========================== logs ===========================\nwaiting for locator(\"role=\\\"region\\\"] [aria-live=\\\"polite\\\"]\")\n============================================================\n    at syntaxError (<anonymous>:1466:11)\n    at parseAttributeSelector (<anonymous>:1615:5)\n    at Object.queryAll (<anonymous>:2809:22)\n    at InjectedScript._queryEngineAll (<anonymous>:4442:49)\n    at InjectedScript.querySelectorAll (<anonymous>:4429:30)\n    at InjectedScript.querySelector (<anonymous>:4376:25)\n    at eval (eval at evaluate (:195:30), <anonymous>:8:36)\n    at UtilityScript.evaluate (<anonymous>:197:17)\n    at UtilityScript.<anonymous> (<anonymous>:1:44)\n    at CRExecutionContext.evaluateWithArguments (/tmp/playwright-java-9945267412322483293/package/lib/server/chromium/crExecutionContext.js:92:33)\n    at async ScopedRace._race (/tmp/playwright-java-9945267412322483293/package/lib/utils/manualPromise.js:80:14)\n    at async evaluateExpression (/tmp/playwright-java-9945267412322483293/package/lib/server/javascript.js:218:12)\n    at async /tmp/playwright-java-9945267412322483293/package/lib/server/frames.js:1396:13\n    at async Frame.retryWithProgressAndTimeouts (/tmp/playwright-java-9945267412322483293/package/lib/server/frames.js:908:24)\n    at async ProgressController.run (/tmp/playwright-java-9945267412322483293/package/lib/server/progress.js:92:22)\n    at async FrameDispatcher.innerText (/tmp/playwright-java-9945267412322483293/package/lib/server/dispatchers/frameDispatcher.js:177:14)\n    at async DispatcherConnection.dispatch (/tmp/playwright-java-9945267412322483293/package/lib/server/dispatchers/dispatcher.js:312:22)\n}\n\tat com.microsoft.playwright.impl.Connection.dispatch(Connection.java:226)\n\tat com.microsoft.playwright.impl.Connection.processOneMessage(Connection.java:206)\n\tat com.microsoft.playwright.impl.ChannelOwner.runUntil(ChannelOwner.java:109)\n\t... 54 more\n","steps":[{"name":"Navigate to https://translate.google.com","time":{"start":1681478186180,"stop":1681478187727,"duration":1547},"status":"passed","steps":[],"attachments":[],"parameters":[],"stepsCount":0,"attachmentsCount":0,"shouldDisplayMessage":false,"hasContent":false},{"name":"Init translate text","time":{"start":1681478187729,"stop":1681478198857,"duration":11128},"status":"broken","statusMessage":"Error {\n  message='Error: Error while parsing selector `\"region\"] [aria-live=\"polite\"]` - unexpected symbol \"\"\" at position 0\n    at syntaxError (<anonymous>:1466:11)\n    at parseAttributeSelector (<anonymous>:1615:5)\n    at Object.queryAll (<anonymous>:2809:22)\n    at InjectedScript._queryEngineAll (<anonymous>:4442:49)\n    at InjectedScript.querySelectorAll (<anonymous>:4429:30)\n    at InjectedScript.querySelector (<anonymous>:4376:25)\n    at eval (eval at evaluate (:195:30), <anonymous>:8:36)\n    at UtilityScript.evaluate (<anonymous>:197:17)\n    at UtilityScript.<anonymous> (<anonymous>:1:44)\n=========================== logs ===========================\nwaiting for locator(\"role=\\\"region\\\"] [aria-live=\\\"polite\\\"]\")\n============================================================\n  name='Error\n  stack='Error: Error: Error while parsing selector `\"region\"] [aria-live=\"polite\"]` - unexpected symbol \"\"\" at position 0\n    at syntaxError (<anonymous>:1466:11)\n    at parseAttributeSelector (<anonymous>:1615:5)\n    at Object.queryAll (<anonymous>:2809:22)\n    at InjectedScript._queryEngineAll (<anonymous>:4442:49)\n    at InjectedScript.querySelectorAll (<anonymous>:4429:30)\n    at InjectedScript.querySelector (<anonymous>:4376:25)\n    at eval (eval at evaluate (:195:30), <anonymous>:8:36)\n    at UtilityScript.evaluate (<anonymous>:197:17)\n    at UtilityScript.<anonymous> (<anonymous>:1:44)\n=========================== logs ===========================\nwaiting for locator(\"role=\\\"region\\\"] [aria-live=\\\"polite\\\"]\")\n============================================================\n    at syntaxError (<anonymous>:1466:11)\n    at parseAttributeSelector (<anonymous>:1615:5)\n    at Object.queryAll (<anonymous>:2809:22)\n    at InjectedScript._queryEngineAll (<anonymous>:4442:49)\n    at InjectedScript.querySelectorAll (<anonymous>:4429:30)\n    at InjectedScript.querySelector (<anonymous>:4376:25)\n    at eval (eval at evaluate (:195:30), <anonymous>:8:36)\n    at UtilityScript.evaluate (<anonymous>:197:17)\n    at UtilityScript.<anonymous> (<anonymous>:1:44)\n    at CRExecutionContext.evaluateWithArguments (/tmp/playwright-java-9945267412322483293/package/lib/server/chromium/crExecutionContext.js:92:33)\n    at async ScopedRace._race (/tmp/playwright-java-9945267412322483293/package/lib/utils/manualPromise.js:80:14)\n    at async evaluateExpression (/tmp/playwright-java-9945267412322483293/package/lib/server/javascript.js:218:12)\n    at async /tmp/playwright-java-9945267412322483293/package/lib/server/frames.js:1396:13\n    at async Frame.retryWithProgressAndTimeouts (/tmp/playwright-java-9945267412322483293/package/lib/server/frames.js:908:24)\n    at async ProgressController.run (/tmp/playwright-java-9945267412322483293/package/lib/server/progress.js:92:22)\n    at async FrameDispatcher.innerText (/tmp/playwright-java-9945267412322483293/package/lib/server/dispatchers/frameDispatcher.js:177:14)\n    at async DispatcherConnection.dispatch (/tmp/playwright-java-9945267412322483293/package/lib/server/dispatchers/dispatcher.js:312:22)\n}","statusTrace":"com.microsoft.playwright.PlaywrightException: Error {\n  message='Error: Error while parsing selector `\"region\"] [aria-live=\"polite\"]` - unexpected symbol \"\"\" at position 0\n    at syntaxError (<anonymous>:1466:11)\n    at parseAttributeSelector (<anonymous>:1615:5)\n    at Object.queryAll (<anonymous>:2809:22)\n    at InjectedScript._queryEngineAll (<anonymous>:4442:49)\n    at InjectedScript.querySelectorAll (<anonymous>:4429:30)\n    at InjectedScript.querySelector (<anonymous>:4376:25)\n    at eval (eval at evaluate (:195:30), <anonymous>:8:36)\n    at UtilityScript.evaluate (<anonymous>:197:17)\n    at UtilityScript.<anonymous> (<anonymous>:1:44)\n=========================== logs ===========================\nwaiting for locator(\"role=\\\"region\\\"] [aria-live=\\\"polite\\\"]\")\n============================================================\n  name='Error\n  stack='Error: Error: Error while parsing selector `\"region\"] [aria-live=\"polite\"]` - unexpected symbol \"\"\" at position 0\n    at syntaxError (<anonymous>:1466:11)\n    at parseAttributeSelector (<anonymous>:1615:5)\n    at Object.queryAll (<anonymous>:2809:22)\n    at InjectedScript._queryEngineAll (<anonymous>:4442:49)\n    at InjectedScript.querySelectorAll (<anonymous>:4429:30)\n    at InjectedScript.querySelector (<anonymous>:4376:25)\n    at eval (eval at evaluate (:195:30), <anonymous>:8:36)\n    at UtilityScript.evaluate (<anonymous>:197:17)\n    at UtilityScript.<anonymous> (<anonymous>:1:44)\n=========================== logs ===========================\nwaiting for locator(\"role=\\\"region\\\"] [aria-live=\\\"polite\\\"]\")\n============================================================\n    at syntaxError (<anonymous>:1466:11)\n    at parseAttributeSelector (<anonymous>:1615:5)\n    at Object.queryAll (<anonymous>:2809:22)\n    at InjectedScript._queryEngineAll (<anonymous>:4442:49)\n    at InjectedScript.querySelectorAll (<anonymous>:4429:30)\n    at InjectedScript.querySelector (<anonymous>:4376:25)\n    at eval (eval at evaluate (:195:30), <anonymous>:8:36)\n    at UtilityScript.evaluate (<anonymous>:197:17)\n    at UtilityScript.<anonymous> (<anonymous>:1:44)\n    at CRExecutionContext.evaluateWithArguments (/tmp/playwright-java-9945267412322483293/package/lib/server/chromium/crExecutionContext.js:92:33)\n    at async ScopedRace._race (/tmp/playwright-java-9945267412322483293/package/lib/utils/manualPromise.js:80:14)\n    at async evaluateExpression (/tmp/playwright-java-9945267412322483293/package/lib/server/javascript.js:218:12)\n    at async /tmp/playwright-java-9945267412322483293/package/lib/server/frames.js:1396:13\n    at async Frame.retryWithProgressAndTimeouts (/tmp/playwright-java-9945267412322483293/package/lib/server/frames.js:908:24)\n    at async ProgressController.run (/tmp/playwright-java-9945267412322483293/package/lib/server/progress.js:92:22)\n    at async FrameDispatcher.innerText (/tmp/playwright-java-9945267412322483293/package/lib/server/dispatchers/frameDispatcher.js:177:14)\n    at async DispatcherConnection.dispatch (/tmp/playwright-java-9945267412322483293/package/lib/server/dispatchers/dispatcher.js:312:22)\n}\n\tat com.microsoft.playwright.impl.WaitableResult.get(WaitableResult.java:54)\n\tat com.microsoft.playwright.impl.ChannelOwner.runUntil(ChannelOwner.java:111)\n\tat com.microsoft.playwright.impl.Connection.sendMessage(Connection.java:126)\n\tat com.microsoft.playwright.impl.ChannelOwner.sendMessage(ChannelOwner.java:102)\n\tat com.microsoft.playwright.impl.FrameImpl.innerTextImpl(FrameImpl.java:526)\n\tat com.microsoft.playwright.impl.FrameImpl.lambda$innerText$22(FrameImpl.java:517)\n\tat com.microsoft.playwright.impl.LoggingSupport.withLogging(LoggingSupport.java:47)\n\tat com.microsoft.playwright.impl.ChannelOwner.withLogging(ChannelOwner.java:87)\n\tat com.microsoft.playwright.impl.FrameImpl.innerText(FrameImpl.java:517)\n\tat com.microsoft.playwright.impl.LocatorImpl.innerText(LocatorImpl.java:318)\n\tat com.microsoft.playwright.Locator.innerText(Locator.java:3486)\n\tat com.chegg.web.core.BasePage.getInnerTextBy(BasePage.java:35)\n\tat com.chegg.web.pages.TranslateTextsPage.translationResult(TranslateTextsPage.java:43)\n\tat com.chegg.web.tests.GoogleTranslateTest.lambda$testTranslateText$6(GoogleTranslateTest.java:59)\n\tat io.qameta.allure.Allure.lambda$step$0(Allure.java:113)\n\tat io.qameta.allure.Allure.lambda$step$1(Allure.java:127)\n\tat io.qameta.allure.Allure.step(Allure.java:181)\n\tat io.qameta.allure.Allure.step(Allure.java:125)\n\tat io.qameta.allure.Allure.step(Allure.java:112)\n\tat com.chegg.web.tests.GoogleTranslateTest.lambda$testTranslateText$7(GoogleTranslateTest.java:58)\n\tat io.qameta.allure.Allure.lambda$step$0(Allure.java:113)\n\tat io.qameta.allure.Allure.lambda$step$1(Allure.java:127)\n\tat io.qameta.allure.Allure.step(Allure.java:181)\n\tat io.qameta.allure.Allure.step(Allure.java:125)\n\tat io.qameta.allure.Allure.step(Allure.java:112)\n\tat com.chegg.web.tests.GoogleTranslateTest.testTranslateText(GoogleTranslateTest.java:36)\n\tat java.base/jdk.internal.reflect.NativeMethodAccessorImpl.invoke0(Native Method)\n\tat java.base/jdk.internal.reflect.NativeMethodAccessorImpl.invoke(NativeMethodAccessorImpl.java:77)\n\tat java.base/jdk.internal.reflect.DelegatingMethodAccessorImpl.invoke(DelegatingMethodAccessorImpl.java:43)\n\tat java.base/java.lang.reflect.Method.invoke(Method.java:568)\n\tat org.testng.internal.MethodInvocationHelper.invokeMethod(MethodInvocationHelper.java:124)\n\tat org.testng.internal.Invoker.invokeMethod(Invoker.java:583)\n\tat org.testng.internal.Invoker.invokeTestMethod(Invoker.java:719)\n\tat org.testng.internal.Invoker.invokeTestMethods(Invoker.java:989)\n\tat org.testng.internal.TestMethodWorker.invokeTestMethods(TestMethodWorker.java:125)\n\tat org.testng.internal.TestMethodWorker.run(TestMethodWorker.java:109)\n\tat org.testng.TestRunner.privateRun(TestRunner.java:648)\n\tat org.testng.TestRunner.run(TestRunner.java:505)\n\tat org.testng.SuiteRunner.runTest(SuiteRunner.java:455)\n\tat org.testng.SuiteRunner.runSequentially(SuiteRunner.java:450)\n\tat org.testng.SuiteRunner.privateRun(SuiteRunner.java:415)\n\tat org.testng.SuiteRunner.run(SuiteRunner.java:364)\n\tat org.testng.SuiteRunnerWorker.runSuite(SuiteRunnerWorker.java:52)\n\tat org.testng.SuiteRunnerWorker.run(SuiteRunnerWorker.java:84)\n\tat org.testng.TestNG.runSuitesSequentially(TestNG.java:1208)\n\tat org.testng.TestNG.runSuitesLocally(TestNG.java:1137)\n\tat org.testng.TestNG.runSuites(TestNG.java:1049)\n\tat org.testng.TestNG.run(TestNG.java:1017)\n\tat org.apache.maven.surefire.testng.TestNGExecutor.run(TestNGExecutor.java:155)\n\tat org.apache.maven.surefire.testng.TestNGDirectoryTestSuite.executeMulti(TestNGDirectoryTestSuite.java:169)\n\tat org.apache.maven.surefire.testng.TestNGDirectoryTestSuite.execute(TestNGDirectoryTestSuite.java:88)\n\tat org.apache.maven.surefire.testng.TestNGProvider.invoke(TestNGProvider.java:137)\n\tat org.apache.maven.surefire.booter.ForkedBooter.runSuitesInProcess(ForkedBooter.java:385)\n\tat org.apache.maven.surefire.booter.ForkedBooter.execute(ForkedBooter.java:162)\n\tat org.apache.maven.surefire.booter.ForkedBooter.run(ForkedBooter.java:507)\n\tat org.apache.maven.surefire.booter.ForkedBooter.main(ForkedBooter.java:495)\nCaused by: com.microsoft.playwright.impl.DriverException: Error {\n  message='Error: Error while parsing selector `\"region\"] [aria-live=\"polite\"]` - unexpected symbol \"\"\" at position 0\n    at syntaxError (<anonymous>:1466:11)\n    at parseAttributeSelector (<anonymous>:1615:5)\n    at Object.queryAll (<anonymous>:2809:22)\n    at InjectedScript._queryEngineAll (<anonymous>:4442:49)\n    at InjectedScript.querySelectorAll (<anonymous>:4429:30)\n    at InjectedScript.querySelector (<anonymous>:4376:25)\n    at eval (eval at evaluate (:195:30), <anonymous>:8:36)\n    at UtilityScript.evaluate (<anonymous>:197:17)\n    at UtilityScript.<anonymous> (<anonymous>:1:44)\n=========================== logs ===========================\nwaiting for locator(\"role=\\\"region\\\"] [aria-live=\\\"polite\\\"]\")\n============================================================\n  name='Error\n  stack='Error: Error: Error while parsing selector `\"region\"] [aria-live=\"polite\"]` - unexpected symbol \"\"\" at position 0\n    at syntaxError (<anonymous>:1466:11)\n    at parseAttributeSelector (<anonymous>:1615:5)\n    at Object.queryAll (<anonymous>:2809:22)\n    at InjectedScript._queryEngineAll (<anonymous>:4442:49)\n    at InjectedScript.querySelectorAll (<anonymous>:4429:30)\n    at InjectedScript.querySelector (<anonymous>:4376:25)\n    at eval (eval at evaluate (:195:30), <anonymous>:8:36)\n    at UtilityScript.evaluate (<anonymous>:197:17)\n    at UtilityScript.<anonymous> (<anonymous>:1:44)\n=========================== logs ===========================\nwaiting for locator(\"role=\\\"region\\\"] [aria-live=\\\"polite\\\"]\")\n============================================================\n    at syntaxError (<anonymous>:1466:11)\n    at parseAttributeSelector (<anonymous>:1615:5)\n    at Object.queryAll (<anonymous>:2809:22)\n    at InjectedScript._queryEngineAll (<anonymous>:4442:49)\n    at InjectedScript.querySelectorAll (<anonymous>:4429:30)\n    at InjectedScript.querySelector (<anonymous>:4376:25)\n    at eval (eval at evaluate (:195:30), <anonymous>:8:36)\n    at UtilityScript.evaluate (<anonymous>:197:17)\n    at UtilityScript.<anonymous> (<anonymous>:1:44)\n    at CRExecutionContext.evaluateWithArguments (/tmp/playwright-java-9945267412322483293/package/lib/server/chromium/crExecutionContext.js:92:33)\n    at async ScopedRace._race (/tmp/playwright-java-9945267412322483293/package/lib/utils/manualPromise.js:80:14)\n    at async evaluateExpression (/tmp/playwright-java-9945267412322483293/package/lib/server/javascript.js:218:12)\n    at async /tmp/playwright-java-9945267412322483293/package/lib/server/frames.js:1396:13\n    at async Frame.retryWithProgressAndTimeouts (/tmp/playwright-java-9945267412322483293/package/lib/server/frames.js:908:24)\n    at async ProgressController.run (/tmp/playwright-java-9945267412322483293/package/lib/server/progress.js:92:22)\n    at async FrameDispatcher.innerText (/tmp/playwright-java-9945267412322483293/package/lib/server/dispatchers/frameDispatcher.js:177:14)\n    at async DispatcherConnection.dispatch (/tmp/playwright-java-9945267412322483293/package/lib/server/dispatchers/dispatcher.js:312:22)\n}\n\tat com.microsoft.playwright.impl.Connection.dispatch(Connection.java:226)\n\tat com.microsoft.playwright.impl.Connection.processOneMessage(Connection.java:206)\n\tat com.microsoft.playwright.impl.ChannelOwner.runUntil(ChannelOwner.java:109)\n\t... 54 more\n","steps":[{"name":"Open Source Language list","time":{"start":1681478188090,"stop":1681478191545,"duration":3455},"status":"passed","steps":[{"name":"Search for the desired language and choose it","time":{"start":1681478188399,"stop":1681478191545,"duration":3146},"status":"passed","steps":[{"name":"assertThat 'false'","time":{"start":1681478191545,"stop":1681478191545,"duration":0},"status":"passed","steps":[],"attachments":[],"parameters":[],"stepsCount":0,"attachmentsCount":0,"shouldDisplayMessage":false,"hasContent":false},{"name":"describedAs 'the lang list is closed'","time":{"start":1681478191545,"stop":1681478191545,"duration":0},"status":"passed","steps":[],"attachments":[],"parameters":[],"stepsCount":0,"attachmentsCount":0,"shouldDisplayMessage":false,"hasContent":false},{"name":"isFalse","time":{"start":1681478191545,"stop":1681478191545,"duration":0},"status":"passed","steps":[],"attachments":[],"parameters":[],"stepsCount":0,"attachmentsCount":0,"shouldDisplayMessage":false,"hasContent":false}],"attachments":[],"parameters":[],"stepsCount":3,"attachmentsCount":0,"shouldDisplayMessage":false,"hasContent":true}],"attachments":[],"parameters":[],"stepsCount":4,"attachmentsCount":0,"shouldDisplayMessage":false,"hasContent":true},{"name":"Open Target Language list","time":{"start":1681478191545,"stop":1681478195365,"duration":3820},"status":"passed","steps":[{"name":"Search for the desired language and choose it","time":{"start":1681478191837,"stop":1681478195365,"duration":3528},"status":"passed","steps":[{"name":"assertThat 'false'","time":{"start":1681478195365,"stop":1681478195365,"duration":0},"status":"passed","steps":[],"attachments":[],"parameters":[],"stepsCount":0,"attachmentsCount":0,"shouldDisplayMessage":false,"hasContent":false},{"name":"describedAs 'the lang list is closed'","time":{"start":1681478195365,"stop":1681478195365,"duration":0},"status":"passed","steps":[],"attachments":[],"parameters":[],"stepsCount":0,"attachmentsCount":0,"shouldDisplayMessage":false,"hasContent":false},{"name":"isFalse","time":{"start":1681478195365,"stop":1681478195365,"duration":0},"status":"passed","steps":[],"attachments":[],"parameters":[],"stepsCount":0,"attachmentsCount":0,"shouldDisplayMessage":false,"hasContent":false}],"attachments":[],"parameters":[],"stepsCount":3,"attachmentsCount":0,"shouldDisplayMessage":false,"hasContent":true}],"attachments":[],"parameters":[],"stepsCount":4,"attachmentsCount":0,"shouldDisplayMessage":false,"hasContent":true},{"name":"Type text in the selected language and press any key","time":{"start":1681478195365,"stop":1681478197416,"duration":2051},"status":"passed","steps":[],"attachments":[],"parameters":[],"stepsCount":0,"attachmentsCount":0,"shouldDisplayMessage":false,"hasContent":false},{"name":"Verify translation","time":{"start":1681478197416,"stop":1681478198857,"duration":1441},"status":"broken","statusMessage":"Error {\n  message='Error: Error while parsing selector `\"region\"] [aria-live=\"polite\"]` - unexpected symbol \"\"\" at position 0\n    at syntaxError (<anonymous>:1466:11)\n    at parseAttributeSelector (<anonymous>:1615:5)\n    at Object.queryAll (<anonymous>:2809:22)\n    at InjectedScript._queryEngineAll (<anonymous>:4442:49)\n    at InjectedScript.querySelectorAll (<anonymous>:4429:30)\n    at InjectedScript.querySelector (<anonymous>:4376:25)\n    at eval (eval at evaluate (:195:30), <anonymous>:8:36)\n    at UtilityScript.evaluate (<anonymous>:197:17)\n    at UtilityScript.<anonymous> (<anonymous>:1:44)\n=========================== logs ===========================\nwaiting for locator(\"role=\\\"region\\\"] [aria-live=\\\"polite\\\"]\")\n============================================================\n  name='Error\n  stack='Error: Error: Error while parsing selector `\"region\"] [aria-live=\"polite\"]` - unexpected symbol \"\"\" at position 0\n    at syntaxError (<anonymous>:1466:11)\n    at parseAttributeSelector (<anonymous>:1615:5)\n    at Object.queryAll (<anonymous>:2809:22)\n    at InjectedScript._queryEngineAll (<anonymous>:4442:49)\n    at InjectedScript.querySelectorAll (<anonymous>:4429:30)\n    at InjectedScript.querySelector (<anonymous>:4376:25)\n    at eval (eval at evaluate (:195:30), <anonymous>:8:36)\n    at UtilityScript.evaluate (<anonymous>:197:17)\n    at UtilityScript.<anonymous> (<anonymous>:1:44)\n=========================== logs ===========================\nwaiting for locator(\"role=\\\"region\\\"] [aria-live=\\\"polite\\\"]\")\n============================================================\n    at syntaxError (<anonymous>:1466:11)\n    at parseAttributeSelector (<anonymous>:1615:5)\n    at Object.queryAll (<anonymous>:2809:22)\n    at InjectedScript._queryEngineAll (<anonymous>:4442:49)\n    at InjectedScript.querySelectorAll (<anonymous>:4429:30)\n    at InjectedScript.querySelector (<anonymous>:4376:25)\n    at eval (eval at evaluate (:195:30), <anonymous>:8:36)\n    at UtilityScript.evaluate (<anonymous>:197:17)\n    at UtilityScript.<anonymous> (<anonymous>:1:44)\n    at CRExecutionContext.evaluateWithArguments (/tmp/playwright-java-9945267412322483293/package/lib/server/chromium/crExecutionContext.js:92:33)\n    at async ScopedRace._race (/tmp/playwright-java-9945267412322483293/package/lib/utils/manualPromise.js:80:14)\n    at async evaluateExpression (/tmp/playwright-java-9945267412322483293/package/lib/server/javascript.js:218:12)\n    at async /tmp/playwright-java-9945267412322483293/package/lib/server/frames.js:1396:13\n    at async Frame.retryWithProgressAndTimeouts (/tmp/playwright-java-9945267412322483293/package/lib/server/frames.js:908:24)\n    at async ProgressController.run (/tmp/playwright-java-9945267412322483293/package/lib/server/progress.js:92:22)\n    at async FrameDispatcher.innerText (/tmp/playwright-java-9945267412322483293/package/lib/server/dispatchers/frameDispatcher.js:177:14)\n    at async DispatcherConnection.dispatch (/tmp/playwright-java-9945267412322483293/package/lib/server/dispatchers/dispatcher.js:312:22)\n}","statusTrace":"com.microsoft.playwright.PlaywrightException: Error {\n  message='Error: Error while parsing selector `\"region\"] [aria-live=\"polite\"]` - unexpected symbol \"\"\" at position 0\n    at syntaxError (<anonymous>:1466:11)\n    at parseAttributeSelector (<anonymous>:1615:5)\n    at Object.queryAll (<anonymous>:2809:22)\n    at InjectedScript._queryEngineAll (<anonymous>:4442:49)\n    at InjectedScript.querySelectorAll (<anonymous>:4429:30)\n    at InjectedScript.querySelector (<anonymous>:4376:25)\n    at eval (eval at evaluate (:195:30), <anonymous>:8:36)\n    at UtilityScript.evaluate (<anonymous>:197:17)\n    at UtilityScript.<anonymous> (<anonymous>:1:44)\n=========================== logs ===========================\nwaiting for locator(\"role=\\\"region\\\"] [aria-live=\\\"polite\\\"]\")\n============================================================\n  name='Error\n  stack='Error: Error: Error while parsing selector `\"region\"] [aria-live=\"polite\"]` - unexpected symbol \"\"\" at position 0\n    at syntaxError (<anonymous>:1466:11)\n    at parseAttributeSelector (<anonymous>:1615:5)\n    at Object.queryAll (<anonymous>:2809:22)\n    at InjectedScript._queryEngineAll (<anonymous>:4442:49)\n    at InjectedScript.querySelectorAll (<anonymous>:4429:30)\n    at InjectedScript.querySelector (<anonymous>:4376:25)\n    at eval (eval at evaluate (:195:30), <anonymous>:8:36)\n    at UtilityScript.evaluate (<anonymous>:197:17)\n    at UtilityScript.<anonymous> (<anonymous>:1:44)\n=========================== logs ===========================\nwaiting for locator(\"role=\\\"region\\\"] [aria-live=\\\"polite\\\"]\")\n============================================================\n    at syntaxError (<anonymous>:1466:11)\n    at parseAttributeSelector (<anonymous>:1615:5)\n    at Object.queryAll (<anonymous>:2809:22)\n    at InjectedScript._queryEngineAll (<anonymous>:4442:49)\n    at InjectedScript.querySelectorAll (<anonymous>:4429:30)\n    at InjectedScript.querySelector (<anonymous>:4376:25)\n    at eval (eval at evaluate (:195:30), <anonymous>:8:36)\n    at UtilityScript.evaluate (<anonymous>:197:17)\n    at UtilityScript.<anonymous> (<anonymous>:1:44)\n    at CRExecutionContext.evaluateWithArguments (/tmp/playwright-java-9945267412322483293/package/lib/server/chromium/crExecutionContext.js:92:33)\n    at async ScopedRace._race (/tmp/playwright-java-9945267412322483293/package/lib/utils/manualPromise.js:80:14)\n    at async evaluateExpression (/tmp/playwright-java-9945267412322483293/package/lib/server/javascript.js:218:12)\n    at async /tmp/playwright-java-9945267412322483293/package/lib/server/frames.js:1396:13\n    at async Frame.retryWithProgressAndTimeouts (/tmp/playwright-java-9945267412322483293/package/lib/server/frames.js:908:24)\n    at async ProgressController.run (/tmp/playwright-java-9945267412322483293/package/lib/server/progress.js:92:22)\n    at async FrameDispatcher.innerText (/tmp/playwright-java-9945267412322483293/package/lib/server/dispatchers/frameDispatcher.js:177:14)\n    at async DispatcherConnection.dispatch (/tmp/playwright-java-9945267412322483293/package/lib/server/dispatchers/dispatcher.js:312:22)\n}\n\tat com.microsoft.playwright.impl.WaitableResult.get(WaitableResult.java:54)\n\tat com.microsoft.playwright.impl.ChannelOwner.runUntil(ChannelOwner.java:111)\n\tat com.microsoft.playwright.impl.Connection.sendMessage(Connection.java:126)\n\tat com.microsoft.playwright.impl.ChannelOwner.sendMessage(ChannelOwner.java:102)\n\tat com.microsoft.playwright.impl.FrameImpl.innerTextImpl(FrameImpl.java:526)\n\tat com.microsoft.playwright.impl.FrameImpl.lambda$innerText$22(FrameImpl.java:517)\n\tat com.microsoft.playwright.impl.LoggingSupport.withLogging(LoggingSupport.java:47)\n\tat com.microsoft.playwright.impl.ChannelOwner.withLogging(ChannelOwner.java:87)\n\tat com.microsoft.playwright.impl.FrameImpl.innerText(FrameImpl.java:517)\n\tat com.microsoft.playwright.impl.LocatorImpl.innerText(LocatorImpl.java:318)\n\tat com.microsoft.playwright.Locator.innerText(Locator.java:3486)\n\tat com.chegg.web.core.BasePage.getInnerTextBy(BasePage.java:35)\n\tat com.chegg.web.pages.TranslateTextsPage.translationResult(TranslateTextsPage.java:43)\n\tat com.chegg.web.tests.GoogleTranslateTest.lambda$testTranslateText$6(GoogleTranslateTest.java:59)\n\tat io.qameta.allure.Allure.lambda$step$0(Allure.java:113)\n\tat io.qameta.allure.Allure.lambda$step$1(Allure.java:127)\n\tat io.qameta.allure.Allure.step(Allure.java:181)\n\tat io.qameta.allure.Allure.step(Allure.java:125)\n\tat io.qameta.allure.Allure.step(Allure.java:112)\n\tat com.chegg.web.tests.GoogleTranslateTest.lambda$testTranslateText$7(GoogleTranslateTest.java:58)\n\tat io.qameta.allure.Allure.lambda$step$0(Allure.java:113)\n\tat io.qameta.allure.Allure.lambda$step$1(Allure.java:127)\n\tat io.qameta.allure.Allure.step(Allure.java:181)\n\tat io.qameta.allure.Allure.step(Allure.java:125)\n\tat io.qameta.allure.Allure.step(Allure.java:112)\n\tat com.chegg.web.tests.GoogleTranslateTest.testTranslateText(GoogleTranslateTest.java:36)\n\tat java.base/jdk.internal.reflect.NativeMethodAccessorImpl.invoke0(Native Method)\n\tat java.base/jdk.internal.reflect.NativeMethodAccessorImpl.invoke(NativeMethodAccessorImpl.java:77)\n\tat java.base/jdk.internal.reflect.DelegatingMethodAccessorImpl.invoke(DelegatingMethodAccessorImpl.java:43)\n\tat java.base/java.lang.reflect.Method.invoke(Method.java:568)\n\tat org.testng.internal.MethodInvocationHelper.invokeMethod(MethodInvocationHelper.java:124)\n\tat org.testng.internal.Invoker.invokeMethod(Invoker.java:583)\n\tat org.testng.internal.Invoker.invokeTestMethod(Invoker.java:719)\n\tat org.testng.internal.Invoker.invokeTestMethods(Invoker.java:989)\n\tat org.testng.internal.TestMethodWorker.invokeTestMethods(TestMethodWorker.java:125)\n\tat org.testng.internal.TestMethodWorker.run(TestMethodWorker.java:109)\n\tat org.testng.TestRunner.privateRun(TestRunner.java:648)\n\tat org.testng.TestRunner.run(TestRunner.java:505)\n\tat org.testng.SuiteRunner.runTest(SuiteRunner.java:455)\n\tat org.testng.SuiteRunner.runSequentially(SuiteRunner.java:450)\n\tat org.testng.SuiteRunner.privateRun(SuiteRunner.java:415)\n\tat org.testng.SuiteRunner.run(SuiteRunner.java:364)\n\tat org.testng.SuiteRunnerWorker.runSuite(SuiteRunnerWorker.java:52)\n\tat org.testng.SuiteRunnerWorker.run(SuiteRunnerWorker.java:84)\n\tat org.testng.TestNG.runSuitesSequentially(TestNG.java:1208)\n\tat org.testng.TestNG.runSuitesLocally(TestNG.java:1137)\n\tat org.testng.TestNG.runSuites(TestNG.java:1049)\n\tat org.testng.TestNG.run(TestNG.java:1017)\n\tat org.apache.maven.surefire.testng.TestNGExecutor.run(TestNGExecutor.java:155)\n\tat org.apache.maven.surefire.testng.TestNGDirectoryTestSuite.executeMulti(TestNGDirectoryTestSuite.java:169)\n\tat org.apache.maven.surefire.testng.TestNGDirectoryTestSuite.execute(TestNGDirectoryTestSuite.java:88)\n\tat org.apache.maven.surefire.testng.TestNGProvider.invoke(TestNGProvider.java:137)\n\tat org.apache.maven.surefire.booter.ForkedBooter.runSuitesInProcess(ForkedBooter.java:385)\n\tat org.apache.maven.surefire.booter.ForkedBooter.execute(ForkedBooter.java:162)\n\tat org.apache.maven.surefire.booter.ForkedBooter.run(ForkedBooter.java:507)\n\tat org.apache.maven.surefire.booter.ForkedBooter.main(ForkedBooter.java:495)\nCaused by: com.microsoft.playwright.impl.DriverException: Error {\n  message='Error: Error while parsing selector `\"region\"] [aria-live=\"polite\"]` - unexpected symbol \"\"\" at position 0\n    at syntaxError (<anonymous>:1466:11)\n    at parseAttributeSelector (<anonymous>:1615:5)\n    at Object.queryAll (<anonymous>:2809:22)\n    at InjectedScript._queryEngineAll (<anonymous>:4442:49)\n    at InjectedScript.querySelectorAll (<anonymous>:4429:30)\n    at InjectedScript.querySelector (<anonymous>:4376:25)\n    at eval (eval at evaluate (:195:30), <anonymous>:8:36)\n    at UtilityScript.evaluate (<anonymous>:197:17)\n    at UtilityScript.<anonymous> (<anonymous>:1:44)\n=========================== logs ===========================\nwaiting for locator(\"role=\\\"region\\\"] [aria-live=\\\"polite\\\"]\")\n============================================================\n  name='Error\n  stack='Error: Error: Error while parsing selector `\"region\"] [aria-live=\"polite\"]` - unexpected symbol \"\"\" at position 0\n    at syntaxError (<anonymous>:1466:11)\n    at parseAttributeSelector (<anonymous>:1615:5)\n    at Object.queryAll (<anonymous>:2809:22)\n    at InjectedScript._queryEngineAll (<anonymous>:4442:49)\n    at InjectedScript.querySelectorAll (<anonymous>:4429:30)\n    at InjectedScript.querySelector (<anonymous>:4376:25)\n    at eval (eval at evaluate (:195:30), <anonymous>:8:36)\n    at UtilityScript.evaluate (<anonymous>:197:17)\n    at UtilityScript.<anonymous> (<anonymous>:1:44)\n=========================== logs ===========================\nwaiting for locator(\"role=\\\"region\\\"] [aria-live=\\\"polite\\\"]\")\n============================================================\n    at syntaxError (<anonymous>:1466:11)\n    at parseAttributeSelector (<anonymous>:1615:5)\n    at Object.queryAll (<anonymous>:2809:22)\n    at InjectedScript._queryEngineAll (<anonymous>:4442:49)\n    at InjectedScript.querySelectorAll (<anonymous>:4429:30)\n    at InjectedScript.querySelector (<anonymous>:4376:25)\n    at eval (eval at evaluate (:195:30), <anonymous>:8:36)\n    at UtilityScript.evaluate (<anonymous>:197:17)\n    at UtilityScript.<anonymous> (<anonymous>:1:44)\n    at CRExecutionContext.evaluateWithArguments (/tmp/playwright-java-9945267412322483293/package/lib/server/chromium/crExecutionContext.js:92:33)\n    at async ScopedRace._race (/tmp/playwright-java-9945267412322483293/package/lib/utils/manualPromise.js:80:14)\n    at async evaluateExpression (/tmp/playwright-java-9945267412322483293/package/lib/server/javascript.js:218:12)\n    at async /tmp/playwright-java-9945267412322483293/package/lib/server/frames.js:1396:13\n    at async Frame.retryWithProgressAndTimeouts (/tmp/playwright-java-9945267412322483293/package/lib/server/frames.js:908:24)\n    at async ProgressController.run (/tmp/playwright-java-9945267412322483293/package/lib/server/progress.js:92:22)\n    at async FrameDispatcher.innerText (/tmp/playwright-java-9945267412322483293/package/lib/server/dispatchers/frameDispatcher.js:177:14)\n    at async DispatcherConnection.dispatch (/tmp/playwright-java-9945267412322483293/package/lib/server/dispatchers/dispatcher.js:312:22)\n}\n\tat com.microsoft.playwright.impl.Connection.dispatch(Connection.java:226)\n\tat com.microsoft.playwright.impl.Connection.processOneMessage(Connection.java:206)\n\tat com.microsoft.playwright.impl.ChannelOwner.runUntil(ChannelOwner.java:109)\n\t... 54 more\n","steps":[],"attachments":[],"parameters":[],"stepsCount":0,"attachmentsCount":0,"shouldDisplayMessage":true,"hasContent":true}],"attachments":[],"parameters":[],"stepsCount":12,"attachmentsCount":0,"shouldDisplayMessage":false,"hasContent":true}],"attachments":[],"parameters":[],"stepsCount":14,"attachmentsCount":0,"shouldDisplayMessage":false,"hasContent":true},"afterStages":[{"name":"tearDown","time":{"start":1681478198865,"stop":1681478199714,"duration":849},"description":"","status":"passed","steps":[],"attachments":[{"uid":"d02d626f7f777c0b","name":"SCREENSHOT_2023_04_14-13_16_testTranslateText","source":"d02d626f7f777c0b.png","type":"image/png","size":121226},{"uid":"3425a1f44a205368","name":"TRACE_2023_04_14-13_16_testTranslateText","source":"3425a1f44a205368.zip","type":"application/zip","size":2192643},{"uid":"36cba8e832f883c1","name":"NETWORK_2023_04_14-13_16_testTranslateText","source":"36cba8e832f883c1.html","type":"text/html","size":4189156},{"uid":"7311e330098b08a1","name":"VIDEO_2023_04_14-13_16_testTranslateText","source":"7311e330098b08a1","type":"application/x-matroska","size":242685}],"parameters":[],"stepsCount":0,"attachmentsCount":4,"shouldDisplayMessage":false,"hasContent":true}],"labels":[{"name":"package","value":"com.chegg.web.tests.GoogleTranslateTest"},{"name":"testClass","value":"com.chegg.web.tests.GoogleTranslateTest"},{"name":"testMethod","value":"testTranslateText"},{"name":"parentSuite","value":"Surefire suite"},{"name":"suite","value":"Surefire test"},{"name":"subSuite","value":"com.chegg.web.tests.GoogleTranslateTest"},{"name":"host","value":"fv-az1128-21"},{"name":"thread","value":"4778@fv-az1128-21.main(1)"},{"name":"framework","value":"testng"},{"name":"language","value":"java"},{"name":"AS_ID","value":"1"},{"name":"feature","value":"translate text from any language"},{"name":"story","value":"the user has the ability to translate the text"},{"name":"owner","value":"admin"},{"name":"severity","value":"blocker"},{"name":"resultFormat","value":"allure2"}],"parameters":[{"name":"arg0","value":"casa"},{"name":"arg1","value":"home"},{"name":"arg2","value":"Spanish"},{"name":"arg3","value":"English"},{"name":"arg4","value":"Enter"}],"links":[{"name":"HARAnalyzer","url":"https://toolbox.googleapps.com/apps/har_analyzer/","type":"custom"},{"name":"Trace Viewer","url":"https://trace.playwright.dev/","type":"custom"}],"hidden":false,"retry":false,"extra":{"severity":"blocker","owner":"admin","retries":[],"categories":[{"name":"Test defects","matchedStatuses":[],"flaky":false}],"history":{"statistic":{"failed":0,"broken":1,"skipped":0,"passed":7,"unknown":0,"total":8},"items":[{"uid":"a1d47495a221ad50","reportUrl":"https://palchisky-alex.github.io/CheggMaven/3//#testresult/a1d47495a221ad50","status":"passed","time":{"start":1681477313646,"stop":1681477325107,"duration":11461}},{"uid":"ad8f6c17215ff01c","reportUrl":"https://palchisky-alex.github.io/CheggMaven/2//#testresult/ad8f6c17215ff01c","status":"passed","time":{"start":1681310433488,"stop":1681310445157,"duration":11669}},{"uid":"e45c140d82381ef0","reportUrl":"https://palchisky-alex.github.io/CheggMaven/2//#testresult/e45c140d82381ef0","status":"passed","time":{"start":1681308362177,"stop":1681308373585,"duration":11408}},{"uid":"f260ebe3b6cabce9","reportUrl":"https://palchisky-alex.github.io/CheggMaven/35//#testresult/f260ebe3b6cabce9","status":"passed","time":{"start":1681306212934,"stop":1681306225747,"duration":12813}},{"uid":"b37a940fadb04984","reportUrl":"https://palchisky-alex.github.io/CheggMaven/35//#testresult/b37a940fadb04984","status":"passed","time":{"start":1681177640376,"stop":1681177651919,"duration":11543}},{"uid":"9a586fb84fe0acc2","reportUrl":"https://palchisky-alex.github.io/CheggMaven/1//#testresult/9a586fb84fe0acc2","status":"passed","time":{"start":1681175830192,"stop":1681175842335,"duration":12143}},{"uid":"42e85b31ac1a851b","reportUrl":"https://palchisky-alex.github.io/CheggMaven/37//#testresult/42e85b31ac1a851b","status":"passed","time":{"start":1681174876473,"stop":1681174888049,"duration":11576}}]},"tags":[]},"source":"ac347459c0a1074e.json","parameterValues":["casa","home","Spanish","English","Enter"]}