{"uid":"8581ee9f83feb396","name":"Translate handwritten text","fullName":"com.chegg.web.tests.GoogleTranslateTest.testHandwrite","historyId":"599cf18e2d8c35a341bf9124f18b9d7b","time":{"start":1681566370235,"stop":1681566396189,"duration":25954},"status":"failed","statusMessage":"[is the text translated correctly] \nExpecting actual:\n  \"⁞\"\nto contain:\n  \"io\" ","statusTrace":"java.lang.AssertionError: [is the text translated correctly] \nExpecting actual:\n  \"⁞\"\nto contain:\n  \"io\" \n\tat com.chegg.web.tests.GoogleTranslateTest.testHandwrite(GoogleTranslateTest.java:180)\n\tat java.base/jdk.internal.reflect.NativeMethodAccessorImpl.invoke0(Native Method)\n\tat java.base/jdk.internal.reflect.NativeMethodAccessorImpl.invoke(NativeMethodAccessorImpl.java:77)\n\tat java.base/jdk.internal.reflect.DelegatingMethodAccessorImpl.invoke(DelegatingMethodAccessorImpl.java:43)\n\tat java.base/java.lang.reflect.Method.invoke(Method.java:568)\n\tat org.testng.internal.MethodInvocationHelper.invokeMethod(MethodInvocationHelper.java:124)\n\tat org.testng.internal.Invoker.invokeMethod(Invoker.java:583)\n\tat org.testng.internal.Invoker.invokeTestMethod(Invoker.java:719)\n\tat org.testng.internal.Invoker.invokeTestMethods(Invoker.java:989)\n\tat org.testng.internal.TestMethodWorker.invokeTestMethods(TestMethodWorker.java:125)\n\tat org.testng.internal.TestMethodWorker.run(TestMethodWorker.java:109)\n\tat org.testng.TestRunner.privateRun(TestRunner.java:648)\n\tat org.testng.TestRunner.run(TestRunner.java:505)\n\tat org.testng.SuiteRunner.runTest(SuiteRunner.java:455)\n\tat org.testng.SuiteRunner.runSequentially(SuiteRunner.java:450)\n\tat org.testng.SuiteRunner.privateRun(SuiteRunner.java:415)\n\tat org.testng.SuiteRunner.run(SuiteRunner.java:364)\n\tat org.testng.SuiteRunnerWorker.runSuite(SuiteRunnerWorker.java:52)\n\tat org.testng.SuiteRunnerWorker.run(SuiteRunnerWorker.java:84)\n\tat org.testng.TestNG.runSuitesSequentially(TestNG.java:1208)\n\tat org.testng.TestNG.runSuitesLocally(TestNG.java:1137)\n\tat org.testng.TestNG.runSuites(TestNG.java:1049)\n\tat org.testng.TestNG.run(TestNG.java:1017)\n\tat org.apache.maven.surefire.testng.TestNGExecutor.run(TestNGExecutor.java:155)\n\tat org.apache.maven.surefire.testng.TestNGDirectoryTestSuite.executeMulti(TestNGDirectoryTestSuite.java:169)\n\tat org.apache.maven.surefire.testng.TestNGDirectoryTestSuite.execute(TestNGDirectoryTestSuite.java:88)\n\tat org.apache.maven.surefire.testng.TestNGProvider.invoke(TestNGProvider.java:137)\n\tat org.apache.maven.surefire.booter.ForkedBooter.runSuitesInProcess(ForkedBooter.java:385)\n\tat org.apache.maven.surefire.booter.ForkedBooter.execute(ForkedBooter.java:162)\n\tat org.apache.maven.surefire.booter.ForkedBooter.run(ForkedBooter.java:507)\n\tat org.apache.maven.surefire.booter.ForkedBooter.main(ForkedBooter.java:495)\n","flaky":false,"newFailed":true,"newBroken":false,"newPassed":false,"retriesCount":0,"retriesStatusChange":false,"beforeStages":[{"name":"setUp","time":{"start":1681566367321,"stop":1681566370048,"duration":2727},"description":"","status":"passed","steps":[],"attachments":[],"parameters":[],"stepsCount":0,"attachmentsCount":0,"shouldDisplayMessage":false,"hasContent":false}],"testStage":{"status":"failed","statusMessage":"[is the text translated correctly] \nExpecting actual:\n  \"⁞\"\nto contain:\n  \"io\" ","statusTrace":"java.lang.AssertionError: [is the text translated correctly] \nExpecting actual:\n  \"⁞\"\nto contain:\n  \"io\" \n\tat com.chegg.web.tests.GoogleTranslateTest.testHandwrite(GoogleTranslateTest.java:180)\n\tat java.base/jdk.internal.reflect.NativeMethodAccessorImpl.invoke0(Native Method)\n\tat java.base/jdk.internal.reflect.NativeMethodAccessorImpl.invoke(NativeMethodAccessorImpl.java:77)\n\tat java.base/jdk.internal.reflect.DelegatingMethodAccessorImpl.invoke(DelegatingMethodAccessorImpl.java:43)\n\tat java.base/java.lang.reflect.Method.invoke(Method.java:568)\n\tat org.testng.internal.MethodInvocationHelper.invokeMethod(MethodInvocationHelper.java:124)\n\tat org.testng.internal.Invoker.invokeMethod(Invoker.java:583)\n\tat org.testng.internal.Invoker.invokeTestMethod(Invoker.java:719)\n\tat org.testng.internal.Invoker.invokeTestMethods(Invoker.java:989)\n\tat org.testng.internal.TestMethodWorker.invokeTestMethods(TestMethodWorker.java:125)\n\tat org.testng.internal.TestMethodWorker.run(TestMethodWorker.java:109)\n\tat org.testng.TestRunner.privateRun(TestRunner.java:648)\n\tat org.testng.TestRunner.run(TestRunner.java:505)\n\tat org.testng.SuiteRunner.runTest(SuiteRunner.java:455)\n\tat org.testng.SuiteRunner.runSequentially(SuiteRunner.java:450)\n\tat org.testng.SuiteRunner.privateRun(SuiteRunner.java:415)\n\tat org.testng.SuiteRunner.run(SuiteRunner.java:364)\n\tat org.testng.SuiteRunnerWorker.runSuite(SuiteRunnerWorker.java:52)\n\tat org.testng.SuiteRunnerWorker.run(SuiteRunnerWorker.java:84)\n\tat org.testng.TestNG.runSuitesSequentially(TestNG.java:1208)\n\tat org.testng.TestNG.runSuitesLocally(TestNG.java:1137)\n\tat org.testng.TestNG.runSuites(TestNG.java:1049)\n\tat org.testng.TestNG.run(TestNG.java:1017)\n\tat org.apache.maven.surefire.testng.TestNGExecutor.run(TestNGExecutor.java:155)\n\tat org.apache.maven.surefire.testng.TestNGDirectoryTestSuite.executeMulti(TestNGDirectoryTestSuite.java:169)\n\tat org.apache.maven.surefire.testng.TestNGDirectoryTestSuite.execute(TestNGDirectoryTestSuite.java:88)\n\tat org.apache.maven.surefire.testng.TestNGProvider.invoke(TestNGProvider.java:137)\n\tat org.apache.maven.surefire.booter.ForkedBooter.runSuitesInProcess(ForkedBooter.java:385)\n\tat org.apache.maven.surefire.booter.ForkedBooter.execute(ForkedBooter.java:162)\n\tat org.apache.maven.surefire.booter.ForkedBooter.run(ForkedBooter.java:507)\n\tat org.apache.maven.surefire.booter.ForkedBooter.main(ForkedBooter.java:495)\n","steps":[{"name":"init text translation","time":{"start":1681566370237,"stop":1681566370237,"duration":0},"status":"passed","steps":[],"attachments":[],"parameters":[],"stepsCount":0,"attachmentsCount":0,"shouldDisplayMessage":false,"hasContent":false},{"name":"navigate","time":{"start":1681566370251,"stop":1681566370253,"duration":2},"status":"passed","steps":[],"attachments":[],"parameters":[],"stepsCount":0,"attachmentsCount":0,"shouldDisplayMessage":false,"hasContent":false},{"name":"translate text","time":{"start":1681566372432,"stop":1681566372842,"duration":410},"status":"passed","steps":[],"attachments":[],"parameters":[],"stepsCount":0,"attachmentsCount":0,"shouldDisplayMessage":false,"hasContent":false},{"name":"set source and target lang","time":{"start":1681566372842,"stop":1681566372842,"duration":0},"status":"passed","steps":[],"attachments":[],"parameters":[],"stepsCount":0,"attachmentsCount":0,"shouldDisplayMessage":false,"hasContent":false},{"name":"open source lang list","time":{"start":1681566372843,"stop":1681566373165,"duration":322},"status":"passed","steps":[],"attachments":[],"parameters":[],"stepsCount":0,"attachmentsCount":0,"shouldDisplayMessage":false,"hasContent":false},{"name":"search lang and pick","time":{"start":1681566373167,"stop":1681566376431,"duration":3264},"status":"passed","steps":[],"attachments":[],"parameters":[{"name":"lang","value":"English"}],"stepsCount":0,"attachmentsCount":0,"shouldDisplayMessage":false,"hasContent":true},{"name":"open target lang list","time":{"start":1681566376431,"stop":1681566376767,"duration":336},"status":"passed","steps":[],"attachments":[],"parameters":[],"stepsCount":0,"attachmentsCount":0,"shouldDisplayMessage":false,"hasContent":false},{"name":"search lang and pick","time":{"start":1681566376767,"stop":1681566380248,"duration":3481},"status":"passed","steps":[],"attachments":[],"parameters":[{"name":"lang","value":"Italian"}],"stepsCount":0,"attachmentsCount":0,"shouldDisplayMessage":false,"hasContent":true},{"name":"open canvas and write text with mouse ","time":{"start":1681566380248,"stop":1681566380248,"duration":0},"status":"passed","steps":[],"attachments":[],"parameters":[],"stepsCount":0,"attachmentsCount":0,"shouldDisplayMessage":false,"hasContent":false},{"name":"open handwrite canvas","time":{"start":1681566380249,"stop":1681566381378,"duration":1129},"status":"passed","steps":[],"attachments":[],"parameters":[],"stepsCount":0,"attachmentsCount":0,"shouldDisplayMessage":false,"hasContent":false},{"name":"write on canvas","time":{"start":1681566381378,"stop":1681566392294,"duration":10916},"status":"passed","steps":[],"attachments":[],"parameters":[],"stepsCount":0,"attachmentsCount":0,"shouldDisplayMessage":false,"hasContent":false},{"name":"canvas click submit","time":{"start":1681566392295,"stop":1681566392556,"duration":261},"status":"passed","steps":[],"attachments":[],"parameters":[],"stepsCount":0,"attachmentsCount":0,"shouldDisplayMessage":false,"hasContent":false},{"name":"verify translation","time":{"start":1681566393485,"stop":1681566393485,"duration":0},"status":"passed","steps":[],"attachments":[],"parameters":[],"stepsCount":0,"attachmentsCount":0,"shouldDisplayMessage":false,"hasContent":false},{"name":"get translation result","time":{"start":1681566393485,"stop":1681566394933,"duration":1448},"status":"passed","steps":[],"attachments":[],"parameters":[],"stepsCount":0,"attachmentsCount":0,"shouldDisplayMessage":false,"hasContent":false},{"name":"assertThat '⁞'","time":{"start":1681566396169,"stop":1681566396169,"duration":0},"status":"passed","steps":[],"attachments":[],"parameters":[],"stepsCount":0,"attachmentsCount":0,"shouldDisplayMessage":false,"hasContent":false},{"name":"describedAs 'is the text translated correctly'","time":{"start":1681566396174,"stop":1681566396175,"duration":1},"status":"passed","steps":[],"attachments":[],"parameters":[],"stepsCount":0,"attachmentsCount":0,"shouldDisplayMessage":false,"hasContent":false},{"name":"contains '[io]'","time":{"start":1681566396175,"stop":1681566396182,"duration":7},"status":"failed","statusMessage":"[is the text translated correctly] \nExpecting actual:\n  \"⁞\"\nto contain:\n  \"io\" ","statusTrace":"java.lang.AssertionError: [is the text translated correctly] \nExpecting actual:\n  \"⁞\"\nto contain:\n  \"io\" \n\tat com.chegg.web.tests.GoogleTranslateTest.testHandwrite(GoogleTranslateTest.java:180)\n\tat java.base/jdk.internal.reflect.NativeMethodAccessorImpl.invoke0(Native Method)\n\tat java.base/jdk.internal.reflect.NativeMethodAccessorImpl.invoke(NativeMethodAccessorImpl.java:77)\n\tat java.base/jdk.internal.reflect.DelegatingMethodAccessorImpl.invoke(DelegatingMethodAccessorImpl.java:43)\n\tat java.base/java.lang.reflect.Method.invoke(Method.java:568)\n\tat org.testng.internal.MethodInvocationHelper.invokeMethod(MethodInvocationHelper.java:124)\n\tat org.testng.internal.Invoker.invokeMethod(Invoker.java:583)\n\tat org.testng.internal.Invoker.invokeTestMethod(Invoker.java:719)\n\tat org.testng.internal.Invoker.invokeTestMethods(Invoker.java:989)\n\tat org.testng.internal.TestMethodWorker.invokeTestMethods(TestMethodWorker.java:125)\n\tat org.testng.internal.TestMethodWorker.run(TestMethodWorker.java:109)\n\tat org.testng.TestRunner.privateRun(TestRunner.java:648)\n\tat org.testng.TestRunner.run(TestRunner.java:505)\n\tat org.testng.SuiteRunner.runTest(SuiteRunner.java:455)\n\tat org.testng.SuiteRunner.runSequentially(SuiteRunner.java:450)\n\tat org.testng.SuiteRunner.privateRun(SuiteRunner.java:415)\n\tat org.testng.SuiteRunner.run(SuiteRunner.java:364)\n\tat org.testng.SuiteRunnerWorker.runSuite(SuiteRunnerWorker.java:52)\n\tat org.testng.SuiteRunnerWorker.run(SuiteRunnerWorker.java:84)\n\tat org.testng.TestNG.runSuitesSequentially(TestNG.java:1208)\n\tat org.testng.TestNG.runSuitesLocally(TestNG.java:1137)\n\tat org.testng.TestNG.runSuites(TestNG.java:1049)\n\tat org.testng.TestNG.run(TestNG.java:1017)\n\tat org.apache.maven.surefire.testng.TestNGExecutor.run(TestNGExecutor.java:155)\n\tat org.apache.maven.surefire.testng.TestNGDirectoryTestSuite.executeMulti(TestNGDirectoryTestSuite.java:169)\n\tat org.apache.maven.surefire.testng.TestNGDirectoryTestSuite.execute(TestNGDirectoryTestSuite.java:88)\n\tat org.apache.maven.surefire.testng.TestNGProvider.invoke(TestNGProvider.java:137)\n\tat org.apache.maven.surefire.booter.ForkedBooter.runSuitesInProcess(ForkedBooter.java:385)\n\tat org.apache.maven.surefire.booter.ForkedBooter.execute(ForkedBooter.java:162)\n\tat org.apache.maven.surefire.booter.ForkedBooter.run(ForkedBooter.java:507)\n\tat org.apache.maven.surefire.booter.ForkedBooter.main(ForkedBooter.java:495)\n","steps":[],"attachments":[],"parameters":[],"stepsCount":0,"attachmentsCount":0,"shouldDisplayMessage":true,"hasContent":true}],"attachments":[],"parameters":[],"stepsCount":17,"attachmentsCount":0,"shouldDisplayMessage":false,"hasContent":true},"afterStages":[{"name":"tearDown","time":{"start":1681566396202,"stop":1681566397451,"duration":1249},"description":"","status":"passed","steps":[],"attachments":[{"uid":"2b52a8628e4258ba","name":"SCREENSHOT_2023_04_15-13_46_testHandwrite","source":"2b52a8628e4258ba.png","type":"image/png","size":42731},{"uid":"a5ad94b92508de5c","name":"TRACE_2023_04_15-13_46_testHandwrite","source":"a5ad94b92508de5c.zip","type":"application/zip","size":3745218},{"uid":"1b68191bbeea6f83","name":"NETWORK_2023_04_15-13_46_testHandwrite","source":"1b68191bbeea6f83.html","type":"text/html","size":5739512},{"uid":"c544cdbaf3c24aba","name":"VIDEO_2023_04_15-13_46_testHandwrite","source":"c544cdbaf3c24aba","type":"application/x-matroska","size":274836}],"parameters":[],"stepsCount":0,"attachmentsCount":4,"shouldDisplayMessage":false,"hasContent":true}],"labels":[{"name":"package","value":"com.chegg.web.tests.GoogleTranslateTest"},{"name":"testClass","value":"com.chegg.web.tests.GoogleTranslateTest"},{"name":"testMethod","value":"testHandwrite"},{"name":"parentSuite","value":"Surefire suite"},{"name":"suite","value":"Surefire test"},{"name":"subSuite","value":"com.chegg.web.tests.GoogleTranslateTest"},{"name":"host","value":"fv-az162-488"},{"name":"thread","value":"4784@fv-az162-488.main(1)"},{"name":"framework","value":"testng"},{"name":"language","value":"java"},{"name":"story","value":"the user has the ability to translate the text"},{"name":"feature","value":"translate text from handwrite canvas"},{"name":"epic","value":"Google Translate"},{"name":"severity","value":"minor"},{"name":"resultFormat","value":"allure2"}],"parameters":[],"links":[],"hidden":false,"retry":false,"extra":{"severity":"minor","retries":[],"categories":[{"name":"Product defects","matchedStatuses":[],"flaky":false}],"history":{"statistic":{"failed":1,"broken":0,"skipped":2,"passed":4,"unknown":0,"total":7},"items":[{"uid":"218f513492005dde","reportUrl":"https://palchisky-alex.github.io/CheggMaven/23//#testresult/218f513492005dde","status":"passed","time":{"start":1681564293509,"stop":1681564320263,"duration":26754}},{"uid":"77b1977b0f411494","reportUrl":"https://palchisky-alex.github.io/CheggMaven/19//#testresult/77b1977b0f411494","status":"passed","time":{"start":1681558168125,"stop":1681558193900,"duration":25775}},{"uid":"c8188d47f8a0a24","reportUrl":"https://palchisky-alex.github.io/CheggMaven/20//#testresult/c8188d47f8a0a24","status":"passed","time":{"start":1681555755791,"stop":1681555781156,"duration":25365}},{"uid":"2ce3e63b4d424739","reportUrl":"https://palchisky-alex.github.io/CheggMaven/19//#testresult/2ce3e63b4d424739","status":"passed","time":{"start":1681555122842,"stop":1681555148986,"duration":26144}},{"uid":"557266e4605ec26a","reportUrl":"https://palchisky-alex.github.io/CheggMaven/18//#testresult/557266e4605ec26a","status":"skipped","statusDetails":"Error {\n  message='Timeout 180000ms exceeded.\n=========================== logs ===========================\n<launching> /opt/google/chrome/chrome --disable-field-trial-config --disable-background-networking --enable-features=NetworkService,NetworkServiceInProcess --disable-background-timer-throttling --disable-backgrounding-occluded-windows --disable-back-forward-cache --disable-breakpad --disable-client-side-phishing-detection --disable-component-extensions-with-background-pages --disable-component-update --no-default-browser-check --disable-default-apps --disable-dev-shm-usage --disable-extensions --disable-features=ImprovedCookieControls,LazyFrameLoading,GlobalMediaControls,DestroyProfileOnBrowserClose,MediaRouter,DialMediaRouteProvider,AcceptCHFrame,AutoExpandDetailsElement,CertificateTransparencyComponentUpdater,AvoidUnnecessaryBeforeUnloadCheckSync,Translate --allow-pre-commit-input --disable-hang-monitor --disable-ipc-flooding-protection --disable-popup-blocking --disable-prompt-on-repost --disable-renderer-backgrounding --disable-sync --force-color-profile=srgb --metrics-recording-only --no-first-run --enable-automation --password-store=basic --use-mock-keychain --no-service-autorun --export-tagged-pdf --no-sandbox --remote-debugging-port=9222 --user-data-dir=/tmp/playwright_chromiumdev_profile-fXKQNQ --remote-debugging-pipe --no-startup-window\n<launched> pid=4904\n[pid=4904][err] [4904:4904:0415/101018.629674:ERROR:ozone_platform_x11.cc(239)] Missing X server or $DISPLAY\n[pid=4904][err] [4904:4904:0415/101018.641747:ERROR:env.cc(255)] The platform failed to initialize.  Exiting.\n[pid=4904][err] [0415/101018.794673:ERROR:nacl_helper_linux.cc(355)] NaCl helper process running without a sandbox!\n[pid=4904][err] Most likely you need to configure your SUID sandbox correctly\n[pid=4904] <process did exit: exitCode=1, signal=null>\n[pid=4904] starting temporary directories cleanup\n[pid=4904] finished temporary directories cleanup\n============================================================\n  name='TimeoutError\n  stack='TimeoutError: Timeout 180000ms exceeded.\n=========================== logs ===========================\n<launching> /opt/google/chrome/chrome --disable-field-trial-config --disable-background-networking --enable-features=NetworkService,NetworkServiceInProcess --disable-background-timer-throttling --disable-backgrounding-occluded-windows --disable-back-forward-cache --disable-breakpad --disable-client-side-phishing-detection --disable-component-extensions-with-background-pages --disable-component-update --no-default-browser-check --disable-default-apps --disable-dev-shm-usage --disable-extensions --disable-features=ImprovedCookieControls,LazyFrameLoading,GlobalMediaControls,DestroyProfileOnBrowserClose,MediaRouter,DialMediaRouteProvider,AcceptCHFrame,AutoExpandDetailsElement,CertificateTransparencyComponentUpdater,AvoidUnnecessaryBeforeUnloadCheckSync,Translate --allow-pre-commit-input --disable-hang-monitor --disable-ipc-flooding-protection --disable-popup-blocking --disable-prompt-on-repost --disable-renderer-backgrounding --disable-sync --force-color-profile=srgb --metrics-recording-only --no-first-run --enable-automation --password-store=basic --use-mock-keychain --no-service-autorun --export-tagged-pdf --no-sandbox --remote-debugging-port=9222 --user-data-dir=/tmp/playwright_chromiumdev_profile-fXKQNQ --remote-debugging-pipe --no-startup-window\n<launched> pid=4904\n[pid=4904][err] [4904:4904:0415/101018.629674:ERROR:ozone_platform_x11.cc(239)] Missing X server or $DISPLAY\n[pid=4904][err] [4904:4904:0415/101018.641747:ERROR:env.cc(255)] The platform failed to initialize.  Exiting.\n[pid=4904][err] [0415/101018.794673:ERROR:nacl_helper_linux.cc(355)] NaCl helper process running without a sandbox!\n[pid=4904][err] Most likely you need to configure your SUID sandbox correctly\n[pid=4904] <process did exit: exitCode=1, signal=null>\n[pid=4904] starting temporary directories cleanup\n[pid=4904] finished temporary directories cleanup\n============================================================\n    at ProgressController.run (/tmp/playwright-java-15773982865364969928/package/lib/server/progress.js:88:26)\n    at Chromium.launch (/tmp/playwright-java-15773982865364969928/package/lib/server/browserType.js:63:38)\n    at BrowserTypeDispatcher.launch (/tmp/playwright-java-15773982865364969928/package/lib/server/dispatchers/browserTypeDispatcher.js:35:40)\n    at DispatcherConnection.dispatch (/tmp/playwright-java-15773982865364969928/package/lib/server/dispatchers/dispatcher.js:312:46)\n}","time":{"start":1681553594039,"stop":1681553594043,"duration":4}},{"uid":"caae6d51b93c7dec","reportUrl":"https://palchisky-alex.github.io/CheggMaven/18//#testresult/caae6d51b93c7dec","status":"skipped","statusDetails":"Error {\n  message='Timeout 180000ms exceeded.\n=========================== logs ===========================\n<launching> /opt/google/chrome/chrome --disable-field-trial-config --disable-background-networking --enable-features=NetworkService,NetworkServiceInProcess --disable-background-timer-throttling --disable-backgrounding-occluded-windows --disable-back-forward-cache --disable-breakpad --disable-client-side-phishing-detection --disable-component-extensions-with-background-pages --disable-component-update --no-default-browser-check --disable-default-apps --disable-dev-shm-usage --disable-extensions --disable-features=ImprovedCookieControls,LazyFrameLoading,GlobalMediaControls,DestroyProfileOnBrowserClose,MediaRouter,DialMediaRouteProvider,AcceptCHFrame,AutoExpandDetailsElement,CertificateTransparencyComponentUpdater,AvoidUnnecessaryBeforeUnloadCheckSync,Translate --allow-pre-commit-input --disable-hang-monitor --disable-ipc-flooding-protection --disable-popup-blocking --disable-prompt-on-repost --disable-renderer-backgrounding --disable-sync --force-color-profile=srgb --metrics-recording-only --no-first-run --enable-automation --password-store=basic --use-mock-keychain --no-service-autorun --export-tagged-pdf --no-sandbox --remote-debugging-port=9222 --user-data-dir=/tmp/playwright_chromiumdev_profile-WfHnxB --remote-debugging-pipe --no-startup-window\n<launched> pid=4821\n[pid=4821][err] [4821:4821:0415/095016.753188:ERROR:ozone_platform_x11.cc(239)] Missing X server or $DISPLAY\n[pid=4821][err] [4821:4821:0415/095016.754023:ERROR:env.cc(255)] The platform failed to initialize.  Exiting.\n[pid=4821][err] [0415/095016.769561:ERROR:nacl_helper_linux.cc(355)] NaCl helper process running without a sandbox!\n[pid=4821][err] Most likely you need to configure your SUID sandbox correctly\n[pid=4821] <process did exit: exitCode=1, signal=null>\n[pid=4821] starting temporary directories cleanup\n[pid=4821] finished temporary directories cleanup\n============================================================\n  name='TimeoutError\n  stack='TimeoutError: Timeout 180000ms exceeded.\n=========================== logs ===========================\n<launching> /opt/google/chrome/chrome --disable-field-trial-config --disable-background-networking --enable-features=NetworkService,NetworkServiceInProcess --disable-background-timer-throttling --disable-backgrounding-occluded-windows --disable-back-forward-cache --disable-breakpad --disable-client-side-phishing-detection --disable-component-extensions-with-background-pages --disable-component-update --no-default-browser-check --disable-default-apps --disable-dev-shm-usage --disable-extensions --disable-features=ImprovedCookieControls,LazyFrameLoading,GlobalMediaControls,DestroyProfileOnBrowserClose,MediaRouter,DialMediaRouteProvider,AcceptCHFrame,AutoExpandDetailsElement,CertificateTransparencyComponentUpdater,AvoidUnnecessaryBeforeUnloadCheckSync,Translate --allow-pre-commit-input --disable-hang-monitor --disable-ipc-flooding-protection --disable-popup-blocking --disable-prompt-on-repost --disable-renderer-backgrounding --disable-sync --force-color-profile=srgb --metrics-recording-only --no-first-run --enable-automation --password-store=basic --use-mock-keychain --no-service-autorun --export-tagged-pdf --no-sandbox --remote-debugging-port=9222 --user-data-dir=/tmp/playwright_chromiumdev_profile-WfHnxB --remote-debugging-pipe --no-startup-window\n<launched> pid=4821\n[pid=4821][err] [4821:4821:0415/095016.753188:ERROR:ozone_platform_x11.cc(239)] Missing X server or $DISPLAY\n[pid=4821][err] [4821:4821:0415/095016.754023:ERROR:env.cc(255)] The platform failed to initialize.  Exiting.\n[pid=4821][err] [0415/095016.769561:ERROR:nacl_helper_linux.cc(355)] NaCl helper process running without a sandbox!\n[pid=4821][err] Most likely you need to configure your SUID sandbox correctly\n[pid=4821] <process did exit: exitCode=1, signal=null>\n[pid=4821] starting temporary directories cleanup\n[pid=4821] finished temporary directories cleanup\n============================================================\n    at ProgressController.run (/tmp/playwright-java-16923863118947392355/package/lib/server/progress.js:88:26)\n    at Chromium.launch (/tmp/playwright-java-16923863118947392355/package/lib/server/browserType.js:63:38)\n    at BrowserTypeDispatcher.launch (/tmp/playwright-java-16923863118947392355/package/lib/server/dispatchers/browserTypeDispatcher.js:35:40)\n    at DispatcherConnection.dispatch (/tmp/playwright-java-16923863118947392355/package/lib/server/dispatchers/dispatcher.js:312:46)\n}","time":{"start":1681552396718,"stop":1681552396719,"duration":1}}]},"tags":[]},"source":"8581ee9f83feb396.json","parameterValues":[]}